New log file opened at Sun May 03 14:24:02 CDT 2015 by 32650@dias11.cs.trinity.edu
jvm 32650@dias11.cs.trinity.edu
jvm vmName=Java HotSpot(TM) 64-Bit Server VM vmVendor=Oracle Corporation vmVersion=25.5-b02
jvm specName=Java Virtual Machine Specification specVendor=Oracle Corporation specVersion=1.8
jvm arguments: [-Xms256m, -Xmx1024m, -XX:MetaspaceSize=64m, -XX:MaxMetaspaceSize=256m]
Starting event engine
Starting sbt command engine
Waiting for sbt command engine
Command engine arguments=List()
Command engine baseDirectory=/users/rbierman/Local/HTML-Documents/ScheduleGuru-Play/scheduleGuru
Command engine initial remaining commands List(--initialize, onFailure load-failed, boot, server-send-ready-for-request, server-handle-next-server-request)
> --initialize
> initialize
> onFailure load-failed
> boot
> reload
[Loading] Scanning directory /users/rbierman/Local/HTML-Documents/ScheduleGuru-Play/scheduleGuru/project
[Loading] Found non-root projects 
[Loading] Done in /users/rbierman/Local/HTML-Documents/ScheduleGuru-Play/scheduleGuru/project, returning: ()
deducing auto plugins based on known facts Set(Atom(sbt.plugins.CorePlugin)) and clauses Clauses(List(Clause(Atom(sbt.plugins.JvmPlugin),Set(Atom(sbt.plugins.IvyPlugin))), Clause(Atom(sbt.plugins.JUnitXmlReportPlugin),Set(Atom(sbt.plugins.JvmPlugin))), Clause(Atom(sbt.plugins.CorePlugin),Set(Atom(sbt.plugins.IvyPlugin))), Clause(Atom(sbt.plugins.IvyPlugin),Set(Atom(sbt.plugins.JvmPlugin))), Clause(Atom(sbt.plugins.JvmPlugin),Set(Atom(sbt.plugins.JUnitXmlReportPlugin)))))
  :: deduced result: Matched(sbt.plugins.CorePlugin,sbt.plugins.IvyPlugin,sbt.plugins.JvmPlugin,sbt.plugins.JUnitXmlReportPlugin)
sorting: ns: List(sbt.plugins.CorePlugin, sbt.plugins.IvyPlugin, sbt.plugins.JvmPlugin, sbt.plugins.JUnitXmlReportPlugin)
  :: sorting:: found: List(sbt.plugins.CorePlugin) not found List(sbt.plugins.IvyPlugin, sbt.plugins.JvmPlugin, sbt.plugins.JUnitXmlReportPlugin)
  :: sorting:: found: List(sbt.plugins.CorePlugin, sbt.plugins.IvyPlugin) not found List(sbt.plugins.JvmPlugin, sbt.plugins.JUnitXmlReportPlugin)
  :: sorting:: found: List(sbt.plugins.CorePlugin, sbt.plugins.IvyPlugin, sbt.plugins.JvmPlugin) not found List(sbt.plugins.JUnitXmlReportPlugin)
  :: sorting:: found: List(sbt.plugins.CorePlugin, sbt.plugins.IvyPlugin, sbt.plugins.JvmPlugin, sbt.plugins.JUnitXmlReportPlugin) not found List()
  :: sorted deduced result: List(sbt.plugins.CorePlugin, sbt.plugins.IvyPlugin, sbt.plugins.JvmPlugin, sbt.plugins.JUnitXmlReportPlugin)
[Loading] Done in /users/rbierman/Local/HTML-Documents/ScheduleGuru-Play/scheduleGuru/project, returning: (scheduleguru-build)
Loading project definition from /users/rbierman/Local/HTML-Documents/ScheduleGuru-Play/scheduleGuru/project
Running task... Cancel: sbt.TaskCancellationStrategy$Null$@69aeaaf8, check cycles: false

Initial source changes: 
	removed:Set()
	added: Set()
	modified: Set()
Removed products: Set()
External API changes: API Changes: Set()
Modified binary dependencies: Set()
Initial directly invalidated sources: Set()

Sources indirectly invalidated by:
	product: Set()
	binary dep: Set()
	external source: Set()
All initially invalidated sources: Set()

Copy resource mappings: 
	
[Loading] Scanning directory /users/rbierman/Local/HTML-Documents/ScheduleGuru-Play/scheduleGuru
[Loading] Found root project root w/ remaining 
deducing auto plugins based on known facts Set(Atom(play.PlayScala), Atom(sbt.plugins.CorePlugin)) and clauses Clauses(List(Clause(Atom(sbt.plugins.JvmPlugin),Set(Atom(sbt.plugins.IvyPlugin))), Clause(Atom(sbt.plugins.JUnitXmlReportPlugin),Set(Atom(sbt.plugins.JvmPlugin))), Clause(Atom(play.Play),Set(Atom(com.typesafe.sbt.webdriver.SbtWebDriver))), Clause(Atom(play.Play),Set(Atom(play.twirl.sbt.SbtTwirl))), Clause(Atom(play.Play),Set(Atom(com.typesafe.sbt.jse.SbtJsTask))), Clause(Atom(play.PlayJava),Set(Atom(play.Play))), Clause(Atom(play.PlayScala),Set(Atom(play.Play))), Clause(Atom(play.twirl.sbt.SbtTwirl),Set(Atom(sbt.plugins.JvmPlugin))), Clause(Atom(com.typesafe.sbt.jse.SbtJsEngine),Set(Atom(com.typesafe.sbt.web.SbtWeb))), Clause(Atom(com.typesafe.sbt.jse.SbtJsTask),Set(Atom(com.typesafe.sbt.jse.SbtJsEngine))), Clause(Atom(com.typesafe.sbt.webdriver.SbtWebDriver),Set(Atom(com.typesafe.sbt.web.SbtWeb))), Clause(Atom(com.typesafe.sbt.coffeescript.SbtCoffeeScript),Set(Atom(com.typesafe.sbt.jse.SbtJsTask))), Clause(Atom(com.typesafe.sbt.less.SbtLess),Set(Atom(com.typesafe.sbt.jse.SbtJsTask))), Clause(Atom(com.typesafe.sbt.jshint.SbtJSHint),Set(Atom(com.typesafe.sbt.jse.SbtJsTask))), Clause(Atom(com.typesafe.sbt.rjs.SbtRjs),Set(Atom(com.typesafe.sbt.jse.SbtJsTask))), Clause(Atom(com.typesafe.sbt.digest.SbtDigest),Set(Atom(com.typesafe.sbt.web.SbtWeb))), Clause(Atom(com.typesafe.sbt.mocha.SbtMocha),Set(Atom(com.typesafe.sbt.jse.SbtJsTask))), Clause(Atom(sbt.plugins.BackgroundRunPlugin),Set(Atom(sbt.plugins.JvmPlugin))), Clause(Atom(play.sbt.forkrun.PlayForkRun),Set(Atom(sbt.plugins.BackgroundRunPlugin))), Clause(Atom(play.sbt.forkrun.PlayForkRun),Set(Atom(play.Play))), Clause(Atom(play.sbt.forkrun.PlayForkRun),Set(Atom(sbt.plugins.SerializersPlugin))), Clause(Atom(sbt.plugins.CorePlugin),Set(Atom(sbt.plugins.IvyPlugin))), Clause(Atom(sbt.plugins.IvyPlugin),Set(Atom(sbt.plugins.JvmPlugin))), Clause(Atom(sbt.plugins.JvmPlugin),Set(Atom(sbt.plugins.JUnitXmlReportPlugin))), Clause(Atom(com.typesafe.sbt.web.SbtWeb),Set(Atom(com.typesafe.sbt.jse.SbtJsEngine))), Clause(Atom(com.typesafe.sbt.jse.SbtJsEngine),Set(Atom(com.typesafe.sbt.jse.SbtJsTask))), Clause(Atom(com.typesafe.sbt.web.SbtWeb),Set(Atom(com.typesafe.sbt.webdriver.SbtWebDriver))), Clause(Atom(com.typesafe.sbt.jse.SbtJsTask),Set(Atom(com.typesafe.sbt.coffeescript.SbtCoffeeScript))), Clause(Atom(com.typesafe.sbt.jse.SbtJsTask),Set(Atom(com.typesafe.sbt.less.SbtLess))), Clause(Atom(com.typesafe.sbt.jse.SbtJsTask),Set(Atom(com.typesafe.sbt.jshint.SbtJSHint))), Clause(Atom(com.typesafe.sbt.jse.SbtJsTask),Set(Atom(com.typesafe.sbt.rjs.SbtRjs))), Clause(Atom(com.typesafe.sbt.web.SbtWeb),Set(Atom(com.typesafe.sbt.digest.SbtDigest))), Clause(Atom(com.typesafe.sbt.jse.SbtJsTask),Set(Atom(com.typesafe.sbt.mocha.SbtMocha))), Clause(Atom(sbt.plugins.JvmPlugin),Set(Atom(sbt.plugins.BackgroundRunPlugin))), Clause(Atom(sbt.plugins.CorePlugin),Set(Atom(sbt.plugins.InteractionServicePlugin))), Clause(Atom(sbt.plugins.CorePlugin),Set(Atom(sbt.plugins.SendEventServicePlugin))), Clause(Atom(sbt.plugins.CorePlugin),Set(Atom(sbt.plugins.SerializersPlugin))), Clause(And(Set(Atom(sbt.plugins.BackgroundRunPlugin), Atom(play.Play), Atom(sbt.plugins.SerializersPlugin))),Set(Atom(play.sbt.forkrun.PlayForkRun)))))
  :: deduced result: Matched(sbt.plugins.CorePlugin,play.PlayScala,sbt.plugins.InteractionServicePlugin,sbt.plugins.SendEventServicePlugin,play.Play,sbt.plugins.SerializersPlugin,sbt.plugins.IvyPlugin,sbt.plugins.JvmPlugin,com.typesafe.sbt.jse.SbtJsTask,play.twirl.sbt.SbtTwirl,com.typesafe.sbt.webdriver.SbtWebDriver,com.typesafe.sbt.jshint.SbtJSHint,sbt.plugins.JUnitXmlReportPlugin,com.typesafe.sbt.mocha.SbtMocha,com.typesafe.sbt.less.SbtLess,com.typesafe.sbt.web.SbtWeb,com.typesafe.sbt.rjs.SbtRjs,com.typesafe.sbt.jse.SbtJsEngine,com.typesafe.sbt.coffeescript.SbtCoffeeScript,sbt.plugins.BackgroundRunPlugin,play.sbt.forkrun.PlayForkRun,com.typesafe.sbt.digest.SbtDigest)
sorting: ns: List(sbt.plugins.CorePlugin, play.PlayScala, sbt.plugins.InteractionServicePlugin, sbt.plugins.SendEventServicePlugin, play.Play, sbt.plugins.SerializersPlugin, sbt.plugins.IvyPlugin, sbt.plugins.JvmPlugin, com.typesafe.sbt.jse.SbtJsTask, play.twirl.sbt.SbtTwirl, com.typesafe.sbt.webdriver.SbtWebDriver, com.typesafe.sbt.jshint.SbtJSHint, sbt.plugins.JUnitXmlReportPlugin, com.typesafe.sbt.mocha.SbtMocha, com.typesafe.sbt.less.SbtLess, com.typesafe.sbt.web.SbtWeb, com.typesafe.sbt.rjs.SbtRjs, com.typesafe.sbt.jse.SbtJsEngine, com.typesafe.sbt.coffeescript.SbtCoffeeScript, sbt.plugins.BackgroundRunPlugin, play.sbt.forkrun.PlayForkRun, com.typesafe.sbt.digest.SbtDigest)
  :: sorting:: found: List(sbt.plugins.CorePlugin, com.typesafe.sbt.web.SbtWeb) not found List(play.PlayScala, sbt.plugins.InteractionServicePlugin, sbt.plugins.SendEventServicePlugin, play.Play, sbt.plugins.SerializersPlugin, sbt.plugins.IvyPlugin, sbt.plugins.JvmPlugin, com.typesafe.sbt.jse.SbtJsTask, play.twirl.sbt.SbtTwirl, com.typesafe.sbt.webdriver.SbtWebDriver, com.typesafe.sbt.jshint.SbtJSHint, sbt.plugins.JUnitXmlReportPlugin, com.typesafe.sbt.mocha.SbtMocha, com.typesafe.sbt.less.SbtLess, com.typesafe.sbt.rjs.SbtRjs, com.typesafe.sbt.jse.SbtJsEngine, com.typesafe.sbt.coffeescript.SbtCoffeeScript, sbt.plugins.BackgroundRunPlugin, play.sbt.forkrun.PlayForkRun, com.typesafe.sbt.digest.SbtDigest)
  :: sorting:: found: List(sbt.plugins.CorePlugin, com.typesafe.sbt.web.SbtWeb, sbt.plugins.InteractionServicePlugin, sbt.plugins.SendEventServicePlugin, sbt.plugins.SerializersPlugin, sbt.plugins.IvyPlugin, com.typesafe.sbt.webdriver.SbtWebDriver, com.typesafe.sbt.jse.SbtJsEngine, com.typesafe.sbt.digest.SbtDigest) not found List(play.PlayScala, play.Play, sbt.plugins.JvmPlugin, com.typesafe.sbt.jse.SbtJsTask, play.twirl.sbt.SbtTwirl, com.typesafe.sbt.jshint.SbtJSHint, sbt.plugins.JUnitXmlReportPlugin, com.typesafe.sbt.mocha.SbtMocha, com.typesafe.sbt.less.SbtLess, com.typesafe.sbt.rjs.SbtRjs, com.typesafe.sbt.coffeescript.SbtCoffeeScript, sbt.plugins.BackgroundRunPlugin, play.sbt.forkrun.PlayForkRun)
  :: sorting:: found: List(sbt.plugins.CorePlugin, com.typesafe.sbt.web.SbtWeb, sbt.plugins.InteractionServicePlugin, sbt.plugins.SendEventServicePlugin, sbt.plugins.SerializersPlugin, sbt.plugins.IvyPlugin, com.typesafe.sbt.webdriver.SbtWebDriver, com.typesafe.sbt.jse.SbtJsEngine, com.typesafe.sbt.digest.SbtDigest, sbt.plugins.JvmPlugin, com.typesafe.sbt.jse.SbtJsTask) not found List(play.PlayScala, play.Play, play.twirl.sbt.SbtTwirl, com.typesafe.sbt.jshint.SbtJSHint, sbt.plugins.JUnitXmlReportPlugin, com.typesafe.sbt.mocha.SbtMocha, com.typesafe.sbt.less.SbtLess, com.typesafe.sbt.rjs.SbtRjs, com.typesafe.sbt.coffeescript.SbtCoffeeScript, sbt.plugins.BackgroundRunPlugin, play.sbt.forkrun.PlayForkRun)
  :: sorting:: found: List(sbt.plugins.CorePlugin, com.typesafe.sbt.web.SbtWeb, sbt.plugins.InteractionServicePlugin, sbt.plugins.SendEventServicePlugin, sbt.plugins.SerializersPlugin, sbt.plugins.IvyPlugin, com.typesafe.sbt.webdriver.SbtWebDriver, com.typesafe.sbt.jse.SbtJsEngine, com.typesafe.sbt.digest.SbtDigest, sbt.plugins.JvmPlugin, com.typesafe.sbt.jse.SbtJsTask, play.twirl.sbt.SbtTwirl, com.typesafe.sbt.jshint.SbtJSHint, sbt.plugins.JUnitXmlReportPlugin, com.typesafe.sbt.mocha.SbtMocha, com.typesafe.sbt.less.SbtLess, com.typesafe.sbt.rjs.SbtRjs, com.typesafe.sbt.coffeescript.SbtCoffeeScript, sbt.plugins.BackgroundRunPlugin) not found List(play.PlayScala, play.Play, play.sbt.forkrun.PlayForkRun)
  :: sorting:: found: List(sbt.plugins.CorePlugin, com.typesafe.sbt.web.SbtWeb, sbt.plugins.InteractionServicePlugin, sbt.plugins.SendEventServicePlugin, sbt.plugins.SerializersPlugin, sbt.plugins.IvyPlugin, com.typesafe.sbt.webdriver.SbtWebDriver, com.typesafe.sbt.jse.SbtJsEngine, com.typesafe.sbt.digest.SbtDigest, sbt.plugins.JvmPlugin, com.typesafe.sbt.jse.SbtJsTask, play.twirl.sbt.SbtTwirl, com.typesafe.sbt.jshint.SbtJSHint, sbt.plugins.JUnitXmlReportPlugin, com.typesafe.sbt.mocha.SbtMocha, com.typesafe.sbt.less.SbtLess, com.typesafe.sbt.rjs.SbtRjs, com.typesafe.sbt.coffeescript.SbtCoffeeScript, sbt.plugins.BackgroundRunPlugin, play.Play) not found List(play.PlayScala, play.sbt.forkrun.PlayForkRun)
  :: sorting:: found: List(sbt.plugins.CorePlugin, com.typesafe.sbt.web.SbtWeb, sbt.plugins.InteractionServicePlugin, sbt.plugins.SendEventServicePlugin, sbt.plugins.SerializersPlugin, sbt.plugins.IvyPlugin, com.typesafe.sbt.webdriver.SbtWebDriver, com.typesafe.sbt.jse.SbtJsEngine, com.typesafe.sbt.digest.SbtDigest, sbt.plugins.JvmPlugin, com.typesafe.sbt.jse.SbtJsTask, play.twirl.sbt.SbtTwirl, com.typesafe.sbt.jshint.SbtJSHint, sbt.plugins.JUnitXmlReportPlugin, com.typesafe.sbt.mocha.SbtMocha, com.typesafe.sbt.less.SbtLess, com.typesafe.sbt.rjs.SbtRjs, com.typesafe.sbt.coffeescript.SbtCoffeeScript, sbt.plugins.BackgroundRunPlugin, play.Play, play.PlayScala, play.sbt.forkrun.PlayForkRun) not found List()
  :: sorted deduced result: List(sbt.plugins.CorePlugin, com.typesafe.sbt.web.SbtWeb, sbt.plugins.InteractionServicePlugin, sbt.plugins.SendEventServicePlugin, sbt.plugins.SerializersPlugin, sbt.plugins.IvyPlugin, com.typesafe.sbt.webdriver.SbtWebDriver, com.typesafe.sbt.jse.SbtJsEngine, com.typesafe.sbt.digest.SbtDigest, sbt.plugins.JvmPlugin, com.typesafe.sbt.jse.SbtJsTask, play.twirl.sbt.SbtTwirl, com.typesafe.sbt.jshint.SbtJSHint, sbt.plugins.JUnitXmlReportPlugin, com.typesafe.sbt.mocha.SbtMocha, com.typesafe.sbt.less.SbtLess, com.typesafe.sbt.rjs.SbtRjs, com.typesafe.sbt.coffeescript.SbtCoffeeScript, sbt.plugins.BackgroundRunPlugin, play.Play, play.PlayScala, play.sbt.forkrun.PlayForkRun)
[Loading] Done in /users/rbierman/Local/HTML-Documents/ScheduleGuru-Play/scheduleGuru, returning: (root)
Set current project to scheduleGuru (in build file:/users/rbierman/Local/HTML-Documents/ScheduleGuru-Play/scheduleGuru/)
Reapplying settings...
Set current project to scheduleGuru (in build file:/users/rbierman/Local/HTML-Documents/ScheduleGuru-Play/scheduleGuru/)
> iflast shell
> server-send-ready-for-request
> server-handle-next-server-request
> compile
Evaluating tasks: compile:compile
Running task... Cancel: sbt.server.ServerTaskCancellation@6ee9e93, check cycles: false

Initial source changes: 
	removed:Set()
	added: Set()
	modified: Set()
Removed products: Set()
External API changes: API Changes: Set()
Modified binary dependencies: Set()
Initial directly invalidated sources: Set()

Sources indirectly invalidated by:
	product: Set()
	binary dep: Set()
	external source: Set()
All initially invalidated sources: Set()

Total time: 1 s, completed May 3, 2015 2:24:10 PM
> server-post-command-cleanup
> server-handle-next-server-request
> {file:/users/rbierman/Local/HTML-Documents/ScheduleGuru-Play/scheduleGuru/}root/compile:discoveredMainClasses
Evaluating tasks: compile:discoveredMainClasses
Running task... Cancel: sbt.server.ServerTaskCancellation@58a9138f, check cycles: false

Initial source changes: 
	removed:Set()
	added: Set()
	modified: Set()
Removed products: Set()
External API changes: API Changes: Set()
Modified binary dependencies: Set()
Initial directly invalidated sources: Set()

Sources indirectly invalidated by:
	product: Set()
	binary dep: Set()
	external source: Set()
All initially invalidated sources: Set()

Total time: 2 s, completed May 3, 2015 2:24:12 PM
> server-post-command-cleanup
> server-handle-next-server-request
> {file:/users/rbierman/Local/HTML-Documents/ScheduleGuru-Play/scheduleGuru/}root/compile:mainClass
Evaluating tasks: compile:mainClass
Running task... Cancel: sbt.server.ServerTaskCancellation@4bbfe13a, check cycles: false
Total time: 0 s, completed May 3, 2015 2:24:12 PM
> server-post-command-cleanup
> server-handle-next-server-request
> {file:/users/rbierman/Local/HTML-Documents/ScheduleGuru-Play/scheduleGuru/}root/compile:discoveredMainClasses
Evaluating tasks: compile:discoveredMainClasses
Running task... Cancel: sbt.server.ServerTaskCancellation@407cb928, check cycles: false

Initial source changes: 
	removed:Set()
	added: Set()
	modified: Set()
Removed products: Set()
External API changes: API Changes: Set()
Modified binary dependencies: Set()
Initial directly invalidated sources: Set()

Sources indirectly invalidated by:
	product: Set()
	binary dep: Set()
	external source: Set()
All initially invalidated sources: Set()

Total time: 0 s, completed May 3, 2015 2:24:12 PM
> server-post-command-cleanup
> server-handle-next-server-request
> compile
Evaluating tasks: compile:compile
Running task... Cancel: sbt.server.ServerTaskCancellation@303f452c, check cycles: false

Initial source changes: 
	removed:Set()
	added: Set(/users/rbierman/Local/HTML-Documents/ScheduleGuru-Play/scheduleGuru/target/scala-2.11/twirl/main/views/html/login.template.scala)
	modified: Set()
Removed products: Set()
External API changes: API Changes: Set()
Modified binary dependencies: Set()
Initial directly invalidated sources: Set(/users/rbierman/Local/HTML-Documents/ScheduleGuru-Play/scheduleGuru/target/scala-2.11/twirl/main/views/html/login.template.scala)

Sources indirectly invalidated by:
	product: Set()
	binary dep: Set()
	external source: Set()
All initially invalidated sources: Set(/users/rbierman/Local/HTML-Documents/ScheduleGuru-Play/scheduleGuru/target/scala-2.11/twirl/main/views/html/login.template.scala)

Read from stdout: Compiling 1 Scala source to /users/rbierman/Local/HTML-Documents/ScheduleGuru-Play/scheduleGuru/target/scala-2.11/classes...
Compiling 1 Scala source to /users/rbierman/Local/HTML-Documents/ScheduleGuru-Play/scheduleGuru/target/scala-2.11/classes...
Getting compiler-interface from component compiler for Scala 2.11.1
Other repositories:
Default repositories:
Getting compiler-interface from component compiler for Scala 2.11.1
Other repositories:
Default repositories:
Running cached compiler 23c5f0ed, interfacing (CompilerInterface) with Scala compiler version 2.11.1
Calling Scala compiler with arguments  (CompilerInterface):
	-deprecation
	-unchecked
	-encoding
	utf8
	-bootclasspath
	/usr/java/jdk1.8.0_05/jre/lib/resources.jar:/usr/java/jdk1.8.0_05/jre/lib/rt.jar:/usr/java/jdk1.8.0_05/jre/lib/sunrsasign.jar:/usr/java/jdk1.8.0_05/jre/lib/jsse.jar:/usr/java/jdk1.8.0_05/jre/lib/jce.jar:/usr/java/jdk1.8.0_05/jre/lib/charsets.jar:/usr/java/jdk1.8.0_05/jre/lib/jfr.jar:/usr/java/jdk1.8.0_05/jre/classes:/users/rbierman/.ivy2/cache/org.scala-lang/scala-library/jars/scala-library-2.11.1.jar
	-classpath
	/users/rbierman/Local/HTML-Documents/ScheduleGuru-Play/scheduleGuru/target/scala-2.11/classes:/users/rbierman/.ivy2/cache/com.typesafe.play/twirl-api_2.11/jars/twirl-api_2.11-1.0.2.jar:/users/rbierman/.ivy2/cache/org.apache.commons/commons-lang3/jars/commons-lang3-3.1.jar:/users/rbierman/.ivy2/cache/org.scala-lang.modules/scala-xml_2.11/bundles/scala-xml_2.11-1.0.1.jar:/users/rbierman/.ivy2/cache/com.typesafe.play/play_2.11/jars/play_2.11-2.3.8.jar:/users/rbierman/.ivy2/cache/com.typesafe.play/build-link/jars/build-link-2.3.8.jar:/users/rbierman/.ivy2/cache/com.typesafe.play/play-exceptions/jars/play-exceptions-2.3.8.jar:/users/rbierman/.ivy2/cache/org.javassist/javassist/bundles/javassist-3.18.2-GA.jar:/users/rbierman/.ivy2/cache/com.typesafe.play/play-iteratees_2.11/jars/play-iteratees_2.11-2.3.8.jar:/users/rbierman/.ivy2/cache/org.scala-stm/scala-stm_2.11/jars/scala-stm_2.11-0.7.jar:/users/rbierman/.ivy2/cache/com.typesafe/config/bundles/config-1.2.1.jar:/users/rbierman/.ivy2/cache/com.typesafe.play/play-json_2.11/jars/play-json_2.11-2.3.8.jar:/users/rbierman/.ivy2/cache/com.typesafe.play/play-functional_2.11/jars/play-functional_2.11-2.3.8.jar:/users/rbierman/.ivy2/cache/com.typesafe.play/play-datacommons_2.11/jars/play-datacommons_2.11-2.3.8.jar:/users/rbierman/.ivy2/cache/joda-time/joda-time/jars/joda-time-2.3.jar:/users/rbierman/.ivy2/cache/org.joda/joda-convert/jars/joda-convert-1.6.jar:/users/rbierman/.ivy2/cache/com.fasterxml.jackson.core/jackson-annotations/bundles/jackson-annotations-2.3.2.jar:/users/rbierman/.ivy2/cache/com.fasterxml.jackson.core/jackson-core/bundles/jackson-core-2.3.2.jar:/users/rbierman/.ivy2/cache/com.fasterxml.jackson.core/jackson-databind/bundles/jackson-databind-2.3.2.jar:/users/rbierman/.ivy2/cache/org.scala-lang/scala-reflect/jars/scala-reflect-2.11.1.jar:/users/rbierman/.ivy2/cache/org.scala-lang.modules/scala-parser-combinators_2.11/bundles/scala-parser-combinators_2.11-1.0.1.jar:/users/rbierman/.ivy2/cache/io.netty/netty/bundles/netty-3.9.3.Final.jar:/users/rbierman/.ivy2/cache/com.typesafe.netty/netty-http-pipelining/jars/netty-http-pipelining-1.1.2.jar:/users/rbierman/.ivy2/cache/org.slf4j/slf4j-api/jars/slf4j-api-1.7.6.jar:/users/rbierman/.ivy2/cache/org.slf4j/jul-to-slf4j/jars/jul-to-slf4j-1.7.6.jar:/users/rbierman/.ivy2/cache/org.slf4j/jcl-over-slf4j/jars/jcl-over-slf4j-1.7.6.jar:/users/rbierman/.ivy2/cache/ch.qos.logback/logback-core/jars/logback-core-1.1.1.jar:/users/rbierman/.ivy2/cache/ch.qos.logback/logback-classic/jars/logback-classic-1.1.1.jar:/users/rbierman/.ivy2/cache/com.typesafe.akka/akka-actor_2.11/jars/akka-actor_2.11-2.3.4.jar:/users/rbierman/.ivy2/cache/com.typesafe.akka/akka-slf4j_2.11/jars/akka-slf4j_2.11-2.3.4.jar:/users/rbierman/.ivy2/cache/commons-codec/commons-codec/jars/commons-codec-1.9.jar:/users/rbierman/.ivy2/cache/xerces/xercesImpl/jars/xercesImpl-2.11.0.jar:/users/rbierman/.ivy2/cache/xml-apis/xml-apis/jars/xml-apis-1.4.01.jar:/users/rbierman/.ivy2/cache/javax.transaction/jta/jars/jta-1.1.jar:/users/rbierman/.ivy2/cache/com.typesafe.play/play-jdbc_2.11/jars/play-jdbc_2.11-2.3.8.jar:/users/rbierman/.ivy2/cache/com.jolbox/bonecp/bundles/bonecp-0.8.0.RELEASE.jar:/users/rbierman/.ivy2/cache/com.h2database/h2/jars/h2-1.3.175.jar:/users/rbierman/.ivy2/cache/tyrex/tyrex/jars/tyrex-1.0.1.jar:/users/rbierman/.ivy2/cache/com.typesafe.play/anorm_2.11/jars/anorm_2.11-2.3.8.jar:/users/rbierman/.ivy2/cache/com.jsuereth/scala-arm_2.11/jars/scala-arm_2.11-1.4.jar:/users/rbierman/.ivy2/cache/org.scala-lang.plugins/scala-continuations-library_2.11/bundles/scala-continuations-library_2.11-1.0.1.jar:/users/rbierman/.ivy2/cache/com.typesafe.play/play-cache_2.11/jars/play-cache_2.11-2.3.8.jar:/users/rbierman/.ivy2/cache/net.sf.ehcache/ehcache-core/jars/ehcache-core-2.6.8.jar:/users/rbierman/.ivy2/cache/com.typesafe.play/play-ws_2.11/jars/play-ws_2.11-2.3.8.jar:/users/rbierman/.ivy2/cache/com.google.guava/guava/bundles/guava-16.0.1.jar:/users/rbierman/.ivy2/cache/com.ning/async-http-client/jars/async-http-client-1.8.15.jar:/users/rbierman/.ivy2/cache/oauth.signpost/signpost-core/jars/signpost-core-1.2.1.2.jar:/users/rbierman/.ivy2/cache/oauth.signpost/signpost-commonshttp4/jars/signpost-commonshttp4-1.2.1.2.jar:/users/rbierman/.ivy2/cache/org.apache.httpcomponents/httpcore/jars/httpcore-4.0.1.jar:/users/rbierman/.ivy2/cache/org.apache.httpcomponents/httpclient/jars/httpclient-4.0.1.jar:/users/rbierman/.ivy2/cache/commons-logging/commons-logging/jars/commons-logging-1.1.1.jar
Read from stdout: /users/rbierman/Local/HTML-Documents/ScheduleGuru-Play/scheduleGuru/app/views/login.scala.html:53: not found: value google
/users/rbierman/Local/HTML-Documents/ScheduleGuru-Play/scheduleGuru/app/views/login.scala.html:53: not found: value google
Read from stdout: <input id="email" name="email" placeholder="guru@google.com" type="text"></input>
            <input id="email" name="email" placeholder="guru@google.com" type="text"></input>
Read from stdout: ^
                                                             ^
Read from stdout: one error found
one error found
Compilation failed (CompilerInterface)
Read from stdout: (compile:compileIncremental) Compilation failed
(compile:31mcompileIncremental0m) Compilation failed
Total time: 7 s, completed May 3, 2015 2:29:05 PM
> server-post-command-error-handler
> server-post-command-cleanup
> server-handle-next-server-request
> compile
Evaluating tasks: compile:compile
Running task... Cancel: sbt.server.ServerTaskCancellation@67b6ff91, check cycles: false

Initial source changes: 
	removed:Set()
	added: Set(/users/rbierman/Local/HTML-Documents/ScheduleGuru-Play/scheduleGuru/target/scala-2.11/twirl/main/views/html/login.template.scala)
	modified: Set()
Removed products: Set()
External API changes: API Changes: Set()
Modified binary dependencies: Set()
Initial directly invalidated sources: Set(/users/rbierman/Local/HTML-Documents/ScheduleGuru-Play/scheduleGuru/target/scala-2.11/twirl/main/views/html/login.template.scala)

Sources indirectly invalidated by:
	product: Set()
	binary dep: Set()
	external source: Set()
All initially invalidated sources: Set(/users/rbierman/Local/HTML-Documents/ScheduleGuru-Play/scheduleGuru/target/scala-2.11/twirl/main/views/html/login.template.scala)

Read from stdout: Compiling 1 Scala source to /users/rbierman/Local/HTML-Documents/ScheduleGuru-Play/scheduleGuru/target/scala-2.11/classes...
Compiling 1 Scala source to /users/rbierman/Local/HTML-Documents/ScheduleGuru-Play/scheduleGuru/target/scala-2.11/classes...
Getting compiler-interface from component compiler for Scala 2.11.1
Other repositories:
Default repositories:
Getting compiler-interface from component compiler for Scala 2.11.1
Other repositories:
Default repositories:
Running cached compiler 73ea33b7, interfacing (CompilerInterface) with Scala compiler version 2.11.1
Calling Scala compiler with arguments  (CompilerInterface):
	-deprecation
	-unchecked
	-encoding
	utf8
	-bootclasspath
	/usr/java/jdk1.8.0_05/jre/lib/resources.jar:/usr/java/jdk1.8.0_05/jre/lib/rt.jar:/usr/java/jdk1.8.0_05/jre/lib/sunrsasign.jar:/usr/java/jdk1.8.0_05/jre/lib/jsse.jar:/usr/java/jdk1.8.0_05/jre/lib/jce.jar:/usr/java/jdk1.8.0_05/jre/lib/charsets.jar:/usr/java/jdk1.8.0_05/jre/lib/jfr.jar:/usr/java/jdk1.8.0_05/jre/classes:/users/rbierman/.ivy2/cache/org.scala-lang/scala-library/jars/scala-library-2.11.1.jar
	-classpath
	/users/rbierman/Local/HTML-Documents/ScheduleGuru-Play/scheduleGuru/target/scala-2.11/classes:/users/rbierman/.ivy2/cache/com.typesafe.play/twirl-api_2.11/jars/twirl-api_2.11-1.0.2.jar:/users/rbierman/.ivy2/cache/org.apache.commons/commons-lang3/jars/commons-lang3-3.1.jar:/users/rbierman/.ivy2/cache/org.scala-lang.modules/scala-xml_2.11/bundles/scala-xml_2.11-1.0.1.jar:/users/rbierman/.ivy2/cache/com.typesafe.play/play_2.11/jars/play_2.11-2.3.8.jar:/users/rbierman/.ivy2/cache/com.typesafe.play/build-link/jars/build-link-2.3.8.jar:/users/rbierman/.ivy2/cache/com.typesafe.play/play-exceptions/jars/play-exceptions-2.3.8.jar:/users/rbierman/.ivy2/cache/org.javassist/javassist/bundles/javassist-3.18.2-GA.jar:/users/rbierman/.ivy2/cache/com.typesafe.play/play-iteratees_2.11/jars/play-iteratees_2.11-2.3.8.jar:/users/rbierman/.ivy2/cache/org.scala-stm/scala-stm_2.11/jars/scala-stm_2.11-0.7.jar:/users/rbierman/.ivy2/cache/com.typesafe/config/bundles/config-1.2.1.jar:/users/rbierman/.ivy2/cache/com.typesafe.play/play-json_2.11/jars/play-json_2.11-2.3.8.jar:/users/rbierman/.ivy2/cache/com.typesafe.play/play-functional_2.11/jars/play-functional_2.11-2.3.8.jar:/users/rbierman/.ivy2/cache/com.typesafe.play/play-datacommons_2.11/jars/play-datacommons_2.11-2.3.8.jar:/users/rbierman/.ivy2/cache/joda-time/joda-time/jars/joda-time-2.3.jar:/users/rbierman/.ivy2/cache/org.joda/joda-convert/jars/joda-convert-1.6.jar:/users/rbierman/.ivy2/cache/com.fasterxml.jackson.core/jackson-annotations/bundles/jackson-annotations-2.3.2.jar:/users/rbierman/.ivy2/cache/com.fasterxml.jackson.core/jackson-core/bundles/jackson-core-2.3.2.jar:/users/rbierman/.ivy2/cache/com.fasterxml.jackson.core/jackson-databind/bundles/jackson-databind-2.3.2.jar:/users/rbierman/.ivy2/cache/org.scala-lang/scala-reflect/jars/scala-reflect-2.11.1.jar:/users/rbierman/.ivy2/cache/org.scala-lang.modules/scala-parser-combinators_2.11/bundles/scala-parser-combinators_2.11-1.0.1.jar:/users/rbierman/.ivy2/cache/io.netty/netty/bundles/netty-3.9.3.Final.jar:/users/rbierman/.ivy2/cache/com.typesafe.netty/netty-http-pipelining/jars/netty-http-pipelining-1.1.2.jar:/users/rbierman/.ivy2/cache/org.slf4j/slf4j-api/jars/slf4j-api-1.7.6.jar:/users/rbierman/.ivy2/cache/org.slf4j/jul-to-slf4j/jars/jul-to-slf4j-1.7.6.jar:/users/rbierman/.ivy2/cache/org.slf4j/jcl-over-slf4j/jars/jcl-over-slf4j-1.7.6.jar:/users/rbierman/.ivy2/cache/ch.qos.logback/logback-core/jars/logback-core-1.1.1.jar:/users/rbierman/.ivy2/cache/ch.qos.logback/logback-classic/jars/logback-classic-1.1.1.jar:/users/rbierman/.ivy2/cache/com.typesafe.akka/akka-actor_2.11/jars/akka-actor_2.11-2.3.4.jar:/users/rbierman/.ivy2/cache/com.typesafe.akka/akka-slf4j_2.11/jars/akka-slf4j_2.11-2.3.4.jar:/users/rbierman/.ivy2/cache/commons-codec/commons-codec/jars/commons-codec-1.9.jar:/users/rbierman/.ivy2/cache/xerces/xercesImpl/jars/xercesImpl-2.11.0.jar:/users/rbierman/.ivy2/cache/xml-apis/xml-apis/jars/xml-apis-1.4.01.jar:/users/rbierman/.ivy2/cache/javax.transaction/jta/jars/jta-1.1.jar:/users/rbierman/.ivy2/cache/com.typesafe.play/play-jdbc_2.11/jars/play-jdbc_2.11-2.3.8.jar:/users/rbierman/.ivy2/cache/com.jolbox/bonecp/bundles/bonecp-0.8.0.RELEASE.jar:/users/rbierman/.ivy2/cache/com.h2database/h2/jars/h2-1.3.175.jar:/users/rbierman/.ivy2/cache/tyrex/tyrex/jars/tyrex-1.0.1.jar:/users/rbierman/.ivy2/cache/com.typesafe.play/anorm_2.11/jars/anorm_2.11-2.3.8.jar:/users/rbierman/.ivy2/cache/com.jsuereth/scala-arm_2.11/jars/scala-arm_2.11-1.4.jar:/users/rbierman/.ivy2/cache/org.scala-lang.plugins/scala-continuations-library_2.11/bundles/scala-continuations-library_2.11-1.0.1.jar:/users/rbierman/.ivy2/cache/com.typesafe.play/play-cache_2.11/jars/play-cache_2.11-2.3.8.jar:/users/rbierman/.ivy2/cache/net.sf.ehcache/ehcache-core/jars/ehcache-core-2.6.8.jar:/users/rbierman/.ivy2/cache/com.typesafe.play/play-ws_2.11/jars/play-ws_2.11-2.3.8.jar:/users/rbierman/.ivy2/cache/com.google.guava/guava/bundles/guava-16.0.1.jar:/users/rbierman/.ivy2/cache/com.ning/async-http-client/jars/async-http-client-1.8.15.jar:/users/rbierman/.ivy2/cache/oauth.signpost/signpost-core/jars/signpost-core-1.2.1.2.jar:/users/rbierman/.ivy2/cache/oauth.signpost/signpost-commonshttp4/jars/signpost-commonshttp4-1.2.1.2.jar:/users/rbierman/.ivy2/cache/org.apache.httpcomponents/httpcore/jars/httpcore-4.0.1.jar:/users/rbierman/.ivy2/cache/org.apache.httpcomponents/httpclient/jars/httpclient-4.0.1.jar:/users/rbierman/.ivy2/cache/commons-logging/commons-logging/jars/commons-logging-1.1.1.jar
Scala compilation took 1.773910964 s
Invalidating /users/rbierman/Local/HTML-Documents/ScheduleGuru-Play/scheduleGuru/target/scala-2.11/twirl/main/views/html/login.template.scala...
Invalidating (transitively) by inheritance from /users/rbierman/Local/HTML-Documents/ScheduleGuru-Play/scheduleGuru/target/scala-2.11/twirl/main/views/html/login.template.scala...
Initial set of included nodes: Set(/users/rbierman/Local/HTML-Documents/ScheduleGuru-Play/scheduleGuru/target/scala-2.11/twirl/main/views/html/login.template.scala)
Invalidated by transitive inheritance dependency: Set(/users/rbierman/Local/HTML-Documents/ScheduleGuru-Play/scheduleGuru/target/scala-2.11/twirl/main/views/html/login.template.scala)
The /users/rbierman/Local/HTML-Documents/ScheduleGuru-Play/scheduleGuru/target/scala-2.11/twirl/main/views/html/login.template.scala source file has the following regular definitions changed:
	notify, format, wait, $asInstanceOf, productArity, equals, asInstanceOf, f, synchronized, _display_, $isInstanceOf, ref, canEqual, productPrefix, notifyAll, readResolve, isInstanceOf, apply, ==, clone, copy, toString, !=, getClass, copy$default$1, login, render, ne, eq, productIterator, ##, finalize, productElement, hashCode.
All member reference dependencies will be considered within this context.
New invalidations:
	Set()
Initial set of included nodes: Set()
Previously invalidated, but (transitively) depend on new invalidations:
	Set()
All newly invalidated sources after taking into account (previously) recompiled sources:Set()
Total time: 3 s, completed May 3, 2015 2:29:34 PM
> server-post-command-cleanup
> server-handle-next-server-request
> backgroundRun
Evaluating tasks: compile:backgroundRun
Running task... Cancel: sbt.server.ServerTaskCancellation@4df6fd9a, check cycles: false
Total time: 0 s, completed May 3, 2015 2:29:35 PM
> server-post-command-cleanup
> server-handle-next-server-request
> {file:/users/rbierman/Local/HTML-Documents/ScheduleGuru-Play/scheduleGuru/}root/*:playForkConfig
Evaluating tasks: *:playForkConfig
Running task... Cancel: sbt.server.ServerTaskCancellation@69415adb, check cycles: false
Total time: 0 s, completed May 3, 2015 2:29:40 PM
> server-post-command-cleanup
> server-handle-next-server-request
> root/playForkNotifyStart http://localhost:9000
Evaluating tasks: *:playForkNotifyStart
Running task... Cancel: sbt.server.ServerTaskCancellation@28b3ea6c, check cycles: false
Total time: 0 s, completed May 3, 2015 2:29:42 PM
> server-post-command-cleanup
> server-handle-next-server-request
> {file:/users/rbierman/Local/HTML-Documents/ScheduleGuru-Play/scheduleGuru/}root/*:playForkReload
Evaluating tasks: *:playForkReload
Running task... Cancel: sbt.server.ServerTaskCancellation@7976e17a, check cycles: false

Initial source changes: 
	removed:Set()
	added: Set()
	modified: Set()
Removed products: Set()
External API changes: API Changes: Set()
Modified binary dependencies: Set()
Initial directly invalidated sources: Set()

Sources indirectly invalidated by:
	product: Set()
	binary dep: Set()
	external source: Set()
All initially invalidated sources: Set()

Copy resource mappings: 
	(/users/rbierman/Local/HTML-Documents/ScheduleGuru-Play/scheduleGuru/conf/routes,/users/rbierman/Local/HTML-Documents/ScheduleGuru-Play/scheduleGuru/target/scala-2.11/classes/routes)
	(/users/rbierman/Local/HTML-Documents/ScheduleGuru-Play/scheduleGuru/conf/application.conf,/users/rbierman/Local/HTML-Documents/ScheduleGuru-Play/scheduleGuru/target/scala-2.11/classes/application.conf)
Total time: 1 s, completed May 3, 2015 2:29:48 PM
> server-post-command-cleanup
> server-handle-next-server-request
> compile
Evaluating tasks: compile:compile
Running task... Cancel: sbt.server.ServerTaskCancellation@7525b32b, check cycles: false

Initial source changes: 
	removed:Set()
	added: Set()
	modified: Set(/users/rbierman/Local/HTML-Documents/ScheduleGuru-Play/scheduleGuru/app/controllers/Application.scala)
Removed products: Set()
External API changes: API Changes: Set()
Modified binary dependencies: Set()
Initial directly invalidated sources: Set(/users/rbierman/Local/HTML-Documents/ScheduleGuru-Play/scheduleGuru/app/controllers/Application.scala)

Sources indirectly invalidated by:
	product: Set()
	binary dep: Set()
	external source: Set()
All initially invalidated sources: Set(/users/rbierman/Local/HTML-Documents/ScheduleGuru-Play/scheduleGuru/app/controllers/Application.scala)

Read from stdout: Compiling 1 Scala source to /users/rbierman/Local/HTML-Documents/ScheduleGuru-Play/scheduleGuru/target/scala-2.11/classes...
Compiling 1 Scala source to /users/rbierman/Local/HTML-Documents/ScheduleGuru-Play/scheduleGuru/target/scala-2.11/classes...
Getting compiler-interface from component compiler for Scala 2.11.1
Other repositories:
Default repositories:
Getting compiler-interface from component compiler for Scala 2.11.1
Other repositories:
Default repositories:
Running cached compiler 6e13f4b7, interfacing (CompilerInterface) with Scala compiler version 2.11.1
Calling Scala compiler with arguments  (CompilerInterface):
	-deprecation
	-unchecked
	-encoding
	utf8
	-bootclasspath
	/usr/java/jdk1.8.0_05/jre/lib/resources.jar:/usr/java/jdk1.8.0_05/jre/lib/rt.jar:/usr/java/jdk1.8.0_05/jre/lib/sunrsasign.jar:/usr/java/jdk1.8.0_05/jre/lib/jsse.jar:/usr/java/jdk1.8.0_05/jre/lib/jce.jar:/usr/java/jdk1.8.0_05/jre/lib/charsets.jar:/usr/java/jdk1.8.0_05/jre/lib/jfr.jar:/usr/java/jdk1.8.0_05/jre/classes:/users/rbierman/.ivy2/cache/org.scala-lang/scala-library/jars/scala-library-2.11.1.jar
	-classpath
	/users/rbierman/Local/HTML-Documents/ScheduleGuru-Play/scheduleGuru/target/scala-2.11/classes:/users/rbierman/.ivy2/cache/com.typesafe.play/twirl-api_2.11/jars/twirl-api_2.11-1.0.2.jar:/users/rbierman/.ivy2/cache/org.apache.commons/commons-lang3/jars/commons-lang3-3.1.jar:/users/rbierman/.ivy2/cache/org.scala-lang.modules/scala-xml_2.11/bundles/scala-xml_2.11-1.0.1.jar:/users/rbierman/.ivy2/cache/com.typesafe.play/play_2.11/jars/play_2.11-2.3.8.jar:/users/rbierman/.ivy2/cache/com.typesafe.play/build-link/jars/build-link-2.3.8.jar:/users/rbierman/.ivy2/cache/com.typesafe.play/play-exceptions/jars/play-exceptions-2.3.8.jar:/users/rbierman/.ivy2/cache/org.javassist/javassist/bundles/javassist-3.18.2-GA.jar:/users/rbierman/.ivy2/cache/com.typesafe.play/play-iteratees_2.11/jars/play-iteratees_2.11-2.3.8.jar:/users/rbierman/.ivy2/cache/org.scala-stm/scala-stm_2.11/jars/scala-stm_2.11-0.7.jar:/users/rbierman/.ivy2/cache/com.typesafe/config/bundles/config-1.2.1.jar:/users/rbierman/.ivy2/cache/com.typesafe.play/play-json_2.11/jars/play-json_2.11-2.3.8.jar:/users/rbierman/.ivy2/cache/com.typesafe.play/play-functional_2.11/jars/play-functional_2.11-2.3.8.jar:/users/rbierman/.ivy2/cache/com.typesafe.play/play-datacommons_2.11/jars/play-datacommons_2.11-2.3.8.jar:/users/rbierman/.ivy2/cache/joda-time/joda-time/jars/joda-time-2.3.jar:/users/rbierman/.ivy2/cache/org.joda/joda-convert/jars/joda-convert-1.6.jar:/users/rbierman/.ivy2/cache/com.fasterxml.jackson.core/jackson-annotations/bundles/jackson-annotations-2.3.2.jar:/users/rbierman/.ivy2/cache/com.fasterxml.jackson.core/jackson-core/bundles/jackson-core-2.3.2.jar:/users/rbierman/.ivy2/cache/com.fasterxml.jackson.core/jackson-databind/bundles/jackson-databind-2.3.2.jar:/users/rbierman/.ivy2/cache/org.scala-lang/scala-reflect/jars/scala-reflect-2.11.1.jar:/users/rbierman/.ivy2/cache/org.scala-lang.modules/scala-parser-combinators_2.11/bundles/scala-parser-combinators_2.11-1.0.1.jar:/users/rbierman/.ivy2/cache/io.netty/netty/bundles/netty-3.9.3.Final.jar:/users/rbierman/.ivy2/cache/com.typesafe.netty/netty-http-pipelining/jars/netty-http-pipelining-1.1.2.jar:/users/rbierman/.ivy2/cache/org.slf4j/slf4j-api/jars/slf4j-api-1.7.6.jar:/users/rbierman/.ivy2/cache/org.slf4j/jul-to-slf4j/jars/jul-to-slf4j-1.7.6.jar:/users/rbierman/.ivy2/cache/org.slf4j/jcl-over-slf4j/jars/jcl-over-slf4j-1.7.6.jar:/users/rbierman/.ivy2/cache/ch.qos.logback/logback-core/jars/logback-core-1.1.1.jar:/users/rbierman/.ivy2/cache/ch.qos.logback/logback-classic/jars/logback-classic-1.1.1.jar:/users/rbierman/.ivy2/cache/com.typesafe.akka/akka-actor_2.11/jars/akka-actor_2.11-2.3.4.jar:/users/rbierman/.ivy2/cache/com.typesafe.akka/akka-slf4j_2.11/jars/akka-slf4j_2.11-2.3.4.jar:/users/rbierman/.ivy2/cache/commons-codec/commons-codec/jars/commons-codec-1.9.jar:/users/rbierman/.ivy2/cache/xerces/xercesImpl/jars/xercesImpl-2.11.0.jar:/users/rbierman/.ivy2/cache/xml-apis/xml-apis/jars/xml-apis-1.4.01.jar:/users/rbierman/.ivy2/cache/javax.transaction/jta/jars/jta-1.1.jar:/users/rbierman/.ivy2/cache/com.typesafe.play/play-jdbc_2.11/jars/play-jdbc_2.11-2.3.8.jar:/users/rbierman/.ivy2/cache/com.jolbox/bonecp/bundles/bonecp-0.8.0.RELEASE.jar:/users/rbierman/.ivy2/cache/com.h2database/h2/jars/h2-1.3.175.jar:/users/rbierman/.ivy2/cache/tyrex/tyrex/jars/tyrex-1.0.1.jar:/users/rbierman/.ivy2/cache/com.typesafe.play/anorm_2.11/jars/anorm_2.11-2.3.8.jar:/users/rbierman/.ivy2/cache/com.jsuereth/scala-arm_2.11/jars/scala-arm_2.11-1.4.jar:/users/rbierman/.ivy2/cache/org.scala-lang.plugins/scala-continuations-library_2.11/bundles/scala-continuations-library_2.11-1.0.1.jar:/users/rbierman/.ivy2/cache/com.typesafe.play/play-cache_2.11/jars/play-cache_2.11-2.3.8.jar:/users/rbierman/.ivy2/cache/net.sf.ehcache/ehcache-core/jars/ehcache-core-2.6.8.jar:/users/rbierman/.ivy2/cache/com.typesafe.play/play-ws_2.11/jars/play-ws_2.11-2.3.8.jar:/users/rbierman/.ivy2/cache/com.google.guava/guava/bundles/guava-16.0.1.jar:/users/rbierman/.ivy2/cache/com.ning/async-http-client/jars/async-http-client-1.8.15.jar:/users/rbierman/.ivy2/cache/oauth.signpost/signpost-core/jars/signpost-core-1.2.1.2.jar:/users/rbierman/.ivy2/cache/oauth.signpost/signpost-commonshttp4/jars/signpost-commonshttp4-1.2.1.2.jar:/users/rbierman/.ivy2/cache/org.apache.httpcomponents/httpcore/jars/httpcore-4.0.1.jar:/users/rbierman/.ivy2/cache/org.apache.httpcomponents/httpclient/jars/httpclient-4.0.1.jar:/users/rbierman/.ivy2/cache/commons-logging/commons-logging/jars/commons-logging-1.1.1.jar

Canceling execution...
Read from stdout: IO error while decoding /users/rbierman/Local/HTML-Documents/ScheduleGuru-Play/scheduleGuru/app/controllers/Application.scala with UTF-8
Read from stdout: Please try specifying another one using the -encoding option
IO error while decoding /users/rbierman/Local/HTML-Documents/ScheduleGuru-Play/scheduleGuru/app/controllers/Application.scala with UTF-8
Please try specifying another one using the -encoding option
Read from stdout: one error found
one error found
Compilation failed (CompilerInterface)
Task java.util.concurrent.ExecutorCompletionService$QueueingFuture@812d2f1 rejected from java.util.concurrent.ThreadPoolExecutor@35f8ca48[Terminated, pool size = 0, active threads = 0, queued tasks = 0, completed tasks = 112]
java.util.concurrent.RejectedExecutionException: Task java.util.concurrent.ExecutorCompletionService$QueueingFuture@812d2f1 rejected from java.util.concurrent.ThreadPoolExecutor@35f8ca48[Terminated, pool size = 0, active threads = 0, queued tasks = 0, completed tasks = 112]
Use 'last' for the full log.
> server-post-command-error-handler
> server-post-command-cleanup
> server-handle-next-server-request
> jobStop 1
Evaluating tasks: *:jobStop
Running task... Cancel: sbt.server.ServerTaskCancellation@140775c, check cycles: false
Total time: 0 s, completed May 3, 2015 2:30:25 PM
> server-post-command-cleanup
> server-handle-next-server-request
> jobStop 1
Evaluating tasks: *:jobStop
Running task... Cancel: sbt.server.ServerTaskCancellation@1d261f4d, check cycles: false
Total time: 0 s, completed May 3, 2015 2:30:25 PM
> server-post-command-cleanup
Exception in thread "sbt-bg-threads-1" java.lang.Error: java.lang.InterruptedException: sleep interrupted
	at java.util.concurrent.ThreadPoolExecutor.runWorker(ThreadPoolExecutor.java:1148)
> server-handle-next-server-request
	at java.util.concurrent.ThreadPoolExecutor$Worker.run(ThreadPoolExecutor.java:617)
	at java.lang.Thread.run(Thread.java:745)
Caused by: java.lang.InterruptedException: sleep interrupted
	at java.lang.Thread.sleep(Native Method)
	at play.sbt.forkrun.PlayForkProcess$.timedWaitFor$1(PlayForkProcess.scala:57)
	at play.sbt.forkrun.PlayForkProcess$.play$sbt$forkrun$PlayForkProcess$$stop$1(PlayForkProcess.scala:64)
	at play.sbt.forkrun.PlayForkProcess$.run(PlayForkProcess.scala:82)
	at play.sbt.forkrun.PlayForkProcess$.apply(PlayForkProcess.scala:34)
	at play.sbt.forkrun.PlayForkRun$$anonfun$backgroundForkRunTask$1$$anonfun$apply$7$$anonfun$apply$8$$anonfun$apply$9.apply(PlayForkRun.scala:108)
	at play.sbt.forkrun.PlayForkRun$$anonfun$backgroundForkRunTask$1$$anonfun$apply$7$$anonfun$apply$8$$anonfun$apply$9.apply(PlayForkRun.scala:107)
	at sbt.BackgroundThreadPool$$anonfun$1.apply$mcV$sp(AbstractBackgroundJobService.scala:134)
	at sbt.BackgroundThreadPool$BackgroundRunnable.run(AbstractBackgroundJobService.scala:68)
	at java.util.concurrent.ThreadPoolExecutor.runWorker(ThreadPoolExecutor.java:1142)
	... 2 more
> backgroundRun
Evaluating tasks: compile:backgroundRun
Running task... Cancel: sbt.server.ServerTaskCancellation@51fc696c, check cycles: false
Total time: 0 s, completed May 3, 2015 2:30:50 PM
> server-post-command-cleanup
> server-handle-next-server-request
> {file:/users/rbierman/Local/HTML-Documents/ScheduleGuru-Play/scheduleGuru/}root/*:playForkConfig
Evaluating tasks: *:playForkConfig
Running task... Cancel: sbt.server.ServerTaskCancellation@12ed6934, check cycles: false
Total time: 0 s, completed May 3, 2015 2:30:53 PM
> server-post-command-cleanup
> server-handle-next-server-request
> root/playForkNotifyStart http://localhost:9000
Evaluating tasks: *:playForkNotifyStart
Running task... Cancel: sbt.server.ServerTaskCancellation@b474084, check cycles: false
Total time: 0 s, completed May 3, 2015 2:30:54 PM
> server-post-command-cleanup
> server-handle-next-server-request
> {file:/users/rbierman/Local/HTML-Documents/ScheduleGuru-Play/scheduleGuru/}root/*:playForkReload
Evaluating tasks: *:playForkReload
Running task... Cancel: sbt.server.ServerTaskCancellation@503adf13, check cycles: false

Initial source changes: 
	removed:Set()
	added: Set()
	modified: Set(/users/rbierman/Local/HTML-Documents/ScheduleGuru-Play/scheduleGuru/app/controllers/Application.scala)
Removed products: Set()
External API changes: API Changes: Set()
Modified binary dependencies: Set()
Initial directly invalidated sources: Set(/users/rbierman/Local/HTML-Documents/ScheduleGuru-Play/scheduleGuru/app/controllers/Application.scala)

Sources indirectly invalidated by:
	product: Set()
	binary dep: Set()
	external source: Set()
All initially invalidated sources: Set(/users/rbierman/Local/HTML-Documents/ScheduleGuru-Play/scheduleGuru/app/controllers/Application.scala)

Read from stdout: Compiling 1 Scala source to /users/rbierman/Local/HTML-Documents/ScheduleGuru-Play/scheduleGuru/target/scala-2.11/classes...
Compiling 1 Scala source to /users/rbierman/Local/HTML-Documents/ScheduleGuru-Play/scheduleGuru/target/scala-2.11/classes...
Getting compiler-interface from component compiler for Scala 2.11.1
Other repositories:
Default repositories:
Getting compiler-interface from component compiler for Scala 2.11.1
Other repositories:
Default repositories:
Running cached compiler 6759e15c, interfacing (CompilerInterface) with Scala compiler version 2.11.1
Calling Scala compiler with arguments  (CompilerInterface):
	-deprecation
	-unchecked
	-encoding
	utf8
	-bootclasspath
	/usr/java/jdk1.8.0_05/jre/lib/resources.jar:/usr/java/jdk1.8.0_05/jre/lib/rt.jar:/usr/java/jdk1.8.0_05/jre/lib/sunrsasign.jar:/usr/java/jdk1.8.0_05/jre/lib/jsse.jar:/usr/java/jdk1.8.0_05/jre/lib/jce.jar:/usr/java/jdk1.8.0_05/jre/lib/charsets.jar:/usr/java/jdk1.8.0_05/jre/lib/jfr.jar:/usr/java/jdk1.8.0_05/jre/classes:/users/rbierman/.ivy2/cache/org.scala-lang/scala-library/jars/scala-library-2.11.1.jar
	-classpath
	/users/rbierman/Local/HTML-Documents/ScheduleGuru-Play/scheduleGuru/target/scala-2.11/classes:/users/rbierman/.ivy2/cache/com.typesafe.play/twirl-api_2.11/jars/twirl-api_2.11-1.0.2.jar:/users/rbierman/.ivy2/cache/org.apache.commons/commons-lang3/jars/commons-lang3-3.1.jar:/users/rbierman/.ivy2/cache/org.scala-lang.modules/scala-xml_2.11/bundles/scala-xml_2.11-1.0.1.jar:/users/rbierman/.ivy2/cache/com.typesafe.play/play_2.11/jars/play_2.11-2.3.8.jar:/users/rbierman/.ivy2/cache/com.typesafe.play/build-link/jars/build-link-2.3.8.jar:/users/rbierman/.ivy2/cache/com.typesafe.play/play-exceptions/jars/play-exceptions-2.3.8.jar:/users/rbierman/.ivy2/cache/org.javassist/javassist/bundles/javassist-3.18.2-GA.jar:/users/rbierman/.ivy2/cache/com.typesafe.play/play-iteratees_2.11/jars/play-iteratees_2.11-2.3.8.jar:/users/rbierman/.ivy2/cache/org.scala-stm/scala-stm_2.11/jars/scala-stm_2.11-0.7.jar:/users/rbierman/.ivy2/cache/com.typesafe/config/bundles/config-1.2.1.jar:/users/rbierman/.ivy2/cache/com.typesafe.play/play-json_2.11/jars/play-json_2.11-2.3.8.jar:/users/rbierman/.ivy2/cache/com.typesafe.play/play-functional_2.11/jars/play-functional_2.11-2.3.8.jar:/users/rbierman/.ivy2/cache/com.typesafe.play/play-datacommons_2.11/jars/play-datacommons_2.11-2.3.8.jar:/users/rbierman/.ivy2/cache/joda-time/joda-time/jars/joda-time-2.3.jar:/users/rbierman/.ivy2/cache/org.joda/joda-convert/jars/joda-convert-1.6.jar:/users/rbierman/.ivy2/cache/com.fasterxml.jackson.core/jackson-annotations/bundles/jackson-annotations-2.3.2.jar:/users/rbierman/.ivy2/cache/com.fasterxml.jackson.core/jackson-core/bundles/jackson-core-2.3.2.jar:/users/rbierman/.ivy2/cache/com.fasterxml.jackson.core/jackson-databind/bundles/jackson-databind-2.3.2.jar:/users/rbierman/.ivy2/cache/org.scala-lang/scala-reflect/jars/scala-reflect-2.11.1.jar:/users/rbierman/.ivy2/cache/org.scala-lang.modules/scala-parser-combinators_2.11/bundles/scala-parser-combinators_2.11-1.0.1.jar:/users/rbierman/.ivy2/cache/io.netty/netty/bundles/netty-3.9.3.Final.jar:/users/rbierman/.ivy2/cache/com.typesafe.netty/netty-http-pipelining/jars/netty-http-pipelining-1.1.2.jar:/users/rbierman/.ivy2/cache/org.slf4j/slf4j-api/jars/slf4j-api-1.7.6.jar:/users/rbierman/.ivy2/cache/org.slf4j/jul-to-slf4j/jars/jul-to-slf4j-1.7.6.jar:/users/rbierman/.ivy2/cache/org.slf4j/jcl-over-slf4j/jars/jcl-over-slf4j-1.7.6.jar:/users/rbierman/.ivy2/cache/ch.qos.logback/logback-core/jars/logback-core-1.1.1.jar:/users/rbierman/.ivy2/cache/ch.qos.logback/logback-classic/jars/logback-classic-1.1.1.jar:/users/rbierman/.ivy2/cache/com.typesafe.akka/akka-actor_2.11/jars/akka-actor_2.11-2.3.4.jar:/users/rbierman/.ivy2/cache/com.typesafe.akka/akka-slf4j_2.11/jars/akka-slf4j_2.11-2.3.4.jar:/users/rbierman/.ivy2/cache/commons-codec/commons-codec/jars/commons-codec-1.9.jar:/users/rbierman/.ivy2/cache/xerces/xercesImpl/jars/xercesImpl-2.11.0.jar:/users/rbierman/.ivy2/cache/xml-apis/xml-apis/jars/xml-apis-1.4.01.jar:/users/rbierman/.ivy2/cache/javax.transaction/jta/jars/jta-1.1.jar:/users/rbierman/.ivy2/cache/com.typesafe.play/play-jdbc_2.11/jars/play-jdbc_2.11-2.3.8.jar:/users/rbierman/.ivy2/cache/com.jolbox/bonecp/bundles/bonecp-0.8.0.RELEASE.jar:/users/rbierman/.ivy2/cache/com.h2database/h2/jars/h2-1.3.175.jar:/users/rbierman/.ivy2/cache/tyrex/tyrex/jars/tyrex-1.0.1.jar:/users/rbierman/.ivy2/cache/com.typesafe.play/anorm_2.11/jars/anorm_2.11-2.3.8.jar:/users/rbierman/.ivy2/cache/com.jsuereth/scala-arm_2.11/jars/scala-arm_2.11-1.4.jar:/users/rbierman/.ivy2/cache/org.scala-lang.plugins/scala-continuations-library_2.11/bundles/scala-continuations-library_2.11-1.0.1.jar:/users/rbierman/.ivy2/cache/com.typesafe.play/play-cache_2.11/jars/play-cache_2.11-2.3.8.jar:/users/rbierman/.ivy2/cache/net.sf.ehcache/ehcache-core/jars/ehcache-core-2.6.8.jar:/users/rbierman/.ivy2/cache/com.typesafe.play/play-ws_2.11/jars/play-ws_2.11-2.3.8.jar:/users/rbierman/.ivy2/cache/com.google.guava/guava/bundles/guava-16.0.1.jar:/users/rbierman/.ivy2/cache/com.ning/async-http-client/jars/async-http-client-1.8.15.jar:/users/rbierman/.ivy2/cache/oauth.signpost/signpost-core/jars/signpost-core-1.2.1.2.jar:/users/rbierman/.ivy2/cache/oauth.signpost/signpost-commonshttp4/jars/signpost-commonshttp4-1.2.1.2.jar:/users/rbierman/.ivy2/cache/org.apache.httpcomponents/httpcore/jars/httpcore-4.0.1.jar:/users/rbierman/.ivy2/cache/org.apache.httpcomponents/httpclient/jars/httpclient-4.0.1.jar:/users/rbierman/.ivy2/cache/commons-logging/commons-logging/jars/commons-logging-1.1.1.jar
Scala compilation took 1.720085803 s
New invalidations:
	Set()
Initial set of included nodes: Set()
Previously invalidated, but (transitively) depend on new invalidations:
	Set()
All newly invalidated sources after taking into account (previously) recompiled sources:Set()
Copy resource mappings: 
	(/users/rbierman/Local/HTML-Documents/ScheduleGuru-Play/scheduleGuru/conf/routes,/users/rbierman/Local/HTML-Documents/ScheduleGuru-Play/scheduleGuru/target/scala-2.11/classes/routes)
	(/users/rbierman/Local/HTML-Documents/ScheduleGuru-Play/scheduleGuru/conf/application.conf,/users/rbierman/Local/HTML-Documents/ScheduleGuru-Play/scheduleGuru/target/scala-2.11/classes/application.conf)
Total time: 2 s, completed May 3, 2015 2:31:08 PM
> server-post-command-cleanup
> server-handle-next-server-request
> {file:/users/rbierman/Local/HTML-Documents/ScheduleGuru-Play/scheduleGuru/}root/*:playForkReload
Evaluating tasks: *:playForkReload
Running task... Cancel: sbt.server.ServerTaskCancellation@2aa9d594, check cycles: false

Initial source changes: 
	removed:Set()
	added: Set()
	modified: Set(/users/rbierman/Local/HTML-Documents/ScheduleGuru-Play/scheduleGuru/target/scala-2.11/twirl/main/views/html/login.template.scala)
Removed products: Set()
External API changes: API Changes: Set()
Modified binary dependencies: Set()
Initial directly invalidated sources: Set(/users/rbierman/Local/HTML-Documents/ScheduleGuru-Play/scheduleGuru/target/scala-2.11/twirl/main/views/html/login.template.scala)

Sources indirectly invalidated by:
	product: Set()
	binary dep: Set()
	external source: Set()
All initially invalidated sources: Set(/users/rbierman/Local/HTML-Documents/ScheduleGuru-Play/scheduleGuru/target/scala-2.11/twirl/main/views/html/login.template.scala)

Read from stdout: Compiling 1 Scala source to /users/rbierman/Local/HTML-Documents/ScheduleGuru-Play/scheduleGuru/target/scala-2.11/classes...
Compiling 1 Scala source to /users/rbierman/Local/HTML-Documents/ScheduleGuru-Play/scheduleGuru/target/scala-2.11/classes...
Getting compiler-interface from component compiler for Scala 2.11.1
Other repositories:
Default repositories:
Getting compiler-interface from component compiler for Scala 2.11.1
Other repositories:
Default repositories:
Running cached compiler 27a36539, interfacing (CompilerInterface) with Scala compiler version 2.11.1
Calling Scala compiler with arguments  (CompilerInterface):
	-deprecation
	-unchecked
	-encoding
	utf8
	-bootclasspath
	/usr/java/jdk1.8.0_05/jre/lib/resources.jar:/usr/java/jdk1.8.0_05/jre/lib/rt.jar:/usr/java/jdk1.8.0_05/jre/lib/sunrsasign.jar:/usr/java/jdk1.8.0_05/jre/lib/jsse.jar:/usr/java/jdk1.8.0_05/jre/lib/jce.jar:/usr/java/jdk1.8.0_05/jre/lib/charsets.jar:/usr/java/jdk1.8.0_05/jre/lib/jfr.jar:/usr/java/jdk1.8.0_05/jre/classes:/users/rbierman/.ivy2/cache/org.scala-lang/scala-library/jars/scala-library-2.11.1.jar
	-classpath
	/users/rbierman/Local/HTML-Documents/ScheduleGuru-Play/scheduleGuru/target/scala-2.11/classes:/users/rbierman/.ivy2/cache/com.typesafe.play/twirl-api_2.11/jars/twirl-api_2.11-1.0.2.jar:/users/rbierman/.ivy2/cache/org.apache.commons/commons-lang3/jars/commons-lang3-3.1.jar:/users/rbierman/.ivy2/cache/org.scala-lang.modules/scala-xml_2.11/bundles/scala-xml_2.11-1.0.1.jar:/users/rbierman/.ivy2/cache/com.typesafe.play/play_2.11/jars/play_2.11-2.3.8.jar:/users/rbierman/.ivy2/cache/com.typesafe.play/build-link/jars/build-link-2.3.8.jar:/users/rbierman/.ivy2/cache/com.typesafe.play/play-exceptions/jars/play-exceptions-2.3.8.jar:/users/rbierman/.ivy2/cache/org.javassist/javassist/bundles/javassist-3.18.2-GA.jar:/users/rbierman/.ivy2/cache/com.typesafe.play/play-iteratees_2.11/jars/play-iteratees_2.11-2.3.8.jar:/users/rbierman/.ivy2/cache/org.scala-stm/scala-stm_2.11/jars/scala-stm_2.11-0.7.jar:/users/rbierman/.ivy2/cache/com.typesafe/config/bundles/config-1.2.1.jar:/users/rbierman/.ivy2/cache/com.typesafe.play/play-json_2.11/jars/play-json_2.11-2.3.8.jar:/users/rbierman/.ivy2/cache/com.typesafe.play/play-functional_2.11/jars/play-functional_2.11-2.3.8.jar:/users/rbierman/.ivy2/cache/com.typesafe.play/play-datacommons_2.11/jars/play-datacommons_2.11-2.3.8.jar:/users/rbierman/.ivy2/cache/joda-time/joda-time/jars/joda-time-2.3.jar:/users/rbierman/.ivy2/cache/org.joda/joda-convert/jars/joda-convert-1.6.jar:/users/rbierman/.ivy2/cache/com.fasterxml.jackson.core/jackson-annotations/bundles/jackson-annotations-2.3.2.jar:/users/rbierman/.ivy2/cache/com.fasterxml.jackson.core/jackson-core/bundles/jackson-core-2.3.2.jar:/users/rbierman/.ivy2/cache/com.fasterxml.jackson.core/jackson-databind/bundles/jackson-databind-2.3.2.jar:/users/rbierman/.ivy2/cache/org.scala-lang/scala-reflect/jars/scala-reflect-2.11.1.jar:/users/rbierman/.ivy2/cache/org.scala-lang.modules/scala-parser-combinators_2.11/bundles/scala-parser-combinators_2.11-1.0.1.jar:/users/rbierman/.ivy2/cache/io.netty/netty/bundles/netty-3.9.3.Final.jar:/users/rbierman/.ivy2/cache/com.typesafe.netty/netty-http-pipelining/jars/netty-http-pipelining-1.1.2.jar:/users/rbierman/.ivy2/cache/org.slf4j/slf4j-api/jars/slf4j-api-1.7.6.jar:/users/rbierman/.ivy2/cache/org.slf4j/jul-to-slf4j/jars/jul-to-slf4j-1.7.6.jar:/users/rbierman/.ivy2/cache/org.slf4j/jcl-over-slf4j/jars/jcl-over-slf4j-1.7.6.jar:/users/rbierman/.ivy2/cache/ch.qos.logback/logback-core/jars/logback-core-1.1.1.jar:/users/rbierman/.ivy2/cache/ch.qos.logback/logback-classic/jars/logback-classic-1.1.1.jar:/users/rbierman/.ivy2/cache/com.typesafe.akka/akka-actor_2.11/jars/akka-actor_2.11-2.3.4.jar:/users/rbierman/.ivy2/cache/com.typesafe.akka/akka-slf4j_2.11/jars/akka-slf4j_2.11-2.3.4.jar:/users/rbierman/.ivy2/cache/commons-codec/commons-codec/jars/commons-codec-1.9.jar:/users/rbierman/.ivy2/cache/xerces/xercesImpl/jars/xercesImpl-2.11.0.jar:/users/rbierman/.ivy2/cache/xml-apis/xml-apis/jars/xml-apis-1.4.01.jar:/users/rbierman/.ivy2/cache/javax.transaction/jta/jars/jta-1.1.jar:/users/rbierman/.ivy2/cache/com.typesafe.play/play-jdbc_2.11/jars/play-jdbc_2.11-2.3.8.jar:/users/rbierman/.ivy2/cache/com.jolbox/bonecp/bundles/bonecp-0.8.0.RELEASE.jar:/users/rbierman/.ivy2/cache/com.h2database/h2/jars/h2-1.3.175.jar:/users/rbierman/.ivy2/cache/tyrex/tyrex/jars/tyrex-1.0.1.jar:/users/rbierman/.ivy2/cache/com.typesafe.play/anorm_2.11/jars/anorm_2.11-2.3.8.jar:/users/rbierman/.ivy2/cache/com.jsuereth/scala-arm_2.11/jars/scala-arm_2.11-1.4.jar:/users/rbierman/.ivy2/cache/org.scala-lang.plugins/scala-continuations-library_2.11/bundles/scala-continuations-library_2.11-1.0.1.jar:/users/rbierman/.ivy2/cache/com.typesafe.play/play-cache_2.11/jars/play-cache_2.11-2.3.8.jar:/users/rbierman/.ivy2/cache/net.sf.ehcache/ehcache-core/jars/ehcache-core-2.6.8.jar:/users/rbierman/.ivy2/cache/com.typesafe.play/play-ws_2.11/jars/play-ws_2.11-2.3.8.jar:/users/rbierman/.ivy2/cache/com.google.guava/guava/bundles/guava-16.0.1.jar:/users/rbierman/.ivy2/cache/com.ning/async-http-client/jars/async-http-client-1.8.15.jar:/users/rbierman/.ivy2/cache/oauth.signpost/signpost-core/jars/signpost-core-1.2.1.2.jar:/users/rbierman/.ivy2/cache/oauth.signpost/signpost-commonshttp4/jars/signpost-commonshttp4-1.2.1.2.jar:/users/rbierman/.ivy2/cache/org.apache.httpcomponents/httpcore/jars/httpcore-4.0.1.jar:/users/rbierman/.ivy2/cache/org.apache.httpcomponents/httpclient/jars/httpclient-4.0.1.jar:/users/rbierman/.ivy2/cache/commons-logging/commons-logging/jars/commons-logging-1.1.1.jar
Scala compilation took 1.371453821 s
New invalidations:
	Set()
Initial set of included nodes: Set()
Previously invalidated, but (transitively) depend on new invalidations:
	Set()
All newly invalidated sources after taking into account (previously) recompiled sources:Set()
Copy resource mappings: 
	(/users/rbierman/Local/HTML-Documents/ScheduleGuru-Play/scheduleGuru/conf/routes,/users/rbierman/Local/HTML-Documents/ScheduleGuru-Play/scheduleGuru/target/scala-2.11/classes/routes)
	(/users/rbierman/Local/HTML-Documents/ScheduleGuru-Play/scheduleGuru/conf/application.conf,/users/rbierman/Local/HTML-Documents/ScheduleGuru-Play/scheduleGuru/target/scala-2.11/classes/application.conf)
Total time: 2 s, completed May 3, 2015 2:34:14 PM
> server-post-command-cleanup
> server-handle-next-server-request
> {file:/users/rbierman/Local/HTML-Documents/ScheduleGuru-Play/scheduleGuru/}root/*:playForkReload
Evaluating tasks: *:playForkReload
Running task... Cancel: sbt.server.ServerTaskCancellation@23115d42, check cycles: false

Initial source changes: 
	removed:Set()
	added: Set()
	modified: Set()
Removed products: Set()
External API changes: API Changes: Set()
Modified binary dependencies: Set()
Initial directly invalidated sources: Set()

Sources indirectly invalidated by:
	product: Set()
	binary dep: Set()
	external source: Set()
All initially invalidated sources: Set()

Copy resource mappings: 
	(/users/rbierman/Local/HTML-Documents/ScheduleGuru-Play/scheduleGuru/conf/routes,/users/rbierman/Local/HTML-Documents/ScheduleGuru-Play/scheduleGuru/target/scala-2.11/classes/routes)
	(/users/rbierman/Local/HTML-Documents/ScheduleGuru-Play/scheduleGuru/conf/application.conf,/users/rbierman/Local/HTML-Documents/ScheduleGuru-Play/scheduleGuru/target/scala-2.11/classes/application.conf)
Total time: 1 s, completed May 3, 2015 2:36:12 PM
> server-post-command-cleanup
> server-handle-next-server-request
> jobStop 2
Evaluating tasks: *:jobStop
Running task... Cancel: sbt.server.ServerTaskCancellation@588d8894, check cycles: false
Total time: 0 s, completed May 3, 2015 2:37:00 PM
> server-post-command-cleanup
> server-handle-next-server-request
> jobStop 2
Evaluating tasks: *:jobStop
Running task... Cancel: sbt.server.ServerTaskCancellation@68700165, check cycles: false
Exception in thread "sbt-bg-threads-3" java.lang.Error: java.lang.InterruptedException: sleep interrupted
	at java.util.concurrent.ThreadPoolExecutor.runWorker(ThreadPoolExecutor.java:1148)
	at java.util.concurrent.ThreadPoolExecutor$Worker.run(ThreadPoolExecutor.java:617)
	at java.lang.Thread.run(Thread.java:745)
Caused by: java.lang.InterruptedException: sleep interrupted
	at java.lang.Thread.sleep(Native Method)
	at play.sbt.forkrun.PlayForkProcess$.timedWaitFor$1(PlayForkProcess.scala:57)
	at play.sbt.forkrun.PlayForkProcess$.play$sbt$forkrun$PlayForkProcess$$stop$1(PlayForkProcess.scala:64)
	at play.sbt.forkrun.PlayForkProcess$.run(PlayForkProcess.scala:82)
	at play.sbt.forkrun.PlayForkProcess$.apply(PlayForkProcess.scala:34)
	at play.sbt.forkrun.PlayForkRun$$anonfun$backgroundForkRunTask$1$$anonfun$apply$7$$anonfun$apply$8$$anonfun$apply$9.apply(PlayForkRun.scala:108)
	at play.sbt.forkrun.PlayForkRun$$anonfun$backgroundForkRunTask$1$$anonfun$apply$7$$anonfun$apply$8$$anonfun$apply$9.apply(PlayForkRun.scala:107)
	at sbt.BackgroundThreadPool$$anonfun$1.apply$mcV$sp(AbstractBackgroundJobService.scala:134)
	at sbt.BackgroundThreadPool$BackgroundRunnable.run(AbstractBackgroundJobService.scala:68)
	at java.util.concurrent.ThreadPoolExecutor.runWorker(ThreadPoolExecutor.java:1142)
	... 2 more
Total time: 0 s, completed May 3, 2015 2:37:04 PM
> server-post-command-cleanup
> server-handle-next-server-request
> backgroundRun
Evaluating tasks: compile:backgroundRun
Running task... Cancel: sbt.server.ServerTaskCancellation@e7fdf43, check cycles: false
Total time: 0 s, completed May 3, 2015 2:37:08 PM
> server-post-command-cleanup
> server-handle-next-server-request
> {file:/users/rbierman/Local/HTML-Documents/ScheduleGuru-Play/scheduleGuru/}root/*:playForkConfig
Evaluating tasks: *:playForkConfig
Running task... Cancel: sbt.server.ServerTaskCancellation@718ba213, check cycles: false
Total time: 0 s, completed May 3, 2015 2:37:13 PM
> server-post-command-cleanup
> server-handle-next-server-request
> root/playForkNotifyStart http://localhost:9000
Evaluating tasks: *:playForkNotifyStart
Running task... Cancel: sbt.server.ServerTaskCancellation@6fd78766, check cycles: false
Total time: 0 s, completed May 3, 2015 2:37:15 PM
> server-post-command-cleanup
> server-handle-next-server-request
> {file:/users/rbierman/Local/HTML-Documents/ScheduleGuru-Play/scheduleGuru/}root/*:playForkReload
Evaluating tasks: *:playForkReload
Running task... Cancel: sbt.server.ServerTaskCancellation@6942c841, check cycles: false

Initial source changes: 
	removed:Set()
	added: Set()
	modified: Set()
Removed products: Set()
External API changes: API Changes: Set()
Modified binary dependencies: Set()
Initial directly invalidated sources: Set()

Sources indirectly invalidated by:
	product: Set()
	binary dep: Set()
	external source: Set()
All initially invalidated sources: Set()

Copy resource mappings: 
	(/users/rbierman/Local/HTML-Documents/ScheduleGuru-Play/scheduleGuru/conf/routes,/users/rbierman/Local/HTML-Documents/ScheduleGuru-Play/scheduleGuru/target/scala-2.11/classes/routes)
	(/users/rbierman/Local/HTML-Documents/ScheduleGuru-Play/scheduleGuru/conf/application.conf,/users/rbierman/Local/HTML-Documents/ScheduleGuru-Play/scheduleGuru/target/scala-2.11/classes/application.conf)
Total time: 1 s, completed May 3, 2015 2:37:21 PM
> server-post-command-cleanup
> server-handle-next-server-request
> jobStop 3
Evaluating tasks: *:jobStop
Running task... Cancel: sbt.server.ServerTaskCancellation@3c686dcc, check cycles: false
Total time: 0 s, completed May 3, 2015 2:38:20 PM
> server-post-command-cleanup
> server-handle-next-server-request
> {file:/users/rbierman/Local/HTML-Documents/ScheduleGuru-Play/scheduleGuru/}root/compile:mainClass
Evaluating tasks: compile:mainClass
Running task... Cancel: sbt.server.ServerTaskCancellation@28c533fb, check cycles: false
Total time: 0 s, completed May 3, 2015 2:39:11 PM
> server-post-command-cleanup
> server-handle-next-server-request
> {file:/users/rbierman/Local/HTML-Documents/ScheduleGuru-Play/scheduleGuru/}root/compile:discoveredMainClasses
Evaluating tasks: compile:discoveredMainClasses
Running task... Cancel: sbt.server.ServerTaskCancellation@6ae8fd0a, check cycles: false

Initial source changes: 
	removed:Set()
	added: Set()
	modified: Set()
Removed products: Set()
External API changes: API Changes: Set()
Modified binary dependencies: Set()
Initial directly invalidated sources: Set()

Sources indirectly invalidated by:
	product: Set()
	binary dep: Set()
	external source: Set()
All initially invalidated sources: Set()

Total time: 0 s, completed May 3, 2015 2:39:11 PM
> server-post-command-cleanup
> server-handle-next-server-request
Done executing sbt server engine, result Right(Exit(0))
Closing listening server socket
Waiting for socket thread
Waiting for request processor thread
Waiting for command engine result
Returning control to sbt launcher with result Exit(0)
Closing the 32650@dias11.cs.trinity.edu logs at Sun May 03 14:39:13 CDT 2015, goodbye.
