New log file opened at Sun May 03 14:39:20 CDT 2015 by 29625@dias11.cs.trinity.edu
Taking next connection to: 33210
New client attempting to connect on port: 35033-33210
  Address = /131.194.63.21:33210
This client on port 35033 has uuid a0c36ed1-d71b-46a1-ada5-0ccb30e4d3b0 configName activator humanReadableName Activator protocolVersion 1 featureTags Vector()
Connected Clients: activator-a0c36ed1-d71b-46a1-ada5-0ccb30e4d3b0
Taking next connection to: 33210
New client attempting to connect on port: 35034-33210
  Address = /131.194.63.21:33210
Handshake exception on socket: 35034
sbt.impl.ipc.HandshakeException: Unable to perform handshake
	at sbt.impl.ipc.Peer.handshake(IPC.scala:46)
	at sbt.impl.ipc.MultiClientServer.<init>(IPC.scala:150)
	at sbt.server.SbtServerSocketHandler$$anon$1.run(SbtServerSocketHandler.scala:43)
Caused by: java.io.EOFException
	at java.io.DataInputStream.readInt(DataInputStream.java:392)
	at sbt.impl.ipc.Peer.receive(IPC.scala:95)
	at sbt.impl.ipc.Peer.handshake(IPC.scala:49)
	... 2 more
Taking next connection to: 33210
New client attempting to connect on port: 35035-33210
  Address = /131.194.63.21:33210
This client on port 35035 has uuid c9843ef7-aca5-4483-a23b-6ade3b37dc00 configName activator humanReadableName Activator protocolVersion 1 featureTags Vector()
Connected Clients: activator-a0c36ed1-d71b-46a1-ada5-0ccb30e4d3b0, activator-c9843ef7-aca5-4483-a23b-6ade3b37dc00
Taking next connection to: 33210
New client attempting to connect on port: 35048-33210
  Address = /131.194.63.21:33210
Handshake exception on socket: 35048
sbt.impl.ipc.HandshakeException: Unable to perform handshake
	at sbt.impl.ipc.Peer.handshake(IPC.scala:46)
	at sbt.impl.ipc.MultiClientServer.<init>(IPC.scala:150)
	at sbt.server.SbtServerSocketHandler$$anon$1.run(SbtServerSocketHandler.scala:43)
Caused by: java.io.EOFException
	at java.io.DataInputStream.readInt(DataInputStream.java:392)
	at sbt.impl.ipc.Peer.receive(IPC.scala:95)
	at sbt.impl.ipc.Peer.handshake(IPC.scala:49)
	... 2 more
Taking next connection to: 33210
New client attempting to connect on port: 35049-33210
  Address = /131.194.63.21:33210
This client on port 35049 has uuid 5274c60f-b5ef-4ddb-8a3f-80ae8cec9656 configName play-fork-run humanReadableName Play Fork Run protocolVersion 1 featureTags Vector()
Connected Clients: activator-a0c36ed1-d71b-46a1-ada5-0ccb30e4d3b0, play-fork-run-5274c60f-b5ef-4ddb-8a3f-80ae8cec9656
Taking next connection to: 33210
Checking to see if clients are empty...
We have 1 non-daemon clients, continuing serving connections.
Taking next connection to: 33210
Checking to see if clients are empty...
We have 1 non-daemon clients, continuing serving connections.
Taking next connection to: 33210
New client attempting to connect on port: 35063-33210
  Address = /131.194.63.21:33210
Handshake exception on socket: 35063
sbt.impl.ipc.HandshakeException: Unable to perform handshake
	at sbt.impl.ipc.Peer.handshake(IPC.scala:46)
	at sbt.impl.ipc.MultiClientServer.<init>(IPC.scala:150)
	at sbt.server.SbtServerSocketHandler$$anon$1.run(SbtServerSocketHandler.scala:43)
Caused by: java.net.SocketException: Connection reset
	at java.net.SocketInputStream.read(SocketInputStream.java:189)
	at java.net.SocketInputStream.read(SocketInputStream.java:121)
	at java.io.BufferedInputStream.fill(BufferedInputStream.java:246)
	at java.io.BufferedInputStream.read(BufferedInputStream.java:265)
	at java.io.DataInputStream.readInt(DataInputStream.java:387)
	at sbt.impl.ipc.Peer.receive(IPC.scala:95)
	at sbt.impl.ipc.Peer.handshake(IPC.scala:49)
	... 2 more
Taking next connection to: 33210
New client attempting to connect on port: 35064-33210
  Address = /131.194.63.21:33210
This client on port 35064 has uuid 9181fc87-51ce-4eda-b8cc-343679f8da52 configName play-fork-run humanReadableName Play Fork Run protocolVersion 1 featureTags Vector()
Connected Clients: activator-a0c36ed1-d71b-46a1-ada5-0ccb30e4d3b0, play-fork-run-9181fc87-51ce-4eda-b8cc-343679f8da52
Taking next connection to: 33210
New client attempting to connect on port: 35126-33210
  Address = /131.194.63.21:33210
Handshake exception on socket: 35126
sbt.impl.ipc.HandshakeException: Unable to perform handshake
	at sbt.impl.ipc.Peer.handshake(IPC.scala:46)
	at sbt.impl.ipc.MultiClientServer.<init>(IPC.scala:150)
	at sbt.server.SbtServerSocketHandler$$anon$1.run(SbtServerSocketHandler.scala:43)
Caused by: java.io.EOFException
	at java.io.DataInputStream.readInt(DataInputStream.java:392)
	at sbt.impl.ipc.Peer.receive(IPC.scala:95)
	at sbt.impl.ipc.Peer.handshake(IPC.scala:49)
	... 2 more
Taking next connection to: 33210
New client attempting to connect on port: 35127-33210
  Address = /131.194.63.21:33210
This client on port 35127 has uuid 5e346582-04ef-4377-a126-a4d8ab29563e configName play-fork-run humanReadableName Play Fork Run protocolVersion 1 featureTags Vector()
Connected Clients: activator-a0c36ed1-d71b-46a1-ada5-0ccb30e4d3b0, play-fork-run-5e346582-04ef-4377-a126-a4d8ab29563e
Taking next connection to: 33210
Checking to see if clients are empty...
We have 1 non-daemon clients, continuing serving connections.
Taking next connection to: 33210
New client attempting to connect on port: 35151-33210
  Address = /131.194.63.21:33210
Handshake exception on socket: 35151
sbt.impl.ipc.HandshakeException: Unable to perform handshake
	at sbt.impl.ipc.Peer.handshake(IPC.scala:46)
	at sbt.impl.ipc.MultiClientServer.<init>(IPC.scala:150)
	at sbt.server.SbtServerSocketHandler$$anon$1.run(SbtServerSocketHandler.scala:43)
Caused by: java.io.EOFException
	at java.io.DataInputStream.readInt(DataInputStream.java:392)
	at sbt.impl.ipc.Peer.receive(IPC.scala:95)
	at sbt.impl.ipc.Peer.handshake(IPC.scala:49)
	... 2 more
Taking next connection to: 33210
New client attempting to connect on port: 35152-33210
  Address = /131.194.63.21:33210
This client on port 35152 has uuid 38eb1c3e-9f44-4c78-9bc7-5a571c781d91 configName play-fork-run humanReadableName Play Fork Run protocolVersion 1 featureTags Vector()
Connected Clients: activator-a0c36ed1-d71b-46a1-ada5-0ccb30e4d3b0, play-fork-run-38eb1c3e-9f44-4c78-9bc7-5a571c781d91
Taking next connection to: 33210
New client attempting to connect on port: 35160-33210
  Address = /131.194.63.21:33210
Handshake exception on socket: 35160
sbt.impl.ipc.HandshakeException: Unable to perform handshake
	at sbt.impl.ipc.Peer.handshake(IPC.scala:46)
	at sbt.impl.ipc.MultiClientServer.<init>(IPC.scala:150)
	at sbt.server.SbtServerSocketHandler$$anon$1.run(SbtServerSocketHandler.scala:43)
Caused by: java.net.SocketException: Connection reset
	at java.net.SocketInputStream.read(SocketInputStream.java:189)
	at java.net.SocketInputStream.read(SocketInputStream.java:121)
	at java.io.BufferedInputStream.fill(BufferedInputStream.java:246)
	at java.io.BufferedInputStream.read(BufferedInputStream.java:265)
	at java.io.DataInputStream.readInt(DataInputStream.java:387)
	at sbt.impl.ipc.Peer.receive(IPC.scala:95)
	at sbt.impl.ipc.Peer.handshake(IPC.scala:49)
	... 2 more
Taking next connection to: 33210
New client attempting to connect on port: 35161-33210
  Address = /131.194.63.21:33210
This client on port 35161 has uuid d5841bd1-a5bb-44d3-94b6-5290e21e0190 configName play-fork-run humanReadableName Play Fork Run protocolVersion 1 featureTags Vector()
Connected Clients: activator-a0c36ed1-d71b-46a1-ada5-0ccb30e4d3b0, play-fork-run-d5841bd1-a5bb-44d3-94b6-5290e21e0190
Taking next connection to: 33210
Checking to see if clients are empty...
We have 1 non-daemon clients, continuing serving connections.
Taking next connection to: 33210
Checking to see if clients are empty...
We have 1 non-daemon clients, continuing serving connections.
Taking next connection to: 33210
Checking to see if clients are empty...
We have 1 non-daemon clients, continuing serving connections.
Taking next connection to: 33210
Checking to see if clients are empty...
We have 1 non-daemon clients, continuing serving connections.
Taking next connection to: 33210
Checking to see if clients are empty...
We have 1 non-daemon clients, continuing serving connections.
Taking next connection to: 33210
Checking to see if clients are empty...
We have 1 non-daemon clients, continuing serving connections.
Taking next connection to: 33210
Checking to see if clients are empty...
We have 1 non-daemon clients, continuing serving connections.
Taking next connection to: 33210
Checking to see if clients are empty...
We have 1 non-daemon clients, continuing serving connections.
Taking next connection to: 33210
Checking to see if clients are empty...
We have 1 non-daemon clients, continuing serving connections.
Taking next connection to: 33210
Checking to see if clients are empty...
We have 1 non-daemon clients, continuing serving connections.
Taking next connection to: 33210
New client attempting to connect on port: 35414-33210
  Address = /131.194.63.21:33210
Handshake exception on socket: 35414
sbt.impl.ipc.HandshakeException: Unable to perform handshake
	at sbt.impl.ipc.Peer.handshake(IPC.scala:46)
	at sbt.impl.ipc.MultiClientServer.<init>(IPC.scala:150)
	at sbt.server.SbtServerSocketHandler$$anon$1.run(SbtServerSocketHandler.scala:43)
Caused by: java.io.EOFException
	at java.io.DataInputStream.readInt(DataInputStream.java:392)
	at sbt.impl.ipc.Peer.receive(IPC.scala:95)
	at sbt.impl.ipc.Peer.handshake(IPC.scala:49)
	... 2 more
Taking next connection to: 33210
New client attempting to connect on port: 35415-33210
  Address = /131.194.63.21:33210
This client on port 35415 has uuid 5d12f75a-2442-4ee8-8f9e-bbd042bf2573 configName play-fork-run humanReadableName Play Fork Run protocolVersion 1 featureTags Vector()
Connected Clients: activator-a0c36ed1-d71b-46a1-ada5-0ccb30e4d3b0, play-fork-run-5d12f75a-2442-4ee8-8f9e-bbd042bf2573
Taking next connection to: 33210
Checking to see if clients are empty...
We have 1 non-daemon clients, continuing serving connections.
Taking next connection to: 33210
Checking to see if clients are empty...
We have 1 non-daemon clients, continuing serving connections.
Taking next connection to: 33210
Checking to see if clients are empty...
We have 1 non-daemon clients, continuing serving connections.
Taking next connection to: 33210
Checking to see if clients are empty...
We have 1 non-daemon clients, continuing serving connections.
Taking next connection to: 33210
Checking to see if clients are empty...
We have 1 non-daemon clients, continuing serving connections.
Taking next connection to: 33210
New client attempting to connect on port: 35516-33210
  Address = /131.194.63.21:33210
Handshake exception on socket: 35516
sbt.impl.ipc.HandshakeException: Unable to perform handshake
	at sbt.impl.ipc.Peer.handshake(IPC.scala:46)
	at sbt.impl.ipc.MultiClientServer.<init>(IPC.scala:150)
	at sbt.server.SbtServerSocketHandler$$anon$1.run(SbtServerSocketHandler.scala:43)
Caused by: java.io.EOFException
	at java.io.DataInputStream.readInt(DataInputStream.java:392)
	at sbt.impl.ipc.Peer.receive(IPC.scala:95)
	at sbt.impl.ipc.Peer.handshake(IPC.scala:49)
	... 2 more
Taking next connection to: 33210
New client attempting to connect on port: 35517-33210
  Address = /131.194.63.21:33210
This client on port 35517 has uuid ea892add-9ad4-4a89-afaf-7156c6c1a67f configName play-fork-run humanReadableName Play Fork Run protocolVersion 1 featureTags Vector()
Connected Clients: activator-a0c36ed1-d71b-46a1-ada5-0ccb30e4d3b0, play-fork-run-ea892add-9ad4-4a89-afaf-7156c6c1a67f
Taking next connection to: 33210
Checking to see if clients are empty...
We have 1 non-daemon clients, continuing serving connections.
Taking next connection to: 33210
Checking to see if clients are empty...
We have 1 non-daemon clients, continuing serving connections.
Taking next connection to: 33210
Checking to see if clients are empty...
We have 1 non-daemon clients, continuing serving connections.
Taking next connection to: 33210
New client attempting to connect on port: 35533-33210
  Address = /131.194.63.21:33210
Handshake exception on socket: 35533
sbt.impl.ipc.HandshakeException: Unable to perform handshake
	at sbt.impl.ipc.Peer.handshake(IPC.scala:46)
	at sbt.impl.ipc.MultiClientServer.<init>(IPC.scala:150)
	at sbt.server.SbtServerSocketHandler$$anon$1.run(SbtServerSocketHandler.scala:43)
Caused by: java.io.EOFException
	at java.io.DataInputStream.readInt(DataInputStream.java:392)
	at sbt.impl.ipc.Peer.receive(IPC.scala:95)
	at sbt.impl.ipc.Peer.handshake(IPC.scala:49)
	... 2 more
Taking next connection to: 33210
New client attempting to connect on port: 35534-33210
  Address = /131.194.63.21:33210
This client on port 35534 has uuid 8a195069-5bf3-4946-920b-aa6a2d3fb7c7 configName play-fork-run humanReadableName Play Fork Run protocolVersion 1 featureTags Vector()
Connected Clients: activator-a0c36ed1-d71b-46a1-ada5-0ccb30e4d3b0, play-fork-run-8a195069-5bf3-4946-920b-aa6a2d3fb7c7
Taking next connection to: 33210
Checking to see if clients are empty...
We have 1 non-daemon clients, continuing serving connections.
Taking next connection to: 33210
Checking to see if clients are empty...
We have 1 non-daemon clients, continuing serving connections.
Taking next connection to: 33210
Checking to see if clients are empty...
We have 1 non-daemon clients, continuing serving connections.
Taking next connection to: 33210
Checking to see if clients are empty...
We have 1 non-daemon clients, continuing serving connections.
Taking next connection to: 33210
Checking to see if clients are empty...
We have 1 non-daemon clients, continuing serving connections.
Taking next connection to: 33210
Checking to see if clients are empty...
We have 1 non-daemon clients, continuing serving connections.
Taking next connection to: 33210
Checking to see if clients are empty...
We have 1 non-daemon clients, continuing serving connections.
Taking next connection to: 33210
Checking to see if clients are empty...
We have 1 non-daemon clients, continuing serving connections.
Taking next connection to: 33210
New client attempting to connect on port: 35590-33210
  Address = /131.194.63.21:33210
Handshake exception on socket: 35590
sbt.impl.ipc.HandshakeException: Unable to perform handshake
	at sbt.impl.ipc.Peer.handshake(IPC.scala:46)
	at sbt.impl.ipc.MultiClientServer.<init>(IPC.scala:150)
	at sbt.server.SbtServerSocketHandler$$anon$1.run(SbtServerSocketHandler.scala:43)
Caused by: java.io.EOFException
	at java.io.DataInputStream.readInt(DataInputStream.java:392)
	at sbt.impl.ipc.Peer.receive(IPC.scala:95)
	at sbt.impl.ipc.Peer.handshake(IPC.scala:49)
	... 2 more
Taking next connection to: 33210
New client attempting to connect on port: 35591-33210
  Address = /131.194.63.21:33210
This client on port 35591 has uuid 5ee8bd63-fb35-4ae3-a699-7e6fbfa0c4fd configName play-fork-run humanReadableName Play Fork Run protocolVersion 1 featureTags Vector()
Connected Clients: activator-a0c36ed1-d71b-46a1-ada5-0ccb30e4d3b0, play-fork-run-5ee8bd63-fb35-4ae3-a699-7e6fbfa0c4fd
Taking next connection to: 33210
Checking to see if clients are empty...
We have 1 non-daemon clients, continuing serving connections.
Taking next connection to: 33210
New client attempting to connect on port: 35602-33210
  Address = /131.194.63.21:33210
Handshake exception on socket: 35602
sbt.impl.ipc.HandshakeException: Unable to perform handshake
	at sbt.impl.ipc.Peer.handshake(IPC.scala:46)
	at sbt.impl.ipc.MultiClientServer.<init>(IPC.scala:150)
	at sbt.server.SbtServerSocketHandler$$anon$1.run(SbtServerSocketHandler.scala:43)
Caused by: java.io.EOFException
	at java.io.DataInputStream.readInt(DataInputStream.java:392)
	at sbt.impl.ipc.Peer.receive(IPC.scala:95)
	at sbt.impl.ipc.Peer.handshake(IPC.scala:49)
	... 2 more
Taking next connection to: 33210
New client attempting to connect on port: 35603-33210
  Address = /131.194.63.21:33210
This client on port 35603 has uuid 30247a63-0999-40f4-8e26-dbe8be84ce7e configName play-fork-run humanReadableName Play Fork Run protocolVersion 1 featureTags Vector()
Connected Clients: activator-a0c36ed1-d71b-46a1-ada5-0ccb30e4d3b0, play-fork-run-30247a63-0999-40f4-8e26-dbe8be84ce7e
Taking next connection to: 33210
New client attempting to connect on port: 35619-33210
  Address = /131.194.63.21:33210
Handshake exception on socket: 35619
sbt.impl.ipc.HandshakeException: Unable to perform handshake
	at sbt.impl.ipc.Peer.handshake(IPC.scala:46)
	at sbt.impl.ipc.MultiClientServer.<init>(IPC.scala:150)
	at sbt.server.SbtServerSocketHandler$$anon$1.run(SbtServerSocketHandler.scala:43)
Caused by: java.io.EOFException
	at java.io.DataInputStream.readInt(DataInputStream.java:392)
	at sbt.impl.ipc.Peer.receive(IPC.scala:95)
	at sbt.impl.ipc.Peer.handshake(IPC.scala:49)
	... 2 more
Taking next connection to: 33210
New client attempting to connect on port: 35620-33210
  Address = /131.194.63.21:33210
This client on port 35620 has uuid e00b4fa5-2923-4c39-b26b-bc5277dbf51a configName play-fork-run humanReadableName Play Fork Run protocolVersion 1 featureTags Vector()
Connected Clients: activator-a0c36ed1-d71b-46a1-ada5-0ccb30e4d3b0, play-fork-run-e00b4fa5-2923-4c39-b26b-bc5277dbf51a
Taking next connection to: 33210
Checking to see if clients are empty...
We have 1 non-daemon clients, continuing serving connections.
Taking next connection to: 33210
Checking to see if clients are empty...
We have 1 non-daemon clients, continuing serving connections.
Taking next connection to: 33210
Checking to see if clients are empty...
We have 1 non-daemon clients, continuing serving connections.
Taking next connection to: 33210
Checking to see if clients are empty...
We have 1 non-daemon clients, continuing serving connections.
Taking next connection to: 33210
New client attempting to connect on port: 35668-33210
  Address = /131.194.63.21:33210
Handshake exception on socket: 35668
sbt.impl.ipc.HandshakeException: Unable to perform handshake
	at sbt.impl.ipc.Peer.handshake(IPC.scala:46)
	at sbt.impl.ipc.MultiClientServer.<init>(IPC.scala:150)
	at sbt.server.SbtServerSocketHandler$$anon$1.run(SbtServerSocketHandler.scala:43)
Caused by: java.net.SocketException: Connection reset
	at java.net.SocketInputStream.read(SocketInputStream.java:189)
	at java.net.SocketInputStream.read(SocketInputStream.java:121)
	at java.io.BufferedInputStream.fill(BufferedInputStream.java:246)
	at java.io.BufferedInputStream.read(BufferedInputStream.java:265)
	at java.io.DataInputStream.readInt(DataInputStream.java:387)
	at sbt.impl.ipc.Peer.receive(IPC.scala:95)
	at sbt.impl.ipc.Peer.handshake(IPC.scala:49)
	... 2 more
Taking next connection to: 33210
New client attempting to connect on port: 35669-33210
  Address = /131.194.63.21:33210
This client on port 35669 has uuid daebe98d-42c4-43e9-af54-23d2ae90c0d9 configName play-fork-run humanReadableName Play Fork Run protocolVersion 1 featureTags Vector()
Connected Clients: activator-a0c36ed1-d71b-46a1-ada5-0ccb30e4d3b0, play-fork-run-daebe98d-42c4-43e9-af54-23d2ae90c0d9
Taking next connection to: 33210
Checking to see if clients are empty...
We have 1 non-daemon clients, continuing serving connections.
Taking next connection to: 33210
Checking to see if clients are empty...
We have 1 non-daemon clients, continuing serving connections.
Taking next connection to: 33210
Checking to see if clients are empty...
We have 1 non-daemon clients, continuing serving connections.
Taking next connection to: 33210
New client attempting to connect on port: 35691-33210
  Address = /131.194.63.21:33210
Handshake exception on socket: 35691
sbt.impl.ipc.HandshakeException: Unable to perform handshake
	at sbt.impl.ipc.Peer.handshake(IPC.scala:46)
	at sbt.impl.ipc.MultiClientServer.<init>(IPC.scala:150)
	at sbt.server.SbtServerSocketHandler$$anon$1.run(SbtServerSocketHandler.scala:43)
Caused by: java.net.SocketException: Connection reset
	at java.net.SocketInputStream.read(SocketInputStream.java:189)
	at java.net.SocketInputStream.read(SocketInputStream.java:121)
	at java.io.BufferedInputStream.fill(BufferedInputStream.java:246)
	at java.io.BufferedInputStream.read(BufferedInputStream.java:265)
	at java.io.DataInputStream.readInt(DataInputStream.java:387)
	at sbt.impl.ipc.Peer.receive(IPC.scala:95)
	at sbt.impl.ipc.Peer.handshake(IPC.scala:49)
	... 2 more
Taking next connection to: 33210
New client attempting to connect on port: 35692-33210
  Address = /131.194.63.21:33210
This client on port 35692 has uuid de4006ab-e276-4d64-a33b-1e98771ff798 configName play-fork-run humanReadableName Play Fork Run protocolVersion 1 featureTags Vector()
Connected Clients: activator-a0c36ed1-d71b-46a1-ada5-0ccb30e4d3b0, play-fork-run-de4006ab-e276-4d64-a33b-1e98771ff798
Taking next connection to: 33210
Checking to see if clients are empty...
We have 1 non-daemon clients, continuing serving connections.
Taking next connection to: 33210
New client attempting to connect on port: 35701-33210
  Address = /131.194.63.21:33210
Handshake exception on socket: 35701
sbt.impl.ipc.HandshakeException: Unable to perform handshake
	at sbt.impl.ipc.Peer.handshake(IPC.scala:46)
	at sbt.impl.ipc.MultiClientServer.<init>(IPC.scala:150)
	at sbt.server.SbtServerSocketHandler$$anon$1.run(SbtServerSocketHandler.scala:43)
Caused by: java.io.EOFException
	at java.io.DataInputStream.readInt(DataInputStream.java:392)
	at sbt.impl.ipc.Peer.receive(IPC.scala:95)
	at sbt.impl.ipc.Peer.handshake(IPC.scala:49)
	... 2 more
Taking next connection to: 33210
New client attempting to connect on port: 35702-33210
  Address = /131.194.63.21:33210
This client on port 35702 has uuid ab94b38a-c281-42ed-a2fd-30838406e4f8 configName play-fork-run humanReadableName Play Fork Run protocolVersion 1 featureTags Vector()
Connected Clients: activator-a0c36ed1-d71b-46a1-ada5-0ccb30e4d3b0, play-fork-run-ab94b38a-c281-42ed-a2fd-30838406e4f8
Taking next connection to: 33210
New client attempting to connect on port: 35704-33210
  Address = /131.194.63.21:33210
Handshake exception on socket: 35704
sbt.impl.ipc.HandshakeException: Unable to perform handshake
	at sbt.impl.ipc.Peer.handshake(IPC.scala:46)
	at sbt.impl.ipc.MultiClientServer.<init>(IPC.scala:150)
	at sbt.server.SbtServerSocketHandler$$anon$1.run(SbtServerSocketHandler.scala:43)
Caused by: java.net.SocketException: Connection reset
	at java.net.SocketInputStream.read(SocketInputStream.java:189)
	at java.net.SocketInputStream.read(SocketInputStream.java:121)
	at java.io.BufferedInputStream.fill(BufferedInputStream.java:246)
	at java.io.BufferedInputStream.read(BufferedInputStream.java:265)
	at java.io.DataInputStream.readInt(DataInputStream.java:387)
	at sbt.impl.ipc.Peer.receive(IPC.scala:95)
	at sbt.impl.ipc.Peer.handshake(IPC.scala:49)
	... 2 more
Taking next connection to: 33210
New client attempting to connect on port: 35705-33210
  Address = /131.194.63.21:33210
This client on port 35705 has uuid 25a1500e-f065-4f60-ab9c-ffbf0528d72b configName play-fork-run humanReadableName Play Fork Run protocolVersion 1 featureTags Vector()
Connected Clients: activator-a0c36ed1-d71b-46a1-ada5-0ccb30e4d3b0, play-fork-run-25a1500e-f065-4f60-ab9c-ffbf0528d72b
Taking next connection to: 33210
New client attempting to connect on port: 35707-33210
  Address = /131.194.63.21:33210
Handshake exception on socket: 35707
sbt.impl.ipc.HandshakeException: Unable to perform handshake
	at sbt.impl.ipc.Peer.handshake(IPC.scala:46)
	at sbt.impl.ipc.MultiClientServer.<init>(IPC.scala:150)
	at sbt.server.SbtServerSocketHandler$$anon$1.run(SbtServerSocketHandler.scala:43)
Caused by: java.io.EOFException
	at java.io.DataInputStream.readInt(DataInputStream.java:392)
	at sbt.impl.ipc.Peer.receive(IPC.scala:95)
	at sbt.impl.ipc.Peer.handshake(IPC.scala:49)
	... 2 more
Taking next connection to: 33210
New client attempting to connect on port: 35708-33210
  Address = /131.194.63.21:33210
This client on port 35708 has uuid 836d24cd-3f3c-462a-894a-cd7a9948a534 configName play-fork-run humanReadableName Play Fork Run protocolVersion 1 featureTags Vector()
Connected Clients: activator-a0c36ed1-d71b-46a1-ada5-0ccb30e4d3b0, play-fork-run-836d24cd-3f3c-462a-894a-cd7a9948a534
Taking next connection to: 33210
New client attempting to connect on port: 35709-33210
  Address = /131.194.63.21:33210
Handshake exception on socket: 35709
sbt.impl.ipc.HandshakeException: Unable to perform handshake
	at sbt.impl.ipc.Peer.handshake(IPC.scala:46)
	at sbt.impl.ipc.MultiClientServer.<init>(IPC.scala:150)
	at sbt.server.SbtServerSocketHandler$$anon$1.run(SbtServerSocketHandler.scala:43)
Caused by: java.io.EOFException
	at java.io.DataInputStream.readInt(DataInputStream.java:392)
	at sbt.impl.ipc.Peer.receive(IPC.scala:95)
	at sbt.impl.ipc.Peer.handshake(IPC.scala:49)
	... 2 more
Taking next connection to: 33210
New client attempting to connect on port: 35710-33210
  Address = /131.194.63.21:33210
This client on port 35710 has uuid ea76dc2a-8aa7-4eed-9ada-3d384f4fefd7 configName play-fork-run humanReadableName Play Fork Run protocolVersion 1 featureTags Vector()
Connected Clients: activator-a0c36ed1-d71b-46a1-ada5-0ccb30e4d3b0, play-fork-run-ea76dc2a-8aa7-4eed-9ada-3d384f4fefd7
Taking next connection to: 33210
New client attempting to connect on port: 35711-33210
  Address = /131.194.63.21:33210
Handshake exception on socket: 35711
sbt.impl.ipc.HandshakeException: Unable to perform handshake
	at sbt.impl.ipc.Peer.handshake(IPC.scala:46)
	at sbt.impl.ipc.MultiClientServer.<init>(IPC.scala:150)
	at sbt.server.SbtServerSocketHandler$$anon$1.run(SbtServerSocketHandler.scala:43)
Caused by: java.net.SocketException: Connection reset
	at java.net.SocketInputStream.read(SocketInputStream.java:189)
	at java.net.SocketInputStream.read(SocketInputStream.java:121)
	at java.io.BufferedInputStream.fill(BufferedInputStream.java:246)
	at java.io.BufferedInputStream.read(BufferedInputStream.java:265)
	at java.io.DataInputStream.readInt(DataInputStream.java:387)
	at sbt.impl.ipc.Peer.receive(IPC.scala:95)
	at sbt.impl.ipc.Peer.handshake(IPC.scala:49)
	... 2 more
Taking next connection to: 33210
New client attempting to connect on port: 35712-33210
  Address = /131.194.63.21:33210
This client on port 35712 has uuid f4118121-96ba-4688-9620-30217a19b091 configName play-fork-run humanReadableName Play Fork Run protocolVersion 1 featureTags Vector()
Connected Clients: activator-a0c36ed1-d71b-46a1-ada5-0ccb30e4d3b0, play-fork-run-f4118121-96ba-4688-9620-30217a19b091
Taking next connection to: 33210
New client attempting to connect on port: 35713-33210
  Address = /131.194.63.21:33210
Handshake exception on socket: 35713
sbt.impl.ipc.HandshakeException: Unable to perform handshake
	at sbt.impl.ipc.Peer.handshake(IPC.scala:46)
	at sbt.impl.ipc.MultiClientServer.<init>(IPC.scala:150)
	at sbt.server.SbtServerSocketHandler$$anon$1.run(SbtServerSocketHandler.scala:43)
Caused by: java.net.SocketException: Connection reset
	at java.net.SocketInputStream.read(SocketInputStream.java:189)
	at java.net.SocketInputStream.read(SocketInputStream.java:121)
	at java.io.BufferedInputStream.fill(BufferedInputStream.java:246)
	at java.io.BufferedInputStream.read(BufferedInputStream.java:265)
	at java.io.DataInputStream.readInt(DataInputStream.java:387)
	at sbt.impl.ipc.Peer.receive(IPC.scala:95)
	at sbt.impl.ipc.Peer.handshake(IPC.scala:49)
	... 2 more
Taking next connection to: 33210
New client attempting to connect on port: 35714-33210
  Address = /131.194.63.21:33210
This client on port 35714 has uuid e95a8303-6a3c-44f0-848d-397ca723bbec configName play-fork-run humanReadableName Play Fork Run protocolVersion 1 featureTags Vector()
Connected Clients: activator-a0c36ed1-d71b-46a1-ada5-0ccb30e4d3b0, play-fork-run-e95a8303-6a3c-44f0-848d-397ca723bbec
Taking next connection to: 33210
New client attempting to connect on port: 35715-33210
  Address = /131.194.63.21:33210
Handshake exception on socket: 35715
sbt.impl.ipc.HandshakeException: Unable to perform handshake
	at sbt.impl.ipc.Peer.handshake(IPC.scala:46)
	at sbt.impl.ipc.MultiClientServer.<init>(IPC.scala:150)
	at sbt.server.SbtServerSocketHandler$$anon$1.run(SbtServerSocketHandler.scala:43)
Caused by: java.io.EOFException
	at java.io.DataInputStream.readInt(DataInputStream.java:392)
	at sbt.impl.ipc.Peer.receive(IPC.scala:95)
	at sbt.impl.ipc.Peer.handshake(IPC.scala:49)
	... 2 more
Taking next connection to: 33210
New client attempting to connect on port: 35716-33210
  Address = /131.194.63.21:33210
This client on port 35716 has uuid dcc2b0ac-fe7d-46c9-9201-4e721449771e configName play-fork-run humanReadableName Play Fork Run protocolVersion 1 featureTags Vector()
Connected Clients: activator-a0c36ed1-d71b-46a1-ada5-0ccb30e4d3b0, play-fork-run-dcc2b0ac-fe7d-46c9-9201-4e721449771e
Taking next connection to: 33210
New client attempting to connect on port: 35717-33210
  Address = /131.194.63.21:33210
Handshake exception on socket: 35717
sbt.impl.ipc.HandshakeException: Unable to perform handshake
	at sbt.impl.ipc.Peer.handshake(IPC.scala:46)
	at sbt.impl.ipc.MultiClientServer.<init>(IPC.scala:150)
	at sbt.server.SbtServerSocketHandler$$anon$1.run(SbtServerSocketHandler.scala:43)
Caused by: java.net.SocketException: Connection reset
	at java.net.SocketInputStream.read(SocketInputStream.java:189)
	at java.net.SocketInputStream.read(SocketInputStream.java:121)
	at java.io.BufferedInputStream.fill(BufferedInputStream.java:246)
	at java.io.BufferedInputStream.read(BufferedInputStream.java:265)
	at java.io.DataInputStream.readInt(DataInputStream.java:387)
	at sbt.impl.ipc.Peer.receive(IPC.scala:95)
	at sbt.impl.ipc.Peer.handshake(IPC.scala:49)
	... 2 more
Taking next connection to: 33210
New client attempting to connect on port: 35718-33210
  Address = /131.194.63.21:33210
This client on port 35718 has uuid 8f2c9c54-b828-4cea-9eee-ab76269cc989 configName play-fork-run humanReadableName Play Fork Run protocolVersion 1 featureTags Vector()
Connected Clients: activator-a0c36ed1-d71b-46a1-ada5-0ccb30e4d3b0, play-fork-run-8f2c9c54-b828-4cea-9eee-ab76269cc989
Taking next connection to: 33210
New client attempting to connect on port: 35720-33210
  Address = /131.194.63.21:33210
Handshake exception on socket: 35720
sbt.impl.ipc.HandshakeException: Unable to perform handshake
	at sbt.impl.ipc.Peer.handshake(IPC.scala:46)
	at sbt.impl.ipc.MultiClientServer.<init>(IPC.scala:150)
	at sbt.server.SbtServerSocketHandler$$anon$1.run(SbtServerSocketHandler.scala:43)
Caused by: java.net.SocketException: Connection reset
	at java.net.SocketInputStream.read(SocketInputStream.java:189)
	at java.net.SocketInputStream.read(SocketInputStream.java:121)
	at java.io.BufferedInputStream.fill(BufferedInputStream.java:246)
	at java.io.BufferedInputStream.read(BufferedInputStream.java:265)
	at java.io.DataInputStream.readInt(DataInputStream.java:387)
	at sbt.impl.ipc.Peer.receive(IPC.scala:95)
	at sbt.impl.ipc.Peer.handshake(IPC.scala:49)
	... 2 more
Taking next connection to: 33210
New client attempting to connect on port: 35721-33210
  Address = /131.194.63.21:33210
This client on port 35721 has uuid 96584710-060d-46cc-8683-efa6f5498aac configName play-fork-run humanReadableName Play Fork Run protocolVersion 1 featureTags Vector()
Connected Clients: activator-a0c36ed1-d71b-46a1-ada5-0ccb30e4d3b0, play-fork-run-96584710-060d-46cc-8683-efa6f5498aac
Taking next connection to: 33210
Checking to see if clients are empty...
We have 1 non-daemon clients, continuing serving connections.
Taking next connection to: 33210
New client attempting to connect on port: 35727-33210
  Address = /131.194.63.21:33210
Handshake exception on socket: 35727
sbt.impl.ipc.HandshakeException: Unable to perform handshake
	at sbt.impl.ipc.Peer.handshake(IPC.scala:46)
	at sbt.impl.ipc.MultiClientServer.<init>(IPC.scala:150)
	at sbt.server.SbtServerSocketHandler$$anon$1.run(SbtServerSocketHandler.scala:43)
Caused by: java.io.EOFException
	at java.io.DataInputStream.readInt(DataInputStream.java:392)
	at sbt.impl.ipc.Peer.receive(IPC.scala:95)
	at sbt.impl.ipc.Peer.handshake(IPC.scala:49)
	... 2 more
Taking next connection to: 33210
New client attempting to connect on port: 35728-33210
  Address = /131.194.63.21:33210
This client on port 35728 has uuid ab4dbcdb-f784-4752-b46d-333e9cd54cfa configName play-fork-run humanReadableName Play Fork Run protocolVersion 1 featureTags Vector()
Connected Clients: activator-a0c36ed1-d71b-46a1-ada5-0ccb30e4d3b0, play-fork-run-ab4dbcdb-f784-4752-b46d-333e9cd54cfa
Taking next connection to: 33210
New client attempting to connect on port: 35729-33210
  Address = /131.194.63.21:33210
Handshake exception on socket: 35729
sbt.impl.ipc.HandshakeException: Unable to perform handshake
	at sbt.impl.ipc.Peer.handshake(IPC.scala:46)
	at sbt.impl.ipc.MultiClientServer.<init>(IPC.scala:150)
	at sbt.server.SbtServerSocketHandler$$anon$1.run(SbtServerSocketHandler.scala:43)
Caused by: java.io.EOFException
	at java.io.DataInputStream.readInt(DataInputStream.java:392)
	at sbt.impl.ipc.Peer.receive(IPC.scala:95)
	at sbt.impl.ipc.Peer.handshake(IPC.scala:49)
	... 2 more
Taking next connection to: 33210
New client attempting to connect on port: 35730-33210
  Address = /131.194.63.21:33210
This client on port 35730 has uuid b4a3f28d-6e26-4bcf-b74c-7abc26751dad configName play-fork-run humanReadableName Play Fork Run protocolVersion 1 featureTags Vector()
Connected Clients: activator-a0c36ed1-d71b-46a1-ada5-0ccb30e4d3b0, play-fork-run-b4a3f28d-6e26-4bcf-b74c-7abc26751dad
Taking next connection to: 33210
Checking to see if clients are empty...
We have 1 non-daemon clients, continuing serving connections.
Taking next connection to: 33210
Checking to see if clients are empty...
No non-daemon clients connected after 3 min. Shutting down.
1 daemon clients are connected.
Server socket thread exiting.
1 clients open, will close them...
All client sockets have been closed.
Closing the 29625@dias11.cs.trinity.edu logs at Sun May 03 17:09:43 CDT 2015, goodbye.
