New log file opened at Sun May 03 14:47:21 CDT 2015 by 29625@dias11.cs.trinity.edu
Sending msg to client play-fork-run-9181fc87-51ce-4eda-b8cc-343679f8da52: DetachedLogEvent(LogMessage(debug,sbt server socket logs are in: /users/rbierman/Local/HTML-Documents/ScheduleGuru-Play/scheduleGuru/.sbtserver/connections/master.log))
Sending msg to client play-fork-run-9181fc87-51ce-4eda-b8cc-343679f8da52: DetachedLogEvent(LogMessage(debug,sbt general server logs are in: /users/rbierman/Local/HTML-Documents/ScheduleGuru-Play/scheduleGuru/.sbtserver/master.log))
Sending msg to client play-fork-run-9181fc87-51ce-4eda-b8cc-343679f8da52: DetachedLogEvent(LogMessage(debug,sbt client logs are in: /users/rbierman/Local/HTML-Documents/ScheduleGuru-Play/scheduleGuru/.sbtserver/connections/play-fork-run-9181fc87-51ce-4eda-b8cc-343679f8da52.log))
Reading next message from client.
Got request: DaemonRequest(true)
Reading next message from client.
Sending msg to client play-fork-run-9181fc87-51ce-4eda-b8cc-343679f8da52: (3,ReceivedResponse())
Got request: ListenToEvents()
Reading next message from client.
Sending msg to client play-fork-run-9181fc87-51ce-4eda-b8cc-343679f8da52: BackgroundJobStarted(12,BackgroundJobInfo(2,backgroundRun,AttributeKey[sbt.BackgroundJobHandle]("backgroundRun") in Scope(Build: file:/users/rbierman/Local/HTML-Documents/ScheduleGuru-Play/scheduleGuru/, , Project: ProjectReference(file:/users/rbierman/Local/HTML-Documents/ScheduleGuru-Play/scheduleGuru/,root), Config: compile)))
Sending msg to client play-fork-run-9181fc87-51ce-4eda-b8cc-343679f8da52: BackgroundJobStarted(6,BackgroundJobInfo(1,backgroundRun,AttributeKey[sbt.BackgroundJobHandle]("backgroundRun") in Scope(Build: file:/users/rbierman/Local/HTML-Documents/ScheduleGuru-Play/scheduleGuru/, , Project: ProjectReference(file:/users/rbierman/Local/HTML-Documents/ScheduleGuru-Play/scheduleGuru/,root), Config: compile)))
Sending msg to client play-fork-run-9181fc87-51ce-4eda-b8cc-343679f8da52: (4,ReceivedResponse())
Got request: KeyLookupRequest(root/playForkConfig)
Reading next message from client.
Sending msg to client play-fork-run-9181fc87-51ce-4eda-b8cc-343679f8da52: (5,KeyLookupResponse(root/playForkConfig,Vector(AttributeKey[play.forkrun.protocol.ForkConfig]("playForkConfig") in Scope(Build: file:/users/rbierman/Local/HTML-Documents/ScheduleGuru-Play/scheduleGuru/, , Project: ProjectReference(file:/users/rbierman/Local/HTML-Documents/ScheduleGuru-Play/scheduleGuru/,root)))))
Got request: ListenToValue(AttributeKey[play.forkrun.protocol.ForkConfig]("playForkConfig") in Scope(Build: file:/users/rbierman/Local/HTML-Documents/ScheduleGuru-Play/scheduleGuru/, , Project: ProjectReference(file:/users/rbierman/Local/HTML-Documents/ScheduleGuru-Play/scheduleGuru/,root)))
Reading next message from client.
Sending msg to client play-fork-run-9181fc87-51ce-4eda-b8cc-343679f8da52: (6,ReceivedResponse())
Got request: KeyExecutionRequest(AttributeKey[play.forkrun.protocol.ForkConfig]("playForkConfig") in Scope(Build: file:/users/rbierman/Local/HTML-Documents/ScheduleGuru-Play/scheduleGuru/, , Project: ProjectReference(file:/users/rbierman/Local/HTML-Documents/ScheduleGuru-Play/scheduleGuru/,root)))
Reading next message from client.
Sending msg to client play-fork-run-9181fc87-51ce-4eda-b8cc-343679f8da52: (7,ExecutionRequestReceived(13))
Sending msg to client play-fork-run-9181fc87-51ce-4eda-b8cc-343679f8da52: ExecutionWaiting(13,{file:/users/rbierman/Local/HTML-Documents/ScheduleGuru-Play/scheduleGuru/}root/*:playForkConfig,ClientInfo(9181fc87-51ce-4eda-b8cc-343679f8da52,play-fork-run,Play Fork Run,1,Vector()))
Sending msg to client play-fork-run-9181fc87-51ce-4eda-b8cc-343679f8da52: ExecutionStarting(13)
Sending msg to client play-fork-run-9181fc87-51ce-4eda-b8cc-343679f8da52: DetachedLogEvent(LogMessage(debug,> {file:/users/rbierman/Local/HTML-Documents/ScheduleGuru-Play/scheduleGuru/}root/*:playForkConfig))
Sending msg to client play-fork-run-9181fc87-51ce-4eda-b8cc-343679f8da52: DetachedLogEvent(LogMessage(debug,Evaluating tasks: *:playForkConfig))
Sending msg to client play-fork-run-9181fc87-51ce-4eda-b8cc-343679f8da52: DetachedLogEvent(LogMessage(debug,Running task... Cancel: sbt.server.ServerTaskCancellation@575ba326, check cycles: false))
Sending msg to client play-fork-run-9181fc87-51ce-4eda-b8cc-343679f8da52: DetachedLogEvent(LogMessage(debug,cancel strategy start enabled=true lastCommand=Some(LastCommand(CommandExecutionWork(ExecutionId(13),{file:/users/rbierman/Local/HTML-Documents/ScheduleGuru-Play/scheduleGuru/}root/*:playForkConfig,Set(LiveClient(play-fork-run 9181fc87-51ce-4eda-b8cc-343679f8da52)),sbt.server.WorkCancellationStatus$$anon$1@6c6e6af7)))))
Sending msg to client play-fork-run-9181fc87-51ce-4eda-b8cc-343679f8da52: TaskStarted(13,1000,None)
Sending msg to client play-fork-run-9181fc87-51ce-4eda-b8cc-343679f8da52: TaskStarted(13,1013,None)
Sending msg to client play-fork-run-9181fc87-51ce-4eda-b8cc-343679f8da52: TaskStarted(13,1014,None)
Sending msg to client play-fork-run-9181fc87-51ce-4eda-b8cc-343679f8da52: TaskStarted(13,1018,Some(AttributeKey[java.lang.String]("updateCacheName") in Scope(Build: file:/users/rbierman/Local/HTML-Documents/ScheduleGuru-Play/scheduleGuru/, , Project: ProjectReference(file:/users/rbierman/Local/HTML-Documents/ScheduleGuru-Play/scheduleGuru/,root))))
Sending msg to client play-fork-run-9181fc87-51ce-4eda-b8cc-343679f8da52: TaskStarted(13,1019,Some(AttributeKey[boolean]("skip") in Scope(Global)))
Sending msg to client play-fork-run-9181fc87-51ce-4eda-b8cc-343679f8da52: TaskStarted(13,1021,None)
Sending msg to client play-fork-run-9181fc87-51ce-4eda-b8cc-343679f8da52: TaskStarted(13,1022,None)
Sending msg to client play-fork-run-9181fc87-51ce-4eda-b8cc-343679f8da52: TaskStarted(13,1029,Some(AttributeKey[scala.collection.Seq[sbt.Credentials]]("credentials") in Scope(Global)))
Sending msg to client play-fork-run-9181fc87-51ce-4eda-b8cc-343679f8da52: TaskStarted(13,1034,Some(AttributeKey[scala.Option[scala.collection.Seq[sbt.Resolver]]]("bootResolvers") in Scope(Build: file:/users/rbierman/Local/HTML-Documents/ScheduleGuru-Play/scheduleGuru/, , Project: ProjectReference(file:/users/rbierman/Local/HTML-Documents/ScheduleGuru-Play/scheduleGuru/,root))))
Sending msg to client play-fork-run-9181fc87-51ce-4eda-b8cc-343679f8da52: TaskStarted(13,1038,Some(AttributeKey[scala.collection.Seq[sbt.Resolver]]("externalResolvers") in Scope(Build: file:/users/rbierman/Local/HTML-Documents/ScheduleGuru-Play/scheduleGuru/, , Project: ProjectReference(file:/users/rbierman/Local/HTML-Documents/ScheduleGuru-Play/scheduleGuru/,root))))
Sending msg to client play-fork-run-9181fc87-51ce-4eda-b8cc-343679f8da52: TaskStarted(13,1040,None)
Sending msg to client play-fork-run-9181fc87-51ce-4eda-b8cc-343679f8da52: TaskStarted(13,1041,None)
Sending msg to client play-fork-run-9181fc87-51ce-4eda-b8cc-343679f8da52: TaskStarted(13,1046,Some(AttributeKey[scala.Tuple2[java.lang.String,java.io.File]]("playPrefixAndAssets") in Scope(Build: file:/users/rbierman/Local/HTML-Documents/ScheduleGuru-Play/scheduleGuru/, , Project: ProjectReference(file:/users/rbierman/Local/HTML-Documents/ScheduleGuru-Play/scheduleGuru/,root))))
Sending msg to client play-fork-run-9181fc87-51ce-4eda-b8cc-343679f8da52: TaskStarted(13,1050,Some(AttributeKey[scala.collection.Seq[java.lang.String]]("javaOptions") in Scope(Global)))
Sending msg to client play-fork-run-9181fc87-51ce-4eda-b8cc-343679f8da52: TaskFinished(13,1000,None,true,None)
Sending msg to client play-fork-run-9181fc87-51ce-4eda-b8cc-343679f8da52: TaskStarted(13,999,None)
Sending msg to client play-fork-run-9181fc87-51ce-4eda-b8cc-343679f8da52: TaskStarted(13,1003,None)
Sending msg to client play-fork-run-9181fc87-51ce-4eda-b8cc-343679f8da52: TaskStarted(13,1017,None)
Sending msg to client play-fork-run-9181fc87-51ce-4eda-b8cc-343679f8da52: TaskStarted(13,1023,None)
Sending msg to client play-fork-run-9181fc87-51ce-4eda-b8cc-343679f8da52: TaskStarted(13,1030,None)
Sending msg to client play-fork-run-9181fc87-51ce-4eda-b8cc-343679f8da52: TaskStarted(13,1032,None)
Sending msg to client play-fork-run-9181fc87-51ce-4eda-b8cc-343679f8da52: TaskStarted(13,1037,None)
Sending msg to client play-fork-run-9181fc87-51ce-4eda-b8cc-343679f8da52: TaskStarted(13,1043,None)
Sending msg to client play-fork-run-9181fc87-51ce-4eda-b8cc-343679f8da52: TaskFinished(13,1013,None,true,None)
Sending msg to client play-fork-run-9181fc87-51ce-4eda-b8cc-343679f8da52: TaskStarted(13,1012,Some(AttributeKey[sbt.BuildStructure]("buildStructure") in Scope(Global)))
Sending msg to client play-fork-run-9181fc87-51ce-4eda-b8cc-343679f8da52: TaskStarted(13,1039,Some(AttributeKey[java.io.File]("dependencyCacheDirectory") in Scope(Build: file:/users/rbierman/Local/HTML-Documents/ScheduleGuru-Play/scheduleGuru/, , Project: ProjectReference(file:/users/rbierman/Local/HTML-Documents/ScheduleGuru-Play/scheduleGuru/,root))))
Sending msg to client play-fork-run-9181fc87-51ce-4eda-b8cc-343679f8da52: TaskStarted(13,1051,Some(AttributeKey[scala.collection.Seq[java.lang.String]]("playMonitoredFiles") in Scope(Build: file:/users/rbierman/Local/HTML-Documents/ScheduleGuru-Play/scheduleGuru/, , Project: ProjectReference(file:/users/rbierman/Local/HTML-Documents/ScheduleGuru-Play/scheduleGuru/,root))))
Sending msg to client play-fork-run-9181fc87-51ce-4eda-b8cc-343679f8da52: TaskFinished(13,1018,Some(AttributeKey[java.lang.String]("updateCacheName") in Scope(Build: file:/users/rbierman/Local/HTML-Documents/ScheduleGuru-Play/scheduleGuru/, , Project: ProjectReference(file:/users/rbierman/Local/HTML-Documents/ScheduleGuru-Play/scheduleGuru/,root))),true,None)
Sending msg to client play-fork-run-9181fc87-51ce-4eda-b8cc-343679f8da52: TaskFinished(13,1019,Some(AttributeKey[boolean]("skip") in Scope(Global)),true,None)
Sending msg to client play-fork-run-9181fc87-51ce-4eda-b8cc-343679f8da52: TaskFinished(13,1014,None,true,None)
Sending msg to client play-fork-run-9181fc87-51ce-4eda-b8cc-343679f8da52: TaskFinished(13,1021,None,true,None)
Sending msg to client play-fork-run-9181fc87-51ce-4eda-b8cc-343679f8da52: TaskFinished(13,1022,None,true,None)
Sending msg to client play-fork-run-9181fc87-51ce-4eda-b8cc-343679f8da52: TaskStarted(13,1020,Some(AttributeKey[scala.collection.Seq[sbt.UpdateReport]]("transitiveUpdate") in Scope(Build: file:/users/rbierman/Local/HTML-Documents/ScheduleGuru-Play/scheduleGuru/, , Project: ProjectReference(file:/users/rbierman/Local/HTML-Documents/ScheduleGuru-Play/scheduleGuru/,root))))
Sending msg to client play-fork-run-9181fc87-51ce-4eda-b8cc-343679f8da52: TaskFinished(13,1029,Some(AttributeKey[scala.collection.Seq[sbt.Credentials]]("credentials") in Scope(Global)),true,None)
Sending msg to client play-fork-run-9181fc87-51ce-4eda-b8cc-343679f8da52: TaskFinished(13,1034,Some(AttributeKey[scala.Option[scala.collection.Seq[sbt.Resolver]]]("bootResolvers") in Scope(Build: file:/users/rbierman/Local/HTML-Documents/ScheduleGuru-Play/scheduleGuru/, , Project: ProjectReference(file:/users/rbierman/Local/HTML-Documents/ScheduleGuru-Play/scheduleGuru/,root))),true,None)
Sending msg to client play-fork-run-9181fc87-51ce-4eda-b8cc-343679f8da52: TaskFinished(13,1038,Some(AttributeKey[scala.collection.Seq[sbt.Resolver]]("externalResolvers") in Scope(Build: file:/users/rbierman/Local/HTML-Documents/ScheduleGuru-Play/scheduleGuru/, , Project: ProjectReference(file:/users/rbierman/Local/HTML-Documents/ScheduleGuru-Play/scheduleGuru/,root))),true,None)
Sending msg to client play-fork-run-9181fc87-51ce-4eda-b8cc-343679f8da52: TaskFinished(13,1040,None,true,None)
Sending msg to client play-fork-run-9181fc87-51ce-4eda-b8cc-343679f8da52: TaskFinished(13,1041,None,true,None)
Sending msg to client play-fork-run-9181fc87-51ce-4eda-b8cc-343679f8da52: TaskFinished(13,1046,Some(AttributeKey[scala.Tuple2[java.lang.String,java.io.File]]("playPrefixAndAssets") in Scope(Build: file:/users/rbierman/Local/HTML-Documents/ScheduleGuru-Play/scheduleGuru/, , Project: ProjectReference(file:/users/rbierman/Local/HTML-Documents/ScheduleGuru-Play/scheduleGuru/,root))),true,None)
Sending msg to client play-fork-run-9181fc87-51ce-4eda-b8cc-343679f8da52: TaskStarted(13,1048,None)
Sending msg to client play-fork-run-9181fc87-51ce-4eda-b8cc-343679f8da52: TaskFinished(13,1050,Some(AttributeKey[scala.collection.Seq[java.lang.String]]("javaOptions") in Scope(Global)),true,None)
Sending msg to client play-fork-run-9181fc87-51ce-4eda-b8cc-343679f8da52: TaskFinished(13,999,None,true,None)
Sending msg to client play-fork-run-9181fc87-51ce-4eda-b8cc-343679f8da52: TaskFinished(13,1003,None,true,None)
Sending msg to client play-fork-run-9181fc87-51ce-4eda-b8cc-343679f8da52: TaskFinished(13,1017,None,true,None)
Sending msg to client play-fork-run-9181fc87-51ce-4eda-b8cc-343679f8da52: TaskStarted(13,1016,Some(AttributeKey[scala.collection.immutable.Map[sbt.ModuleID,sbt.SourcePosition]]("dependencyPositions") in Scope(Build: file:/users/rbierman/Local/HTML-Documents/ScheduleGuru-Play/scheduleGuru/, , Project: ProjectReference(file:/users/rbierman/Local/HTML-Documents/ScheduleGuru-Play/scheduleGuru/,root))))
Sending msg to client play-fork-run-9181fc87-51ce-4eda-b8cc-343679f8da52: TaskFinished(13,1023,None,true,None)
Sending msg to client play-fork-run-9181fc87-51ce-4eda-b8cc-343679f8da52: TaskFinished(13,1030,None,true,None)
Sending msg to client play-fork-run-9181fc87-51ce-4eda-b8cc-343679f8da52: TaskFinished(13,1032,None,true,None)
Sending msg to client play-fork-run-9181fc87-51ce-4eda-b8cc-343679f8da52: TaskFinished(13,1037,None,true,None)
Sending msg to client play-fork-run-9181fc87-51ce-4eda-b8cc-343679f8da52: TaskFinished(13,1043,None,true,None)
Sending msg to client play-fork-run-9181fc87-51ce-4eda-b8cc-343679f8da52: TaskFinished(13,1012,Some(AttributeKey[sbt.BuildStructure]("buildStructure") in Scope(Global)),true,None)
Sending msg to client play-fork-run-9181fc87-51ce-4eda-b8cc-343679f8da52: TaskStarted(13,1011,Some(AttributeKey[sbt.Settings[sbt.Scope]]("settingsData") in Scope(Global)))
Sending msg to client play-fork-run-9181fc87-51ce-4eda-b8cc-343679f8da52: TaskFinished(13,1039,Some(AttributeKey[java.io.File]("dependencyCacheDirectory") in Scope(Build: file:/users/rbierman/Local/HTML-Documents/ScheduleGuru-Play/scheduleGuru/, , Project: ProjectReference(file:/users/rbierman/Local/HTML-Documents/ScheduleGuru-Play/scheduleGuru/,root))),true,None)
Sending msg to client play-fork-run-9181fc87-51ce-4eda-b8cc-343679f8da52: TaskFinished(13,1051,Some(AttributeKey[scala.collection.Seq[java.lang.String]]("playMonitoredFiles") in Scope(Build: file:/users/rbierman/Local/HTML-Documents/ScheduleGuru-Play/scheduleGuru/, , Project: ProjectReference(file:/users/rbierman/Local/HTML-Documents/ScheduleGuru-Play/scheduleGuru/,root))),true,None)
Sending msg to client play-fork-run-9181fc87-51ce-4eda-b8cc-343679f8da52: TaskFinished(13,1020,Some(AttributeKey[scala.collection.Seq[sbt.UpdateReport]]("transitiveUpdate") in Scope(Build: file:/users/rbierman/Local/HTML-Documents/ScheduleGuru-Play/scheduleGuru/, , Project: ProjectReference(file:/users/rbierman/Local/HTML-Documents/ScheduleGuru-Play/scheduleGuru/,root))),true,None)
Sending msg to client play-fork-run-9181fc87-51ce-4eda-b8cc-343679f8da52: TaskFinished(13,1048,None,true,None)
Sending msg to client play-fork-run-9181fc87-51ce-4eda-b8cc-343679f8da52: TaskStarted(13,1047,None)
Sending msg to client play-fork-run-9181fc87-51ce-4eda-b8cc-343679f8da52: TaskFinished(13,1011,Some(AttributeKey[sbt.Settings[sbt.Scope]]("settingsData") in Scope(Global)),true,None)
Sending msg to client play-fork-run-9181fc87-51ce-4eda-b8cc-343679f8da52: TaskStarted(13,1010,None)
Sending msg to client play-fork-run-9181fc87-51ce-4eda-b8cc-343679f8da52: TaskStarted(13,1027,Some(AttributeKey[scala.collection.Seq[sbt.ModuleID]]("projectDependencies") in Scope(Build: file:/users/rbierman/Local/HTML-Documents/ScheduleGuru-Play/scheduleGuru/, , Project: ProjectReference(file:/users/rbierman/Local/HTML-Documents/ScheduleGuru-Play/scheduleGuru/,root))))
Sending msg to client play-fork-run-9181fc87-51ce-4eda-b8cc-343679f8da52: TaskStarted(13,1036,Some(AttributeKey[scala.collection.immutable.Map[org.apache.ivy.core.module.id.ModuleRevisionId,org.apache.ivy.core.module.descriptor.ModuleDescriptor]]("projectDescriptors") in Scope(Build: file:/users/rbierman/Local/HTML-Documents/ScheduleGuru-Play/scheduleGuru/, , Project: ProjectReference(file:/users/rbierman/Local/HTML-Documents/ScheduleGuru-Play/scheduleGuru/,root))))
Sending msg to client play-fork-run-9181fc87-51ce-4eda-b8cc-343679f8da52: TaskStarted(13,1044,None)
Sending msg to client play-fork-run-9181fc87-51ce-4eda-b8cc-343679f8da52: TaskFinished(13,1047,None,true,None)
Sending msg to client play-fork-run-9181fc87-51ce-4eda-b8cc-343679f8da52: TaskStarted(13,1045,Some(AttributeKey[scala.collection.Seq[scala.Tuple2[java.lang.String,java.io.File]]]("playAllAssets") in Scope(Build: file:/users/rbierman/Local/HTML-Documents/ScheduleGuru-Play/scheduleGuru/, , Project: ProjectReference(file:/users/rbierman/Local/HTML-Documents/ScheduleGuru-Play/scheduleGuru/,root))))
Sending msg to client play-fork-run-9181fc87-51ce-4eda-b8cc-343679f8da52: TaskStarted(13,1052,None)
Sending msg to client play-fork-run-9181fc87-51ce-4eda-b8cc-343679f8da52: TaskFinished(13,1027,Some(AttributeKey[scala.collection.Seq[sbt.ModuleID]]("projectDependencies") in Scope(Build: file:/users/rbierman/Local/HTML-Documents/ScheduleGuru-Play/scheduleGuru/, , Project: ProjectReference(file:/users/rbierman/Local/HTML-Documents/ScheduleGuru-Play/scheduleGuru/,root))),true,None)
Sending msg to client play-fork-run-9181fc87-51ce-4eda-b8cc-343679f8da52: TaskStarted(13,1026,Some(AttributeKey[scala.collection.Seq[sbt.ModuleID]]("allDependencies") in Scope(Build: file:/users/rbierman/Local/HTML-Documents/ScheduleGuru-Play/scheduleGuru/, , Project: ProjectReference(file:/users/rbierman/Local/HTML-Documents/ScheduleGuru-Play/scheduleGuru/,root))))
Sending msg to client play-fork-run-9181fc87-51ce-4eda-b8cc-343679f8da52: BackgroundJobLogEvent(1,LogMessage(info,JVM exiting, shutting down Play fork run ...))
Sending msg to client play-fork-run-9181fc87-51ce-4eda-b8cc-343679f8da52: BackgroundJobLogEvent(1,LogMessage(info,Play fork run already stopped ...))
Sending msg to client play-fork-run-9181fc87-51ce-4eda-b8cc-343679f8da52: TaskStarted(13,1054,None)
Sending msg to client play-fork-run-9181fc87-51ce-4eda-b8cc-343679f8da52: TaskStarted(13,1059,None)
Sending msg to client play-fork-run-9181fc87-51ce-4eda-b8cc-343679f8da52: TaskStarted(13,1060,None)
Sending msg to client play-fork-run-9181fc87-51ce-4eda-b8cc-343679f8da52: TaskStarted(13,1062,None)
Sending msg to client play-fork-run-9181fc87-51ce-4eda-b8cc-343679f8da52: TaskStarted(13,1064,None)
Sending msg to client play-fork-run-9181fc87-51ce-4eda-b8cc-343679f8da52: BackgroundJobLogEvent(1,LogMessage(info,Forked Play process exited with status 0))
Sending msg to client play-fork-run-9181fc87-51ce-4eda-b8cc-343679f8da52: TaskStarted(13,1065,None)
Sending msg to client play-fork-run-9181fc87-51ce-4eda-b8cc-343679f8da52: TaskFinished(13,1016,Some(AttributeKey[scala.collection.immutable.Map[sbt.ModuleID,sbt.SourcePosition]]("dependencyPositions") in Scope(Build: file:/users/rbierman/Local/HTML-Documents/ScheduleGuru-Play/scheduleGuru/, , Project: ProjectReference(file:/users/rbierman/Local/HTML-Documents/ScheduleGuru-Play/scheduleGuru/,root))),true,None)
Sending msg to client play-fork-run-9181fc87-51ce-4eda-b8cc-343679f8da52: TaskStarted(13,1015,Some(AttributeKey[sbt.UnresolvedWarningConfiguration]("unresolvedWarningConfiguration") in Scope(Build: file:/users/rbierman/Local/HTML-Documents/ScheduleGuru-Play/scheduleGuru/, , Project: ProjectReference(file:/users/rbierman/Local/HTML-Documents/ScheduleGuru-Play/scheduleGuru/,root), Task: AttributeKey[sbt.UpdateReport]("update"))))
Sending msg to client play-fork-run-9181fc87-51ce-4eda-b8cc-343679f8da52: TaskFinished(13,1045,Some(AttributeKey[scala.collection.Seq[scala.Tuple2[java.lang.String,java.io.File]]]("playAllAssets") in Scope(Build: file:/users/rbierman/Local/HTML-Documents/ScheduleGuru-Play/scheduleGuru/, , Project: ProjectReference(file:/users/rbierman/Local/HTML-Documents/ScheduleGuru-Play/scheduleGuru/,root))),true,None)
Sending msg to client play-fork-run-9181fc87-51ce-4eda-b8cc-343679f8da52: TaskFinished(13,1052,None,true,None)
Sending msg to client play-fork-run-9181fc87-51ce-4eda-b8cc-343679f8da52: TaskFinished(13,1010,None,true,None)
Sending msg to client play-fork-run-9181fc87-51ce-4eda-b8cc-343679f8da52: TaskFinished(13,1026,Some(AttributeKey[scala.collection.Seq[sbt.ModuleID]]("allDependencies") in Scope(Build: file:/users/rbierman/Local/HTML-Documents/ScheduleGuru-Play/scheduleGuru/, , Project: ProjectReference(file:/users/rbierman/Local/HTML-Documents/ScheduleGuru-Play/scheduleGuru/,root))),true,None)
Sending msg to client play-fork-run-9181fc87-51ce-4eda-b8cc-343679f8da52: TaskStarted(13,1025,Some(AttributeKey[sbt.ModuleSettings]("moduleSettings") in Scope(Build: file:/users/rbierman/Local/HTML-Documents/ScheduleGuru-Play/scheduleGuru/, , Project: ProjectReference(file:/users/rbierman/Local/HTML-Documents/ScheduleGuru-Play/scheduleGuru/,root))))
Sending msg to client play-fork-run-9181fc87-51ce-4eda-b8cc-343679f8da52: TaskFinished(13,1059,None,true,None)
Sending msg to client play-fork-run-9181fc87-51ce-4eda-b8cc-343679f8da52: TaskFinished(13,1054,None,true,None)
Sending msg to client play-fork-run-9181fc87-51ce-4eda-b8cc-343679f8da52: TaskStarted(13,1053,None)
Sending msg to client play-fork-run-9181fc87-51ce-4eda-b8cc-343679f8da52: TaskFinished(13,1062,None,true,None)
Sending msg to client play-fork-run-9181fc87-51ce-4eda-b8cc-343679f8da52: TaskStarted(13,1061,None)
Sending msg to client play-fork-run-9181fc87-51ce-4eda-b8cc-343679f8da52: TaskFinished(13,1064,None,true,None)
Sending msg to client play-fork-run-9181fc87-51ce-4eda-b8cc-343679f8da52: TaskFinished(13,1065,None,true,None)
Sending msg to client play-fork-run-9181fc87-51ce-4eda-b8cc-343679f8da52: TaskStarted(13,1063,Some(AttributeKey[scala.collection.Seq[sbt.Attributed[java.io.File]]]("unmanagedJars") in Scope(Build: file:/users/rbierman/Local/HTML-Documents/ScheduleGuru-Play/scheduleGuru/, , Project: ProjectReference(file:/users/rbierman/Local/HTML-Documents/ScheduleGuru-Play/scheduleGuru/,root), Config: runtime)))
Sending msg to client play-fork-run-9181fc87-51ce-4eda-b8cc-343679f8da52: TaskFinished(13,1015,Some(AttributeKey[sbt.UnresolvedWarningConfiguration]("unresolvedWarningConfiguration") in Scope(Build: file:/users/rbierman/Local/HTML-Documents/ScheduleGuru-Play/scheduleGuru/, , Project: ProjectReference(file:/users/rbierman/Local/HTML-Documents/ScheduleGuru-Play/scheduleGuru/,root), Task: AttributeKey[sbt.UpdateReport]("update"))),true,None)
Sending msg to client play-fork-run-9181fc87-51ce-4eda-b8cc-343679f8da52: TaskFinished(13,1053,None,true,None)
Sending msg to client play-fork-run-9181fc87-51ce-4eda-b8cc-343679f8da52: TaskFinished(13,1036,Some(AttributeKey[scala.collection.immutable.Map[org.apache.ivy.core.module.id.ModuleRevisionId,org.apache.ivy.core.module.descriptor.ModuleDescriptor]]("projectDescriptors") in Scope(Build: file:/users/rbierman/Local/HTML-Documents/ScheduleGuru-Play/scheduleGuru/, , Project: ProjectReference(file:/users/rbierman/Local/HTML-Documents/ScheduleGuru-Play/scheduleGuru/,root))),true,None)
Sending msg to client play-fork-run-9181fc87-51ce-4eda-b8cc-343679f8da52: TaskStarted(13,1035,Some(AttributeKey[sbt.Resolver]("projectResolver") in Scope(Build: file:/users/rbierman/Local/HTML-Documents/ScheduleGuru-Play/scheduleGuru/, , Project: ProjectReference(file:/users/rbierman/Local/HTML-Documents/ScheduleGuru-Play/scheduleGuru/,root))))
Sending msg to client play-fork-run-9181fc87-51ce-4eda-b8cc-343679f8da52: TaskFinished(13,1025,Some(AttributeKey[sbt.ModuleSettings]("moduleSettings") in Scope(Build: file:/users/rbierman/Local/HTML-Documents/ScheduleGuru-Play/scheduleGuru/, , Project: ProjectReference(file:/users/rbierman/Local/HTML-Documents/ScheduleGuru-Play/scheduleGuru/,root))),true,None)
Sending msg to client play-fork-run-9181fc87-51ce-4eda-b8cc-343679f8da52: TaskStarted(13,1066,None)
Sending msg to client play-fork-run-9181fc87-51ce-4eda-b8cc-343679f8da52: TaskFinished(13,1060,None,true,None)
Sending msg to client play-fork-run-9181fc87-51ce-4eda-b8cc-343679f8da52: TaskStarted(13,1058,Some(AttributeKey[scala.collection.Seq[sbt.Attributed[java.io.File]]]("unmanagedJars") in Scope(Build: file:/users/rbierman/Local/HTML-Documents/ScheduleGuru-Play/scheduleGuru/, , Project: ProjectReference(file:/users/rbierman/Local/HTML-Documents/ScheduleGuru-Play/scheduleGuru/,root), Config: compile)))
Sending msg to client play-fork-run-9181fc87-51ce-4eda-b8cc-343679f8da52: TaskFinished(13,1066,None,true,None)
Sending msg to client play-fork-run-9181fc87-51ce-4eda-b8cc-343679f8da52: TaskFinished(13,1061,None,true,None)
Sending msg to client play-fork-run-9181fc87-51ce-4eda-b8cc-343679f8da52: TaskFinished(13,1035,Some(AttributeKey[sbt.Resolver]("projectResolver") in Scope(Build: file:/users/rbierman/Local/HTML-Documents/ScheduleGuru-Play/scheduleGuru/, , Project: ProjectReference(file:/users/rbierman/Local/HTML-Documents/ScheduleGuru-Play/scheduleGuru/,root))),true,None)
Sending msg to client play-fork-run-9181fc87-51ce-4eda-b8cc-343679f8da52: TaskStarted(13,1033,Some(AttributeKey[scala.collection.Seq[sbt.Resolver]]("fullResolvers") in Scope(Build: file:/users/rbierman/Local/HTML-Documents/ScheduleGuru-Play/scheduleGuru/, , Project: ProjectReference(file:/users/rbierman/Local/HTML-Documents/ScheduleGuru-Play/scheduleGuru/,root))))
Sending msg to client play-fork-run-9181fc87-51ce-4eda-b8cc-343679f8da52: TaskFinished(13,1033,Some(AttributeKey[scala.collection.Seq[sbt.Resolver]]("fullResolvers") in Scope(Build: file:/users/rbierman/Local/HTML-Documents/ScheduleGuru-Play/scheduleGuru/, , Project: ProjectReference(file:/users/rbierman/Local/HTML-Documents/ScheduleGuru-Play/scheduleGuru/,root))),true,None)
Sending msg to client play-fork-run-9181fc87-51ce-4eda-b8cc-343679f8da52: TaskStarted(13,1031,Some(AttributeKey[sbt.IvyConfiguration]("ivyConfiguration") in Scope(Build: file:/users/rbierman/Local/HTML-Documents/ScheduleGuru-Play/scheduleGuru/, , Project: ProjectReference(file:/users/rbierman/Local/HTML-Documents/ScheduleGuru-Play/scheduleGuru/,root))))
Sending msg to client play-fork-run-9181fc87-51ce-4eda-b8cc-343679f8da52: TaskFinished(13,1063,Some(AttributeKey[scala.collection.Seq[sbt.Attributed[java.io.File]]]("unmanagedJars") in Scope(Build: file:/users/rbierman/Local/HTML-Documents/ScheduleGuru-Play/scheduleGuru/, , Project: ProjectReference(file:/users/rbierman/Local/HTML-Documents/ScheduleGuru-Play/scheduleGuru/,root), Config: runtime)),true,None)
Sending msg to client play-fork-run-9181fc87-51ce-4eda-b8cc-343679f8da52: TaskFinished(13,1031,Some(AttributeKey[sbt.IvyConfiguration]("ivyConfiguration") in Scope(Build: file:/users/rbierman/Local/HTML-Documents/ScheduleGuru-Play/scheduleGuru/, , Project: ProjectReference(file:/users/rbierman/Local/HTML-Documents/ScheduleGuru-Play/scheduleGuru/,root))),true,None)
Sending msg to client play-fork-run-9181fc87-51ce-4eda-b8cc-343679f8da52: TaskStarted(13,1028,Some(AttributeKey[sbt.IvySbt]("ivySbt") in Scope(Build: file:/users/rbierman/Local/HTML-Documents/ScheduleGuru-Play/scheduleGuru/, , Project: ProjectReference(file:/users/rbierman/Local/HTML-Documents/ScheduleGuru-Play/scheduleGuru/,root))))
Sending msg to client play-fork-run-9181fc87-51ce-4eda-b8cc-343679f8da52: BackgroundJobFinished(6,1)
Sending msg to client play-fork-run-9181fc87-51ce-4eda-b8cc-343679f8da52: DetachedLogEvent(LogMessage(debug,cancel strategy finish enabled=false lastCommand=Some(LastCommand(CommandExecutionWork(ExecutionId(13),{file:/users/rbierman/Local/HTML-Documents/ScheduleGuru-Play/scheduleGuru/}root/*:playForkConfig,Set(LiveClient(play-fork-run 9181fc87-51ce-4eda-b8cc-343679f8da52)),sbt.server.WorkCancellationStatus$$anon$1@6c6e6af7)))))
Sending msg to client play-fork-run-9181fc87-51ce-4eda-b8cc-343679f8da52: DetachedLogEvent(LogTrace(RuntimeException,Received TaskFinished for a task we don't know about TaskFinished(13,1028,Some(AttributeKey[sbt.IvySbt]("ivySbt") in Scope(Build: file:/users/rbierman/Local/HTML-Documents/ScheduleGuru-Play/scheduleGuru/, , Project: ProjectReference(file:/users/rbierman/Local/HTML-Documents/ScheduleGuru-Play/scheduleGuru/,root))),true,None)))
Sending msg to client play-fork-run-9181fc87-51ce-4eda-b8cc-343679f8da52: DetachedLogEvent(LogMessage(error,Received TaskFinished for a task we don't know about TaskFinished(13,1028,Some(AttributeKey[sbt.IvySbt]("ivySbt") in Scope(Build: file:/users/rbierman/Local/HTML-Documents/ScheduleGuru-Play/scheduleGuru/, , Project: ProjectReference(file:/users/rbierman/Local/HTML-Documents/ScheduleGuru-Play/scheduleGuru/,root))),true,None)))
Sending msg to client play-fork-run-9181fc87-51ce-4eda-b8cc-343679f8da52: DetachedLogEvent(LogMessage(error,Use 'last' for the full log.))
Sending msg to client play-fork-run-9181fc87-51ce-4eda-b8cc-343679f8da52: DetachedLogEvent(LogMessage(debug,> server-post-command-error-handler))
Sending msg to client play-fork-run-9181fc87-51ce-4eda-b8cc-343679f8da52: ExecutionFailure(13)
Sending msg to client play-fork-run-9181fc87-51ce-4eda-b8cc-343679f8da52: DetachedLogEvent(LogMessage(debug,> server-post-command-cleanup))
Sending msg to client play-fork-run-9181fc87-51ce-4eda-b8cc-343679f8da52: DetachedLogEvent(LogMessage(debug,> server-handle-next-server-request))
Sending msg to client play-fork-run-9181fc87-51ce-4eda-b8cc-343679f8da52: ExecutionWaiting(14,compile,ClientInfo(a0c36ed1-d71b-46a1-ada5-0ccb30e4d3b0,activator,Activator,1,Vector()))
Sending msg to client play-fork-run-9181fc87-51ce-4eda-b8cc-343679f8da52: ExecutionStarting(14)
Sending msg to client play-fork-run-9181fc87-51ce-4eda-b8cc-343679f8da52: DetachedLogEvent(LogMessage(debug,> compile))
Sending msg to client play-fork-run-9181fc87-51ce-4eda-b8cc-343679f8da52: DetachedLogEvent(LogMessage(debug,Evaluating tasks: compile:compile))
Sending msg to client play-fork-run-9181fc87-51ce-4eda-b8cc-343679f8da52: DetachedLogEvent(LogMessage(debug,Running task... Cancel: sbt.server.ServerTaskCancellation@4c7eea8c, check cycles: false))
Sending msg to client play-fork-run-9181fc87-51ce-4eda-b8cc-343679f8da52: DetachedLogEvent(LogMessage(debug,cancel strategy start enabled=true lastCommand=Some(LastCommand(CommandExecutionWork(ExecutionId(14),compile,Set(LiveClient(activator a0c36ed1-d71b-46a1-ada5-0ccb30e4d3b0)),sbt.server.WorkCancellationStatus$$anon$1@335268aa)))))
Sending msg to client play-fork-run-9181fc87-51ce-4eda-b8cc-343679f8da52: TaskStarted(14,1074,None)
Sending msg to client play-fork-run-9181fc87-51ce-4eda-b8cc-343679f8da52: DetachedLogEvent(LogMessage(debug,cancel strategy finish enabled=false lastCommand=Some(LastCommand(CommandExecutionWork(ExecutionId(14),compile,Set(LiveClient(activator a0c36ed1-d71b-46a1-ada5-0ccb30e4d3b0)),sbt.server.WorkCancellationStatus$$anon$1@335268aa)))))
Sending msg to client play-fork-run-9181fc87-51ce-4eda-b8cc-343679f8da52: DetachedLogEvent(LogTrace(RuntimeException,registered more than once? Task((taskDefinitionKey: ScopedKey(Scope(Select(ProjectRef(file:/users/rbierman/Local/HTML-Documents/ScheduleGuru-Play/scheduleGuru/,root)),Select(ConfigKey(compile)),Global,Global),classpathConfiguration)))))
Sending msg to client play-fork-run-9181fc87-51ce-4eda-b8cc-343679f8da52: DetachedLogEvent(LogMessage(error,registered more than once? Task((taskDefinitionKey: ScopedKey(Scope(Select(ProjectRef(file:/users/rbierman/Local/HTML-Documents/ScheduleGuru-Play/scheduleGuru/,root)),Select(ConfigKey(compile)),Global,Global),classpathConfiguration)))))
Sending msg to client play-fork-run-9181fc87-51ce-4eda-b8cc-343679f8da52: DetachedLogEvent(LogMessage(error,Use 'last' for the full log.))
Sending msg to client play-fork-run-9181fc87-51ce-4eda-b8cc-343679f8da52: DetachedLogEvent(LogMessage(debug,> server-post-command-error-handler))
Sending msg to client play-fork-run-9181fc87-51ce-4eda-b8cc-343679f8da52: ExecutionFailure(14)
Sending msg to client play-fork-run-9181fc87-51ce-4eda-b8cc-343679f8da52: DetachedLogEvent(LogMessage(debug,> server-post-command-cleanup))
Sending msg to client play-fork-run-9181fc87-51ce-4eda-b8cc-343679f8da52: DetachedLogEvent(LogMessage(debug,> server-handle-next-server-request))
Sending msg to client play-fork-run-9181fc87-51ce-4eda-b8cc-343679f8da52: ExecutionWaiting(15,compile,ClientInfo(a0c36ed1-d71b-46a1-ada5-0ccb30e4d3b0,activator,Activator,1,Vector()))
Sending msg to client play-fork-run-9181fc87-51ce-4eda-b8cc-343679f8da52: ExecutionStarting(15)
Sending msg to client play-fork-run-9181fc87-51ce-4eda-b8cc-343679f8da52: DetachedLogEvent(LogMessage(debug,> compile))
Sending msg to client play-fork-run-9181fc87-51ce-4eda-b8cc-343679f8da52: DetachedLogEvent(LogMessage(debug,Evaluating tasks: compile:compile))
Sending msg to client play-fork-run-9181fc87-51ce-4eda-b8cc-343679f8da52: DetachedLogEvent(LogMessage(debug,Running task... Cancel: sbt.server.ServerTaskCancellation@31ab2148, check cycles: false))
Sending msg to client play-fork-run-9181fc87-51ce-4eda-b8cc-343679f8da52: DetachedLogEvent(LogMessage(debug,cancel strategy start enabled=true lastCommand=Some(LastCommand(CommandExecutionWork(ExecutionId(15),compile,Set(LiveClient(activator a0c36ed1-d71b-46a1-ada5-0ccb30e4d3b0)),sbt.server.WorkCancellationStatus$$anon$1@12a2f9e3)))))
Sending msg to client play-fork-run-9181fc87-51ce-4eda-b8cc-343679f8da52: DetachedLogEvent(LogMessage(debug,cancel strategy finish enabled=false lastCommand=Some(LastCommand(CommandExecutionWork(ExecutionId(15),compile,Set(LiveClient(activator a0c36ed1-d71b-46a1-ada5-0ccb30e4d3b0)),sbt.server.WorkCancellationStatus$$anon$1@12a2f9e3)))))
Sending msg to client play-fork-run-9181fc87-51ce-4eda-b8cc-343679f8da52: DetachedLogEvent(LogTrace(RuntimeException,registered more than once? Task((taskDefinitionKey: ScopedKey(Scope(Select(ProjectRef(file:/users/rbierman/Local/HTML-Documents/ScheduleGuru-Play/scheduleGuru/,root)),Select(ConfigKey(compile)),Global,Global),compile)))))
Sending msg to client play-fork-run-9181fc87-51ce-4eda-b8cc-343679f8da52: DetachedLogEvent(LogMessage(error,registered more than once? Task((taskDefinitionKey: ScopedKey(Scope(Select(ProjectRef(file:/users/rbierman/Local/HTML-Documents/ScheduleGuru-Play/scheduleGuru/,root)),Select(ConfigKey(compile)),Global,Global),compile)))))
Sending msg to client play-fork-run-9181fc87-51ce-4eda-b8cc-343679f8da52: DetachedLogEvent(LogMessage(error,Use 'last' for the full log.))
Sending msg to client play-fork-run-9181fc87-51ce-4eda-b8cc-343679f8da52: DetachedLogEvent(LogMessage(debug,> server-post-command-error-handler))
Sending msg to client play-fork-run-9181fc87-51ce-4eda-b8cc-343679f8da52: ExecutionFailure(15)
Sending msg to client play-fork-run-9181fc87-51ce-4eda-b8cc-343679f8da52: DetachedLogEvent(LogMessage(debug,> server-post-command-cleanup))
Sending msg to client play-fork-run-9181fc87-51ce-4eda-b8cc-343679f8da52: DetachedLogEvent(LogMessage(debug,> server-handle-next-server-request))
Sending msg to client play-fork-run-9181fc87-51ce-4eda-b8cc-343679f8da52: ExecutionWaiting(16,jobStop 2,ClientInfo(a0c36ed1-d71b-46a1-ada5-0ccb30e4d3b0,activator,Activator,1,Vector()))
Sending msg to client play-fork-run-9181fc87-51ce-4eda-b8cc-343679f8da52: ExecutionStarting(16)
Sending msg to client play-fork-run-9181fc87-51ce-4eda-b8cc-343679f8da52: DetachedLogEvent(LogMessage(debug,> jobStop 2))
Sending msg to client play-fork-run-9181fc87-51ce-4eda-b8cc-343679f8da52: DetachedLogEvent(LogMessage(debug,Evaluating tasks: *:jobStop))
Sending msg to client play-fork-run-9181fc87-51ce-4eda-b8cc-343679f8da52: DetachedLogEvent(LogMessage(debug,Running task... Cancel: sbt.server.ServerTaskCancellation@34c5d57a, check cycles: false))
Sending msg to client play-fork-run-9181fc87-51ce-4eda-b8cc-343679f8da52: DetachedLogEvent(LogMessage(debug,cancel strategy start enabled=true lastCommand=Some(LastCommand(CommandExecutionWork(ExecutionId(16),jobStop 2,Set(LiveClient(activator a0c36ed1-d71b-46a1-ada5-0ccb30e4d3b0)),sbt.server.WorkCancellationStatus$$anon$1@562c7661)))))
Sending msg to client play-fork-run-9181fc87-51ce-4eda-b8cc-343679f8da52: TaskStarted(16,1083,Some(AttributeKey[void]("jobStop") in Scope(Global)))
Sending msg to client play-fork-run-9181fc87-51ce-4eda-b8cc-343679f8da52: TaskFinished(16,1083,Some(AttributeKey[void]("jobStop") in Scope(Global)),true,None)
Sending msg to client play-fork-run-9181fc87-51ce-4eda-b8cc-343679f8da52: TaskStarted(16,1082,None)
Sending msg to client play-fork-run-9181fc87-51ce-4eda-b8cc-343679f8da52: TaskFinished(16,1082,None,true,None)
Sending msg to client play-fork-run-9181fc87-51ce-4eda-b8cc-343679f8da52: TaskStarted(16,1081,None)
Sending msg to client play-fork-run-9181fc87-51ce-4eda-b8cc-343679f8da52: TaskFinished(16,1081,None,true,None)
Sending msg to client play-fork-run-9181fc87-51ce-4eda-b8cc-343679f8da52: BackgroundJobLogEvent(2,LogMessage(info,Stopping Play fork run ...))
Got request: UnlistenToEvents()
Reading next message from client.
Sending msg to client play-fork-run-9181fc87-51ce-4eda-b8cc-343679f8da52: (8,ReceivedResponse())
Got request: UnlistenToValue(AttributeKey[play.forkrun.protocol.ForkConfig]("playForkConfig") in Scope(Build: file:/users/rbierman/Local/HTML-Documents/ScheduleGuru-Play/scheduleGuru/, , Project: ProjectReference(file:/users/rbierman/Local/HTML-Documents/ScheduleGuru-Play/scheduleGuru/,root)))
Reading next message from client.
Client play-fork-run-9181fc87-51ce-4eda-b8cc-343679f8da52 EOF, shutting down.
Stopping client.
Client play-fork-run-9181fc87-51ce-4eda-b8cc-343679f8da52 thread exiting.
Dropping message (9,ReceivedResponse()) to dead client play-fork-run-9181fc87-51ce-4eda-b8cc-343679f8da52
Dropping message (0,ReceivedResponse()) to dead client play-fork-run-9181fc87-51ce-4eda-b8cc-343679f8da52
