New log file opened at Sun May 03 17:03:40 CDT 2015 by 29625@dias11.cs.trinity.edu
Sending msg to client play-fork-run-ab4dbcdb-f784-4752-b46d-333e9cd54cfa: DetachedLogEvent(LogMessage(debug,sbt server socket logs are in: /users/rbierman/Local/HTML-Documents/ScheduleGuru-Play/scheduleGuru/.sbtserver/connections/master.log))
Sending msg to client play-fork-run-ab4dbcdb-f784-4752-b46d-333e9cd54cfa: DetachedLogEvent(LogMessage(debug,sbt general server logs are in: /users/rbierman/Local/HTML-Documents/ScheduleGuru-Play/scheduleGuru/.sbtserver/master.log))
Sending msg to client play-fork-run-ab4dbcdb-f784-4752-b46d-333e9cd54cfa: DetachedLogEvent(LogMessage(debug,sbt client logs are in: /users/rbierman/Local/HTML-Documents/ScheduleGuru-Play/scheduleGuru/.sbtserver/connections/play-fork-run-ab4dbcdb-f784-4752-b46d-333e9cd54cfa.log))
Reading next message from client.
Got request: DaemonRequest(true)
Reading next message from client.
Sending msg to client play-fork-run-ab4dbcdb-f784-4752-b46d-333e9cd54cfa: (3,ReceivedResponse())
Got request: ListenToEvents()
Reading next message from client.
Sending msg to client play-fork-run-ab4dbcdb-f784-4752-b46d-333e9cd54cfa: ExecutionWaiting(144,compile,ClientInfo(a0c36ed1-d71b-46a1-ada5-0ccb30e4d3b0,activator,Activator,1,Vector()))
Sending msg to client play-fork-run-ab4dbcdb-f784-4752-b46d-333e9cd54cfa: ExecutionStarting(144)
Sending msg to client play-fork-run-ab4dbcdb-f784-4752-b46d-333e9cd54cfa: TaskStarted(144,10513,Some(AttributeKey[sbt.compiler.IC$Result]("compileIncremental") in Scope(Build: file:/users/rbierman/Local/HTML-Documents/ScheduleGuru-Play/scheduleGuru/, , Project: ProjectReference(file:/users/rbierman/Local/HTML-Documents/ScheduleGuru-Play/scheduleGuru/,root), Config: compile)))
Sending msg to client play-fork-run-ab4dbcdb-f784-4752-b46d-333e9cd54cfa: BackgroundJobStarted(143,BackgroundJobInfo(23,backgroundRun,AttributeKey[sbt.BackgroundJobHandle]("backgroundRun") in Scope(Build: file:/users/rbierman/Local/HTML-Documents/ScheduleGuru-Play/scheduleGuru/, , Project: ProjectReference(file:/users/rbierman/Local/HTML-Documents/ScheduleGuru-Play/scheduleGuru/,root), Config: compile)))
Sending msg to client play-fork-run-ab4dbcdb-f784-4752-b46d-333e9cd54cfa: BackgroundJobStarted(137,BackgroundJobInfo(22,backgroundRun,AttributeKey[sbt.BackgroundJobHandle]("backgroundRun") in Scope(Build: file:/users/rbierman/Local/HTML-Documents/ScheduleGuru-Play/scheduleGuru/, , Project: ProjectReference(file:/users/rbierman/Local/HTML-Documents/ScheduleGuru-Play/scheduleGuru/,root), Config: compile)))
Sending msg to client play-fork-run-ab4dbcdb-f784-4752-b46d-333e9cd54cfa: (4,ReceivedResponse())
Got request: KeyLookupRequest(root/playForkConfig)
Reading next message from client.
Sending msg to client play-fork-run-ab4dbcdb-f784-4752-b46d-333e9cd54cfa: (5,KeyLookupResponse(root/playForkConfig,Vector(AttributeKey[play.forkrun.protocol.ForkConfig]("playForkConfig") in Scope(Build: file:/users/rbierman/Local/HTML-Documents/ScheduleGuru-Play/scheduleGuru/, , Project: ProjectReference(file:/users/rbierman/Local/HTML-Documents/ScheduleGuru-Play/scheduleGuru/,root)))))
Got request: ListenToValue(AttributeKey[play.forkrun.protocol.ForkConfig]("playForkConfig") in Scope(Build: file:/users/rbierman/Local/HTML-Documents/ScheduleGuru-Play/scheduleGuru/, , Project: ProjectReference(file:/users/rbierman/Local/HTML-Documents/ScheduleGuru-Play/scheduleGuru/,root)))
Reading next message from client.
Sending msg to client play-fork-run-ab4dbcdb-f784-4752-b46d-333e9cd54cfa: (6,ReceivedResponse())
Got request: KeyExecutionRequest(AttributeKey[play.forkrun.protocol.ForkConfig]("playForkConfig") in Scope(Build: file:/users/rbierman/Local/HTML-Documents/ScheduleGuru-Play/scheduleGuru/, , Project: ProjectReference(file:/users/rbierman/Local/HTML-Documents/ScheduleGuru-Play/scheduleGuru/,root)))
Reading next message from client.
Sending msg to client play-fork-run-ab4dbcdb-f784-4752-b46d-333e9cd54cfa: (7,ExecutionRequestReceived(145))
Sending msg to client play-fork-run-ab4dbcdb-f784-4752-b46d-333e9cd54cfa: ExecutionWaiting(145,{file:/users/rbierman/Local/HTML-Documents/ScheduleGuru-Play/scheduleGuru/}root/*:playForkConfig,ClientInfo(ab4dbcdb-f784-4752-b46d-333e9cd54cfa,play-fork-run,Play Fork Run,1,Vector()))
Sending msg to client play-fork-run-ab4dbcdb-f784-4752-b46d-333e9cd54cfa: TaskLogEvent(10513,LogMessage(debug,Scala compilation took 1.147292719 s))
Sending msg to client play-fork-run-ab4dbcdb-f784-4752-b46d-333e9cd54cfa: TaskLogEvent(10513,LogMessage(debug,New invalidations:
	Set()))
Sending msg to client play-fork-run-ab4dbcdb-f784-4752-b46d-333e9cd54cfa: TaskLogEvent(10513,LogMessage(debug,Initial set of included nodes: Set()))
Sending msg to client play-fork-run-ab4dbcdb-f784-4752-b46d-333e9cd54cfa: TaskLogEvent(10513,LogMessage(debug,Previously invalidated, but (transitively) depend on new invalidations:
	Set()))
Sending msg to client play-fork-run-ab4dbcdb-f784-4752-b46d-333e9cd54cfa: TaskLogEvent(10513,LogMessage(debug,All newly invalidated sources after taking into account (previously) recompiled sources:Set()))
Sending msg to client play-fork-run-ab4dbcdb-f784-4752-b46d-333e9cd54cfa: TaskFinished(144,10513,Some(AttributeKey[sbt.compiler.IC$Result]("compileIncremental") in Scope(Build: file:/users/rbierman/Local/HTML-Documents/ScheduleGuru-Play/scheduleGuru/, , Project: ProjectReference(file:/users/rbierman/Local/HTML-Documents/ScheduleGuru-Play/scheduleGuru/,root), Config: compile)),true,None)
Sending msg to client play-fork-run-ab4dbcdb-f784-4752-b46d-333e9cd54cfa: TaskStarted(144,10512,Some(AttributeKey[sbt.compiler.IC$Result]("manipulateBytecode") in Scope(Build: file:/users/rbierman/Local/HTML-Documents/ScheduleGuru-Play/scheduleGuru/, , Project: ProjectReference(file:/users/rbierman/Local/HTML-Documents/ScheduleGuru-Play/scheduleGuru/,root), Config: compile)))
Sending msg to client play-fork-run-ab4dbcdb-f784-4752-b46d-333e9cd54cfa: TaskFinished(144,10512,Some(AttributeKey[sbt.compiler.IC$Result]("manipulateBytecode") in Scope(Build: file:/users/rbierman/Local/HTML-Documents/ScheduleGuru-Play/scheduleGuru/, , Project: ProjectReference(file:/users/rbierman/Local/HTML-Documents/ScheduleGuru-Play/scheduleGuru/,root), Config: compile)),true,None)
Sending msg to client play-fork-run-ab4dbcdb-f784-4752-b46d-333e9cd54cfa: TaskStarted(144,10511,Some(AttributeKey[sbt.inc.Analysis]("compile") in Scope(Build: file:/users/rbierman/Local/HTML-Documents/ScheduleGuru-Play/scheduleGuru/, , Project: ProjectReference(file:/users/rbierman/Local/HTML-Documents/ScheduleGuru-Play/scheduleGuru/,root), Config: compile)))
Sending msg to client play-fork-run-ab4dbcdb-f784-4752-b46d-333e9cd54cfa: TaskFinished(144,10511,Some(AttributeKey[sbt.inc.Analysis]("compile") in Scope(Build: file:/users/rbierman/Local/HTML-Documents/ScheduleGuru-Play/scheduleGuru/, , Project: ProjectReference(file:/users/rbierman/Local/HTML-Documents/ScheduleGuru-Play/scheduleGuru/,root), Config: compile)),true,None)
Sending msg to client play-fork-run-ab4dbcdb-f784-4752-b46d-333e9cd54cfa: TaskStarted(144,10423,Some(AttributeKey[sbt.inc.Analysis]("compile") in Scope(Build: file:/users/rbierman/Local/HTML-Documents/ScheduleGuru-Play/scheduleGuru/, , Project: ProjectReference(file:/users/rbierman/Local/HTML-Documents/ScheduleGuru-Play/scheduleGuru/,root), Config: compile)))
Sending msg to client play-fork-run-ab4dbcdb-f784-4752-b46d-333e9cd54cfa: TaskFinished(144,10423,Some(AttributeKey[sbt.inc.Analysis]("compile") in Scope(Build: file:/users/rbierman/Local/HTML-Documents/ScheduleGuru-Play/scheduleGuru/, , Project: ProjectReference(file:/users/rbierman/Local/HTML-Documents/ScheduleGuru-Play/scheduleGuru/,root), Config: compile)),true,None)
Sending msg to client play-fork-run-ab4dbcdb-f784-4752-b46d-333e9cd54cfa: TaskStarted(144,10422,None)
Sending msg to client play-fork-run-ab4dbcdb-f784-4752-b46d-333e9cd54cfa: TaskStarted(144,10538,Some(AttributeKey[scala.collection.Seq[java.lang.String]]("discoveredMainClasses") in Scope(Build: file:/users/rbierman/Local/HTML-Documents/ScheduleGuru-Play/scheduleGuru/, , Project: ProjectReference(file:/users/rbierman/Local/HTML-Documents/ScheduleGuru-Play/scheduleGuru/,root), Config: compile)))
Sending msg to client play-fork-run-ab4dbcdb-f784-4752-b46d-333e9cd54cfa: TaskFinished(144,10422,None,true,None)
Sending msg to client play-fork-run-ab4dbcdb-f784-4752-b46d-333e9cd54cfa: TaskStarted(144,10421,None)
Sending msg to client play-fork-run-ab4dbcdb-f784-4752-b46d-333e9cd54cfa: TaskFinished(144,10421,None,true,None)
Sending msg to client play-fork-run-ab4dbcdb-f784-4752-b46d-333e9cd54cfa: TaskFinished(144,10538,Some(AttributeKey[scala.collection.Seq[java.lang.String]]("discoveredMainClasses") in Scope(Build: file:/users/rbierman/Local/HTML-Documents/ScheduleGuru-Play/scheduleGuru/, , Project: ProjectReference(file:/users/rbierman/Local/HTML-Documents/ScheduleGuru-Play/scheduleGuru/,root), Config: compile)),true,None)
Sending msg to client play-fork-run-ab4dbcdb-f784-4752-b46d-333e9cd54cfa: DetachedLogEvent(LogMessage(debug,cancel strategy finish enabled=false lastCommand=Some(LastCommand(CommandExecutionWork(ExecutionId(144),compile,Set(LiveClient(activator a0c36ed1-d71b-46a1-ada5-0ccb30e4d3b0)),sbt.server.WorkCancellationStatus$$anon$1@7af974cc)))))
Sending msg to client play-fork-run-ab4dbcdb-f784-4752-b46d-333e9cd54cfa: DetachedLogEvent(LogSuccess(Total time: 1 s, completed May 3, 2015 5:03:41 PM))
Sending msg to client play-fork-run-ab4dbcdb-f784-4752-b46d-333e9cd54cfa: DetachedLogEvent(LogMessage(debug,> server-post-command-cleanup))
Sending msg to client play-fork-run-ab4dbcdb-f784-4752-b46d-333e9cd54cfa: ExecutionSuccess(144)
Sending msg to client play-fork-run-ab4dbcdb-f784-4752-b46d-333e9cd54cfa: DetachedLogEvent(LogMessage(debug,> server-handle-next-server-request))
Sending msg to client play-fork-run-ab4dbcdb-f784-4752-b46d-333e9cd54cfa: ExecutionStarting(145)
Sending msg to client play-fork-run-ab4dbcdb-f784-4752-b46d-333e9cd54cfa: DetachedLogEvent(LogMessage(debug,> {file:/users/rbierman/Local/HTML-Documents/ScheduleGuru-Play/scheduleGuru/}root/*:playForkConfig))
Sending msg to client play-fork-run-ab4dbcdb-f784-4752-b46d-333e9cd54cfa: DetachedLogEvent(LogMessage(debug,Evaluating tasks: *:playForkConfig))
Sending msg to client play-fork-run-ab4dbcdb-f784-4752-b46d-333e9cd54cfa: DetachedLogEvent(LogMessage(debug,Running task... Cancel: sbt.server.ServerTaskCancellation@665991fa, check cycles: false))
Sending msg to client play-fork-run-ab4dbcdb-f784-4752-b46d-333e9cd54cfa: DetachedLogEvent(LogMessage(debug,cancel strategy start enabled=true lastCommand=Some(LastCommand(CommandExecutionWork(ExecutionId(145),{file:/users/rbierman/Local/HTML-Documents/ScheduleGuru-Play/scheduleGuru/}root/*:playForkConfig,Set(LiveClient(play-fork-run ab4dbcdb-f784-4752-b46d-333e9cd54cfa)),sbt.server.WorkCancellationStatus$$anon$1@49b832f7)))))
Sending msg to client play-fork-run-ab4dbcdb-f784-4752-b46d-333e9cd54cfa: TaskStarted(145,10544,None)
Sending msg to client play-fork-run-ab4dbcdb-f784-4752-b46d-333e9cd54cfa: TaskStarted(145,10557,None)
Sending msg to client play-fork-run-ab4dbcdb-f784-4752-b46d-333e9cd54cfa: TaskStarted(145,10558,None)
Sending msg to client play-fork-run-ab4dbcdb-f784-4752-b46d-333e9cd54cfa: TaskStarted(145,10562,Some(AttributeKey[java.lang.String]("updateCacheName") in Scope(Build: file:/users/rbierman/Local/HTML-Documents/ScheduleGuru-Play/scheduleGuru/, , Project: ProjectReference(file:/users/rbierman/Local/HTML-Documents/ScheduleGuru-Play/scheduleGuru/,root))))
Sending msg to client play-fork-run-ab4dbcdb-f784-4752-b46d-333e9cd54cfa: TaskStarted(145,10563,Some(AttributeKey[boolean]("skip") in Scope(Global)))
Sending msg to client play-fork-run-ab4dbcdb-f784-4752-b46d-333e9cd54cfa: TaskStarted(145,10565,None)
Sending msg to client play-fork-run-ab4dbcdb-f784-4752-b46d-333e9cd54cfa: TaskStarted(145,10566,None)
Sending msg to client play-fork-run-ab4dbcdb-f784-4752-b46d-333e9cd54cfa: TaskStarted(145,10573,Some(AttributeKey[scala.collection.Seq[sbt.Credentials]]("credentials") in Scope(Global)))
Sending msg to client play-fork-run-ab4dbcdb-f784-4752-b46d-333e9cd54cfa: TaskStarted(145,10578,Some(AttributeKey[scala.Option[scala.collection.Seq[sbt.Resolver]]]("bootResolvers") in Scope(Build: file:/users/rbierman/Local/HTML-Documents/ScheduleGuru-Play/scheduleGuru/, , Project: ProjectReference(file:/users/rbierman/Local/HTML-Documents/ScheduleGuru-Play/scheduleGuru/,root))))
Sending msg to client play-fork-run-ab4dbcdb-f784-4752-b46d-333e9cd54cfa: TaskStarted(145,10582,Some(AttributeKey[scala.collection.Seq[sbt.Resolver]]("externalResolvers") in Scope(Build: file:/users/rbierman/Local/HTML-Documents/ScheduleGuru-Play/scheduleGuru/, , Project: ProjectReference(file:/users/rbierman/Local/HTML-Documents/ScheduleGuru-Play/scheduleGuru/,root))))
Sending msg to client play-fork-run-ab4dbcdb-f784-4752-b46d-333e9cd54cfa: TaskStarted(145,10584,None)
Sending msg to client play-fork-run-ab4dbcdb-f784-4752-b46d-333e9cd54cfa: TaskStarted(145,10585,None)
Sending msg to client play-fork-run-ab4dbcdb-f784-4752-b46d-333e9cd54cfa: TaskStarted(145,10590,Some(AttributeKey[scala.Tuple2[java.lang.String,java.io.File]]("playPrefixAndAssets") in Scope(Build: file:/users/rbierman/Local/HTML-Documents/ScheduleGuru-Play/scheduleGuru/, , Project: ProjectReference(file:/users/rbierman/Local/HTML-Documents/ScheduleGuru-Play/scheduleGuru/,root))))
Sending msg to client play-fork-run-ab4dbcdb-f784-4752-b46d-333e9cd54cfa: TaskStarted(145,10594,Some(AttributeKey[scala.collection.Seq[java.lang.String]]("javaOptions") in Scope(Global)))
Sending msg to client play-fork-run-ab4dbcdb-f784-4752-b46d-333e9cd54cfa: TaskFinished(145,10544,None,true,None)
Sending msg to client play-fork-run-ab4dbcdb-f784-4752-b46d-333e9cd54cfa: TaskStarted(145,10543,None)
Sending msg to client play-fork-run-ab4dbcdb-f784-4752-b46d-333e9cd54cfa: TaskStarted(145,10547,None)
Sending msg to client play-fork-run-ab4dbcdb-f784-4752-b46d-333e9cd54cfa: TaskStarted(145,10561,None)
Sending msg to client play-fork-run-ab4dbcdb-f784-4752-b46d-333e9cd54cfa: TaskStarted(145,10567,None)
Sending msg to client play-fork-run-ab4dbcdb-f784-4752-b46d-333e9cd54cfa: TaskStarted(145,10574,None)
Sending msg to client play-fork-run-ab4dbcdb-f784-4752-b46d-333e9cd54cfa: TaskStarted(145,10576,None)
Sending msg to client play-fork-run-ab4dbcdb-f784-4752-b46d-333e9cd54cfa: TaskStarted(145,10581,None)
Sending msg to client play-fork-run-ab4dbcdb-f784-4752-b46d-333e9cd54cfa: TaskStarted(145,10587,None)
Sending msg to client play-fork-run-ab4dbcdb-f784-4752-b46d-333e9cd54cfa: TaskFinished(145,10557,None,true,None)
Sending msg to client play-fork-run-ab4dbcdb-f784-4752-b46d-333e9cd54cfa: TaskStarted(145,10556,Some(AttributeKey[sbt.BuildStructure]("buildStructure") in Scope(Global)))
Sending msg to client play-fork-run-ab4dbcdb-f784-4752-b46d-333e9cd54cfa: TaskStarted(145,10583,Some(AttributeKey[java.io.File]("dependencyCacheDirectory") in Scope(Build: file:/users/rbierman/Local/HTML-Documents/ScheduleGuru-Play/scheduleGuru/, , Project: ProjectReference(file:/users/rbierman/Local/HTML-Documents/ScheduleGuru-Play/scheduleGuru/,root))))
Sending msg to client play-fork-run-ab4dbcdb-f784-4752-b46d-333e9cd54cfa: TaskStarted(145,10595,Some(AttributeKey[scala.collection.Seq[java.lang.String]]("playMonitoredFiles") in Scope(Build: file:/users/rbierman/Local/HTML-Documents/ScheduleGuru-Play/scheduleGuru/, , Project: ProjectReference(file:/users/rbierman/Local/HTML-Documents/ScheduleGuru-Play/scheduleGuru/,root))))
Sending msg to client play-fork-run-ab4dbcdb-f784-4752-b46d-333e9cd54cfa: TaskFinished(145,10558,None,true,None)
Sending msg to client play-fork-run-ab4dbcdb-f784-4752-b46d-333e9cd54cfa: TaskFinished(145,10562,Some(AttributeKey[java.lang.String]("updateCacheName") in Scope(Build: file:/users/rbierman/Local/HTML-Documents/ScheduleGuru-Play/scheduleGuru/, , Project: ProjectReference(file:/users/rbierman/Local/HTML-Documents/ScheduleGuru-Play/scheduleGuru/,root))),true,None)
Sending msg to client play-fork-run-ab4dbcdb-f784-4752-b46d-333e9cd54cfa: TaskFinished(145,10563,Some(AttributeKey[boolean]("skip") in Scope(Global)),true,None)
Sending msg to client play-fork-run-ab4dbcdb-f784-4752-b46d-333e9cd54cfa: TaskFinished(145,10565,None,true,None)
Sending msg to client play-fork-run-ab4dbcdb-f784-4752-b46d-333e9cd54cfa: TaskFinished(145,10566,None,true,None)
Sending msg to client play-fork-run-ab4dbcdb-f784-4752-b46d-333e9cd54cfa: TaskStarted(145,10564,Some(AttributeKey[scala.collection.Seq[sbt.UpdateReport]]("transitiveUpdate") in Scope(Build: file:/users/rbierman/Local/HTML-Documents/ScheduleGuru-Play/scheduleGuru/, , Project: ProjectReference(file:/users/rbierman/Local/HTML-Documents/ScheduleGuru-Play/scheduleGuru/,root))))
Sending msg to client play-fork-run-ab4dbcdb-f784-4752-b46d-333e9cd54cfa: TaskFinished(145,10573,Some(AttributeKey[scala.collection.Seq[sbt.Credentials]]("credentials") in Scope(Global)),true,None)
Sending msg to client play-fork-run-ab4dbcdb-f784-4752-b46d-333e9cd54cfa: TaskFinished(145,10578,Some(AttributeKey[scala.Option[scala.collection.Seq[sbt.Resolver]]]("bootResolvers") in Scope(Build: file:/users/rbierman/Local/HTML-Documents/ScheduleGuru-Play/scheduleGuru/, , Project: ProjectReference(file:/users/rbierman/Local/HTML-Documents/ScheduleGuru-Play/scheduleGuru/,root))),true,None)
Sending msg to client play-fork-run-ab4dbcdb-f784-4752-b46d-333e9cd54cfa: TaskFinished(145,10582,Some(AttributeKey[scala.collection.Seq[sbt.Resolver]]("externalResolvers") in Scope(Build: file:/users/rbierman/Local/HTML-Documents/ScheduleGuru-Play/scheduleGuru/, , Project: ProjectReference(file:/users/rbierman/Local/HTML-Documents/ScheduleGuru-Play/scheduleGuru/,root))),true,None)
Sending msg to client play-fork-run-ab4dbcdb-f784-4752-b46d-333e9cd54cfa: TaskFinished(145,10584,None,true,None)
Sending msg to client play-fork-run-ab4dbcdb-f784-4752-b46d-333e9cd54cfa: TaskFinished(145,10585,None,true,None)
Sending msg to client play-fork-run-ab4dbcdb-f784-4752-b46d-333e9cd54cfa: TaskFinished(145,10590,Some(AttributeKey[scala.Tuple2[java.lang.String,java.io.File]]("playPrefixAndAssets") in Scope(Build: file:/users/rbierman/Local/HTML-Documents/ScheduleGuru-Play/scheduleGuru/, , Project: ProjectReference(file:/users/rbierman/Local/HTML-Documents/ScheduleGuru-Play/scheduleGuru/,root))),true,None)
Sending msg to client play-fork-run-ab4dbcdb-f784-4752-b46d-333e9cd54cfa: TaskStarted(145,10592,None)
Sending msg to client play-fork-run-ab4dbcdb-f784-4752-b46d-333e9cd54cfa: TaskFinished(145,10594,Some(AttributeKey[scala.collection.Seq[java.lang.String]]("javaOptions") in Scope(Global)),true,None)
Sending msg to client play-fork-run-ab4dbcdb-f784-4752-b46d-333e9cd54cfa: TaskFinished(145,10543,None,true,None)
Sending msg to client play-fork-run-ab4dbcdb-f784-4752-b46d-333e9cd54cfa: TaskFinished(145,10547,None,true,None)
Sending msg to client play-fork-run-ab4dbcdb-f784-4752-b46d-333e9cd54cfa: TaskFinished(145,10567,None,true,None)
Sending msg to client play-fork-run-ab4dbcdb-f784-4752-b46d-333e9cd54cfa: TaskFinished(145,10574,None,true,None)
Sending msg to client play-fork-run-ab4dbcdb-f784-4752-b46d-333e9cd54cfa: TaskFinished(145,10576,None,true,None)
Sending msg to client play-fork-run-ab4dbcdb-f784-4752-b46d-333e9cd54cfa: TaskFinished(145,10587,None,true,None)
Sending msg to client play-fork-run-ab4dbcdb-f784-4752-b46d-333e9cd54cfa: TaskFinished(145,10561,None,true,None)
Sending msg to client play-fork-run-ab4dbcdb-f784-4752-b46d-333e9cd54cfa: TaskStarted(145,10560,Some(AttributeKey[scala.collection.immutable.Map[sbt.ModuleID,sbt.SourcePosition]]("dependencyPositions") in Scope(Build: file:/users/rbierman/Local/HTML-Documents/ScheduleGuru-Play/scheduleGuru/, , Project: ProjectReference(file:/users/rbierman/Local/HTML-Documents/ScheduleGuru-Play/scheduleGuru/,root))))
Sending msg to client play-fork-run-ab4dbcdb-f784-4752-b46d-333e9cd54cfa: TaskFinished(145,10581,None,true,None)
Sending msg to client play-fork-run-ab4dbcdb-f784-4752-b46d-333e9cd54cfa: TaskFinished(145,10556,Some(AttributeKey[sbt.BuildStructure]("buildStructure") in Scope(Global)),true,None)
Sending msg to client play-fork-run-ab4dbcdb-f784-4752-b46d-333e9cd54cfa: TaskStarted(145,10555,Some(AttributeKey[sbt.Settings[sbt.Scope]]("settingsData") in Scope(Global)))
Sending msg to client play-fork-run-ab4dbcdb-f784-4752-b46d-333e9cd54cfa: TaskFinished(145,10583,Some(AttributeKey[java.io.File]("dependencyCacheDirectory") in Scope(Build: file:/users/rbierman/Local/HTML-Documents/ScheduleGuru-Play/scheduleGuru/, , Project: ProjectReference(file:/users/rbierman/Local/HTML-Documents/ScheduleGuru-Play/scheduleGuru/,root))),true,None)
Sending msg to client play-fork-run-ab4dbcdb-f784-4752-b46d-333e9cd54cfa: TaskFinished(145,10564,Some(AttributeKey[scala.collection.Seq[sbt.UpdateReport]]("transitiveUpdate") in Scope(Build: file:/users/rbierman/Local/HTML-Documents/ScheduleGuru-Play/scheduleGuru/, , Project: ProjectReference(file:/users/rbierman/Local/HTML-Documents/ScheduleGuru-Play/scheduleGuru/,root))),true,None)
Sending msg to client play-fork-run-ab4dbcdb-f784-4752-b46d-333e9cd54cfa: TaskFinished(145,10595,Some(AttributeKey[scala.collection.Seq[java.lang.String]]("playMonitoredFiles") in Scope(Build: file:/users/rbierman/Local/HTML-Documents/ScheduleGuru-Play/scheduleGuru/, , Project: ProjectReference(file:/users/rbierman/Local/HTML-Documents/ScheduleGuru-Play/scheduleGuru/,root))),true,None)
Sending msg to client play-fork-run-ab4dbcdb-f784-4752-b46d-333e9cd54cfa: ExecutionWaiting(146,jobStop 22,ClientInfo(a0c36ed1-d71b-46a1-ada5-0ccb30e4d3b0,activator,Activator,1,Vector()))
Sending msg to client play-fork-run-ab4dbcdb-f784-4752-b46d-333e9cd54cfa: ExecutionWaiting(147,jobStop 23,ClientInfo(a0c36ed1-d71b-46a1-ada5-0ccb30e4d3b0,activator,Activator,1,Vector()))
Sending msg to client play-fork-run-ab4dbcdb-f784-4752-b46d-333e9cd54cfa: TaskFinished(145,10592,None,true,None)
Sending msg to client play-fork-run-ab4dbcdb-f784-4752-b46d-333e9cd54cfa: TaskStarted(145,10591,None)
Sending msg to client play-fork-run-ab4dbcdb-f784-4752-b46d-333e9cd54cfa: DetachedLogEvent(LogMessage(debug,cancel strategy cancel() with enabled=true lastCommand=Some(LastCommand(CommandExecutionWork(ExecutionId(145),{file:/users/rbierman/Local/HTML-Documents/ScheduleGuru-Play/scheduleGuru/}root/*:playForkConfig,Set(LiveClient(play-fork-run ab4dbcdb-f784-4752-b46d-333e9cd54cfa)),sbt.server.WorkCancellationStatus$$anon$1@49b832f7)))))
Sending msg to client play-fork-run-ab4dbcdb-f784-4752-b46d-333e9cd54cfa: TaskFinished(145,10555,Some(AttributeKey[sbt.Settings[sbt.Scope]]("settingsData") in Scope(Global)),true,None)
Sending msg to client play-fork-run-ab4dbcdb-f784-4752-b46d-333e9cd54cfa: TaskLogEvent(10560,LogStdOut())
Sending msg to client play-fork-run-ab4dbcdb-f784-4752-b46d-333e9cd54cfa: TaskStarted(145,10554,None)
Sending msg to client play-fork-run-ab4dbcdb-f784-4752-b46d-333e9cd54cfa: TaskStarted(145,10571,Some(AttributeKey[scala.collection.Seq[sbt.ModuleID]]("projectDependencies") in Scope(Build: file:/users/rbierman/Local/HTML-Documents/ScheduleGuru-Play/scheduleGuru/, , Project: ProjectReference(file:/users/rbierman/Local/HTML-Documents/ScheduleGuru-Play/scheduleGuru/,root))))
Sending msg to client play-fork-run-ab4dbcdb-f784-4752-b46d-333e9cd54cfa: TaskStarted(145,10580,Some(AttributeKey[scala.collection.immutable.Map[org.apache.ivy.core.module.id.ModuleRevisionId,org.apache.ivy.core.module.descriptor.ModuleDescriptor]]("projectDescriptors") in Scope(Build: file:/users/rbierman/Local/HTML-Documents/ScheduleGuru-Play/scheduleGuru/, , Project: ProjectReference(file:/users/rbierman/Local/HTML-Documents/ScheduleGuru-Play/scheduleGuru/,root))))
Sending msg to client play-fork-run-ab4dbcdb-f784-4752-b46d-333e9cd54cfa: TaskStarted(145,10588,None)
Sending msg to client play-fork-run-ab4dbcdb-f784-4752-b46d-333e9cd54cfa: TaskFinished(145,10591,None,true,None)
Sending msg to client play-fork-run-ab4dbcdb-f784-4752-b46d-333e9cd54cfa: TaskStarted(145,10589,Some(AttributeKey[scala.collection.Seq[scala.Tuple2[java.lang.String,java.io.File]]]("playAllAssets") in Scope(Build: file:/users/rbierman/Local/HTML-Documents/ScheduleGuru-Play/scheduleGuru/, , Project: ProjectReference(file:/users/rbierman/Local/HTML-Documents/ScheduleGuru-Play/scheduleGuru/,root))))
Sending msg to client play-fork-run-ab4dbcdb-f784-4752-b46d-333e9cd54cfa: TaskStarted(145,10596,None)
Sending msg to client play-fork-run-ab4dbcdb-f784-4752-b46d-333e9cd54cfa: TaskFinished(145,10571,Some(AttributeKey[scala.collection.Seq[sbt.ModuleID]]("projectDependencies") in Scope(Build: file:/users/rbierman/Local/HTML-Documents/ScheduleGuru-Play/scheduleGuru/, , Project: ProjectReference(file:/users/rbierman/Local/HTML-Documents/ScheduleGuru-Play/scheduleGuru/,root))),true,None)
Sending msg to client play-fork-run-ab4dbcdb-f784-4752-b46d-333e9cd54cfa: TaskLogEvent(10560,LogMessage(warn,Canceling execution...))
Sending msg to client play-fork-run-ab4dbcdb-f784-4752-b46d-333e9cd54cfa: TaskStarted(145,10570,Some(AttributeKey[scala.collection.Seq[sbt.ModuleID]]("allDependencies") in Scope(Build: file:/users/rbierman/Local/HTML-Documents/ScheduleGuru-Play/scheduleGuru/, , Project: ProjectReference(file:/users/rbierman/Local/HTML-Documents/ScheduleGuru-Play/scheduleGuru/,root))))
Sending msg to client play-fork-run-ab4dbcdb-f784-4752-b46d-333e9cd54cfa: DetachedLogEvent(LogMessage(debug,cancel strategy finish enabled=false lastCommand=Some(LastCommand(CommandExecutionWork(ExecutionId(145),{file:/users/rbierman/Local/HTML-Documents/ScheduleGuru-Play/scheduleGuru/}root/*:playForkConfig,Set(LiveClient(play-fork-run ab4dbcdb-f784-4752-b46d-333e9cd54cfa)),sbt.server.WorkCancellationStatus$$anon$1@49b832f7)))))
Sending msg to client play-fork-run-ab4dbcdb-f784-4752-b46d-333e9cd54cfa: ExecutionWaiting(148,backgroundRun,ClientInfo(a0c36ed1-d71b-46a1-ada5-0ccb30e4d3b0,activator,Activator,1,Vector()))
Sending msg to client play-fork-run-ab4dbcdb-f784-4752-b46d-333e9cd54cfa: DetachedLogEvent(LogTrace(RejectedExecutionException,Task java.util.concurrent.ExecutorCompletionService$QueueingFuture@178595db rejected from java.util.concurrent.ThreadPoolExecutor@423a3f14[Terminated, pool size = 0, active threads = 0, queued tasks = 0, completed tasks = 36]))
Sending msg to client play-fork-run-ab4dbcdb-f784-4752-b46d-333e9cd54cfa: DetachedLogEvent(LogMessage(error,java.util.concurrent.RejectedExecutionException: Task java.util.concurrent.ExecutorCompletionService$QueueingFuture@178595db rejected from java.util.concurrent.ThreadPoolExecutor@423a3f14[Terminated, pool size = 0, active threads = 0, queued tasks = 0, completed tasks = 36]))
Sending msg to client play-fork-run-ab4dbcdb-f784-4752-b46d-333e9cd54cfa: DetachedLogEvent(LogMessage(error,Use 'last' for the full log.))
Sending msg to client play-fork-run-ab4dbcdb-f784-4752-b46d-333e9cd54cfa: DetachedLogEvent(LogMessage(debug,> server-post-command-error-handler))
Sending msg to client play-fork-run-ab4dbcdb-f784-4752-b46d-333e9cd54cfa: ExecutionFailure(145)
Sending msg to client play-fork-run-ab4dbcdb-f784-4752-b46d-333e9cd54cfa: DetachedLogEvent(LogMessage(debug,> server-post-command-cleanup))
Sending msg to client play-fork-run-ab4dbcdb-f784-4752-b46d-333e9cd54cfa: DetachedLogEvent(LogMessage(debug,> server-handle-next-server-request))
Sending msg to client play-fork-run-ab4dbcdb-f784-4752-b46d-333e9cd54cfa: ExecutionStarting(146)
Sending msg to client play-fork-run-ab4dbcdb-f784-4752-b46d-333e9cd54cfa: DetachedLogEvent(LogMessage(debug,> jobStop 22))
Sending msg to client play-fork-run-ab4dbcdb-f784-4752-b46d-333e9cd54cfa: DetachedLogEvent(LogMessage(debug,Evaluating tasks: *:jobStop))
Sending msg to client play-fork-run-ab4dbcdb-f784-4752-b46d-333e9cd54cfa: DetachedLogEvent(LogMessage(debug,Running task... Cancel: sbt.server.ServerTaskCancellation@34f0c783, check cycles: false))
Sending msg to client play-fork-run-ab4dbcdb-f784-4752-b46d-333e9cd54cfa: DetachedLogEvent(LogMessage(debug,cancel strategy start enabled=true lastCommand=Some(LastCommand(CommandExecutionWork(ExecutionId(146),jobStop 22,Set(LiveClient(activator a0c36ed1-d71b-46a1-ada5-0ccb30e4d3b0)),sbt.server.WorkCancellationStatus$$anon$1@3b78c5d4)))))
Sending msg to client play-fork-run-ab4dbcdb-f784-4752-b46d-333e9cd54cfa: TaskStarted(146,10599,Some(AttributeKey[void]("jobStop") in Scope(Global)))
Sending msg to client play-fork-run-ab4dbcdb-f784-4752-b46d-333e9cd54cfa: BackgroundJobFinished(137,22)
Sending msg to client play-fork-run-ab4dbcdb-f784-4752-b46d-333e9cd54cfa: DetachedLogEvent(LogStdErr(Exception in thread "sbt-bg-threads-21" java.lang.Error: java.lang.InterruptedException: sleep interrupted))
Sending msg to client play-fork-run-ab4dbcdb-f784-4752-b46d-333e9cd54cfa: DetachedLogEvent(LogStdErr(	at java.util.concurrent.ThreadPoolExecutor.runWorker(ThreadPoolExecutor.java:1148)))
Sending msg to client play-fork-run-ab4dbcdb-f784-4752-b46d-333e9cd54cfa: DetachedLogEvent(LogStdErr(	at java.util.concurrent.ThreadPoolExecutor$Worker.run(ThreadPoolExecutor.java:617)))
Sending msg to client play-fork-run-ab4dbcdb-f784-4752-b46d-333e9cd54cfa: DetachedLogEvent(LogStdErr(	at java.lang.Thread.run(Thread.java:745)))
Sending msg to client play-fork-run-ab4dbcdb-f784-4752-b46d-333e9cd54cfa: DetachedLogEvent(LogStdErr(Caused by: java.lang.InterruptedException: sleep interrupted))
Sending msg to client play-fork-run-ab4dbcdb-f784-4752-b46d-333e9cd54cfa: DetachedLogEvent(LogStdErr(	at java.lang.Thread.sleep(Native Method)))
Sending msg to client play-fork-run-ab4dbcdb-f784-4752-b46d-333e9cd54cfa: DetachedLogEvent(LogStdErr(	at play.sbt.forkrun.PlayForkProcess$.timedWaitFor$1(PlayForkProcess.scala:57)))
Sending msg to client play-fork-run-ab4dbcdb-f784-4752-b46d-333e9cd54cfa: DetachedLogEvent(LogStdErr(	at play.sbt.forkrun.PlayForkProcess$.play$sbt$forkrun$PlayForkProcess$$stop$1(PlayForkProcess.scala:64)))
Sending msg to client play-fork-run-ab4dbcdb-f784-4752-b46d-333e9cd54cfa: DetachedLogEvent(LogStdErr(	at play.sbt.forkrun.PlayForkProcess$.run(PlayForkProcess.scala:82)))
Sending msg to client play-fork-run-ab4dbcdb-f784-4752-b46d-333e9cd54cfa: DetachedLogEvent(LogStdErr(	at play.sbt.forkrun.PlayForkProcess$.apply(PlayForkProcess.scala:34)))
Sending msg to client play-fork-run-ab4dbcdb-f784-4752-b46d-333e9cd54cfa: TaskFinished(146,10599,Some(AttributeKey[void]("jobStop") in Scope(Global)),true,None)
Sending msg to client play-fork-run-ab4dbcdb-f784-4752-b46d-333e9cd54cfa: DetachedLogEvent(LogStdErr(	at play.sbt.forkrun.PlayForkRun$$anonfun$backgroundForkRunTask$1$$anonfun$apply$7$$anonfun$apply$8$$anonfun$apply$9.apply(PlayForkRun.scala:108)))
Sending msg to client play-fork-run-ab4dbcdb-f784-4752-b46d-333e9cd54cfa: DetachedLogEvent(LogStdErr(	at play.sbt.forkrun.PlayForkRun$$anonfun$backgroundForkRunTask$1$$anonfun$apply$7$$anonfun$apply$8$$anonfun$apply$9.apply(PlayForkRun.scala:107)))
Sending msg to client play-fork-run-ab4dbcdb-f784-4752-b46d-333e9cd54cfa: DetachedLogEvent(LogStdErr(	at sbt.BackgroundThreadPool$$anonfun$1.apply$mcV$sp(AbstractBackgroundJobService.scala:134)))
Sending msg to client play-fork-run-ab4dbcdb-f784-4752-b46d-333e9cd54cfa: DetachedLogEvent(LogStdErr(	at sbt.BackgroundThreadPool$BackgroundRunnable.run(AbstractBackgroundJobService.scala:68)))
Sending msg to client play-fork-run-ab4dbcdb-f784-4752-b46d-333e9cd54cfa: DetachedLogEvent(LogStdErr(	at java.util.concurrent.ThreadPoolExecutor.runWorker(ThreadPoolExecutor.java:1142)))
Sending msg to client play-fork-run-ab4dbcdb-f784-4752-b46d-333e9cd54cfa: DetachedLogEvent(LogStdErr(	... 2 more))
Sending msg to client play-fork-run-ab4dbcdb-f784-4752-b46d-333e9cd54cfa: TaskStarted(146,10598,None)
Sending msg to client play-fork-run-ab4dbcdb-f784-4752-b46d-333e9cd54cfa: TaskFinished(146,10598,None,true,None)
Sending msg to client play-fork-run-ab4dbcdb-f784-4752-b46d-333e9cd54cfa: TaskStarted(146,10597,None)
Sending msg to client play-fork-run-ab4dbcdb-f784-4752-b46d-333e9cd54cfa: TaskFinished(146,10597,None,true,None)
Sending msg to client play-fork-run-ab4dbcdb-f784-4752-b46d-333e9cd54cfa: DetachedLogEvent(LogMessage(debug,cancel strategy finish enabled=false lastCommand=Some(LastCommand(CommandExecutionWork(ExecutionId(146),jobStop 22,Set(LiveClient(activator a0c36ed1-d71b-46a1-ada5-0ccb30e4d3b0)),sbt.server.WorkCancellationStatus$$anon$1@3b78c5d4)))))
Sending msg to client play-fork-run-ab4dbcdb-f784-4752-b46d-333e9cd54cfa: DetachedLogEvent(LogSuccess(Total time: 0 s, completed May 3, 2015 5:03:41 PM))
Sending msg to client play-fork-run-ab4dbcdb-f784-4752-b46d-333e9cd54cfa: DetachedLogEvent(LogMessage(debug,> server-post-command-cleanup))
Sending msg to client play-fork-run-ab4dbcdb-f784-4752-b46d-333e9cd54cfa: ExecutionSuccess(146)
Sending msg to client play-fork-run-ab4dbcdb-f784-4752-b46d-333e9cd54cfa: DetachedLogEvent(LogMessage(debug,> server-handle-next-server-request))
Sending msg to client play-fork-run-ab4dbcdb-f784-4752-b46d-333e9cd54cfa: ExecutionStarting(147)
Sending msg to client play-fork-run-ab4dbcdb-f784-4752-b46d-333e9cd54cfa: DetachedLogEvent(LogMessage(debug,> jobStop 23))
Sending msg to client play-fork-run-ab4dbcdb-f784-4752-b46d-333e9cd54cfa: DetachedLogEvent(LogMessage(debug,Evaluating tasks: *:jobStop))
Sending msg to client play-fork-run-ab4dbcdb-f784-4752-b46d-333e9cd54cfa: DetachedLogEvent(LogMessage(debug,Running task... Cancel: sbt.server.ServerTaskCancellation@70a4299d, check cycles: false))
Sending msg to client play-fork-run-ab4dbcdb-f784-4752-b46d-333e9cd54cfa: DetachedLogEvent(LogMessage(debug,cancel strategy start enabled=true lastCommand=Some(LastCommand(CommandExecutionWork(ExecutionId(147),jobStop 23,Set(LiveClient(activator a0c36ed1-d71b-46a1-ada5-0ccb30e4d3b0)),sbt.server.WorkCancellationStatus$$anon$1@249bcb)))))
Sending msg to client play-fork-run-ab4dbcdb-f784-4752-b46d-333e9cd54cfa: TaskStarted(147,10602,Some(AttributeKey[void]("jobStop") in Scope(Global)))
Sending msg to client play-fork-run-ab4dbcdb-f784-4752-b46d-333e9cd54cfa: BackgroundJobLogEvent(23,LogMessage(info,Stopping Play fork run ...))
Sending msg to client play-fork-run-ab4dbcdb-f784-4752-b46d-333e9cd54cfa: TaskFinished(147,10602,Some(AttributeKey[void]("jobStop") in Scope(Global)),true,None)
Sending msg to client play-fork-run-ab4dbcdb-f784-4752-b46d-333e9cd54cfa: TaskStarted(147,10601,None)
Sending msg to client play-fork-run-ab4dbcdb-f784-4752-b46d-333e9cd54cfa: TaskFinished(147,10601,None,true,None)
Sending msg to client play-fork-run-ab4dbcdb-f784-4752-b46d-333e9cd54cfa: TaskStarted(147,10600,None)
Sending msg to client play-fork-run-ab4dbcdb-f784-4752-b46d-333e9cd54cfa: TaskFinished(147,10600,None,true,None)
Sending msg to client play-fork-run-ab4dbcdb-f784-4752-b46d-333e9cd54cfa: DetachedLogEvent(LogMessage(debug,cancel strategy finish enabled=false lastCommand=Some(LastCommand(CommandExecutionWork(ExecutionId(147),jobStop 23,Set(LiveClient(activator a0c36ed1-d71b-46a1-ada5-0ccb30e4d3b0)),sbt.server.WorkCancellationStatus$$anon$1@249bcb)))))
Sending msg to client play-fork-run-ab4dbcdb-f784-4752-b46d-333e9cd54cfa: DetachedLogEvent(LogSuccess(Total time: 0 s, completed May 3, 2015 5:03:41 PM))
Sending msg to client play-fork-run-ab4dbcdb-f784-4752-b46d-333e9cd54cfa: DetachedLogEvent(LogMessage(debug,> server-post-command-cleanup))
Sending msg to client play-fork-run-ab4dbcdb-f784-4752-b46d-333e9cd54cfa: ExecutionSuccess(147)
Sending msg to client play-fork-run-ab4dbcdb-f784-4752-b46d-333e9cd54cfa: DetachedLogEvent(LogMessage(debug,> server-handle-next-server-request))
Sending msg to client play-fork-run-ab4dbcdb-f784-4752-b46d-333e9cd54cfa: ExecutionStarting(148)
Sending msg to client play-fork-run-ab4dbcdb-f784-4752-b46d-333e9cd54cfa: DetachedLogEvent(LogMessage(debug,> backgroundRun))
Got request: UnlistenToEvents()
Reading next message from client.
Sending msg to client play-fork-run-ab4dbcdb-f784-4752-b46d-333e9cd54cfa: (8,ReceivedResponse())
Got request: UnlistenToValue(AttributeKey[play.forkrun.protocol.ForkConfig]("playForkConfig") in Scope(Build: file:/users/rbierman/Local/HTML-Documents/ScheduleGuru-Play/scheduleGuru/, , Project: ProjectReference(file:/users/rbierman/Local/HTML-Documents/ScheduleGuru-Play/scheduleGuru/,root)))
Reading next message from client.
Client play-fork-run-ab4dbcdb-f784-4752-b46d-333e9cd54cfa closed, java.net.SocketException: Connection reset, shutting down
Stopping client.
Client play-fork-run-ab4dbcdb-f784-4752-b46d-333e9cd54cfa thread exiting.
Dropping message (9,ReceivedResponse()) to dead client play-fork-run-ab4dbcdb-f784-4752-b46d-333e9cd54cfa
Dropping message (0,ReceivedResponse()) to dead client play-fork-run-ab4dbcdb-f784-4752-b46d-333e9cd54cfa
